[ 2017-11-07T16:49:36+08:00 ] 127.0.0.1 /index.php/Home/Car/index/catid/3
INFO: [ app_begin ] --START--
INFO: Run Behavior\ReadHtmlCache [ RunTime:0.000000s ]
INFO: Run Behavior\ReadHtmlCache [ RunTime:0.000000s ]
INFO: Run Behavior\CheckLang [ RunTime:0.002000s ]
INFO: [ app_begin ] --END-- [ RunTime:0.002000s ]
INFO: [ action_begin ] --START--
INFO: [ action_begin ] --END-- [ RunTime:0.000000s ]
NOTIC: [8192] mysql_connect(): The mysql extension is deprecated and will be removed in the future: use mysqli or PDO instead D:\phpStudy\WWW\buniessProject\Firame\Library\Think\Db\Driver\Mysql.class.php 第 53 行.
SQL: SHOW COLUMNS FROM `yw_articles` [ RunTime:0.001000s ]
SQL: SELECT * FROM yw_articles as a LEFT JOIN yw_images as b ON ( a.id=b.article_id  ) WHERE (a.category_id=3) ORDER BY a.sort desc,a.id desc LIMIT 7 [ RunTime:0.001000s ]
SQL: SHOW COLUMNS FROM `yw_images` [ RunTime:0.001000s ]
SQL: SELECT `img_url` FROM `yw_images` WHERE ( article_id=3 )  [ RunTime:0.001000s ]
INFO: [ view_begin ] --START--
INFO: [ view_begin ] --END-- [ RunTime:0.000000s ]
INFO: [ view_parse ] --START--
INFO: Run Behavior\ParseTemplate [ RunTime:0.056003s ]
INFO: [ view_parse ] --END-- [ RunTime:0.056003s ]
INFO: [ view_filter ] --START--
INFO: Run Behavior\WriteHtmlCache [ RunTime:0.000000s ]
INFO: [ view_filter ] --END-- [ RunTime:0.000000s ]
INFO: [ view_end ] --START--
INFO: [ view_end ] --END-- [ RunTime:0.000000s ]
INFO: [ app_end ] --START--
INFO: Run Behavior\ShowPageTrace [ RunTime:0.000000s ]
INFO: [ app_end ] --END-- [ RunTime:0.000000s ]

[ 2017-11-07T16:49:58+08:00 ] 127.0.0.1 /index.php/Home/Car/index/catid/3
INFO: [ app_begin ] --START--
INFO: Run Behavior\ReadHtmlCache [ RunTime:0.000000s ]
INFO: Run Behavior\ReadHtmlCache [ RunTime:0.000000s ]
INFO: Run Behavior\CheckLang [ RunTime:0.001001s ]
INFO: [ app_begin ] --END-- [ RunTime:0.002001s ]
INFO: [ action_begin ] --START--
INFO: [ action_begin ] --END-- [ RunTime:0.000000s ]
NOTIC: [8192] mysql_connect(): The mysql extension is deprecated and will be removed in the future: use mysqli or PDO instead D:\phpStudy\WWW\buniessProject\Firame\Library\Think\Db\Driver\Mysql.class.php 第 53 行.
SQL: SHOW COLUMNS FROM `yw_articles` [ RunTime:0.001000s ]
SQL: SELECT * FROM yw_articles as a LEFT JOIN yw_images as b ON ( a.id=b.article_id  ) WHERE (a.category_id=3) ORDER BY a.sort desc,a.id desc LIMIT 7 [ RunTime:0.003001s ]
SQL: SHOW COLUMNS FROM `yw_images` [ RunTime:0.001000s ]
SQL: SELECT `img_url` FROM `yw_images` WHERE ( article_id=3 )  [ RunTime:0.000000s ]
INFO: [ view_begin ] --START--
INFO: [ view_begin ] --END-- [ RunTime:0.000000s ]
INFO: [ view_parse ] --START--
INFO: Run Behavior\ParseTemplate [ RunTime:0.086005s ]
INFO: [ view_parse ] --END-- [ RunTime:0.086005s ]
INFO: [ view_filter ] --START--
INFO: Run Behavior\WriteHtmlCache [ RunTime:0.000000s ]
INFO: [ view_filter ] --END-- [ RunTime:0.000000s ]
INFO: [ view_end ] --START--
INFO: [ view_end ] --END-- [ RunTime:0.000000s ]
INFO: [ app_end ] --START--
INFO: Run Behavior\ShowPageTrace [ RunTime:0.000000s ]
INFO: [ app_end ] --END-- [ RunTime:0.000000s ]

[ 2017-11-07T16:50:13+08:00 ] 127.0.0.1 /index.php/Home/Car/index/catid/3
INFO: [ app_begin ] --START--
INFO: Run Behavior\ReadHtmlCache [ RunTime:0.000000s ]
INFO: Run Behavior\ReadHtmlCache [ RunTime:0.000000s ]
INFO: Run Behavior\CheckLang [ RunTime:0.001000s ]
INFO: [ app_begin ] --END-- [ RunTime:0.002000s ]
INFO: [ action_begin ] --START--
INFO: [ action_begin ] --END-- [ RunTime:0.000000s ]
NOTIC: [8192] mysql_connect(): The mysql extension is deprecated and will be removed in the future: use mysqli or PDO instead D:\phpStudy\WWW\buniessProject\Firame\Library\Think\Db\Driver\Mysql.class.php 第 53 行.
SQL: SHOW COLUMNS FROM `yw_articles` [ RunTime:0.000000s ]
SQL: SELECT * FROM yw_articles as a LEFT JOIN yw_images as b ON ( a.id=b.article_id  ) WHERE (a.category_id=3) ORDER BY a.sort desc,a.id desc LIMIT 7 [ RunTime:0.000000s ]
SQL: SHOW COLUMNS FROM `yw_images` [ RunTime:0.001000s ]
SQL: SELECT `img_url` FROM `yw_images` WHERE ( article_id=3 )  [ RunTime:0.001000s ]
INFO: [ view_begin ] --START--
INFO: [ view_begin ] --END-- [ RunTime:0.000000s ]
INFO: [ view_parse ] --START--
INFO: Run Behavior\ParseTemplate [ RunTime:0.054003s ]
INFO: [ view_parse ] --END-- [ RunTime:0.054003s ]
INFO: [ view_filter ] --START--
INFO: Run Behavior\WriteHtmlCache [ RunTime:0.000000s ]
INFO: [ view_filter ] --END-- [ RunTime:0.000000s ]
INFO: [ view_end ] --START--
INFO: [ view_end ] --END-- [ RunTime:0.000000s ]
INFO: [ app_end ] --START--
INFO: Run Behavior\ShowPageTrace [ RunTime:0.000000s ]
INFO: [ app_end ] --END-- [ RunTime:0.000000s ]

[ 2017-11-07T16:50:25+08:00 ] 127.0.0.1 /index.php/Home/Car/index/catid/3
INFO: [ app_begin ] --START--
INFO: Run Behavior\ReadHtmlCache [ RunTime:0.000000s ]
INFO: Run Behavior\ReadHtmlCache [ RunTime:0.000000s ]
INFO: Run Behavior\CheckLang [ RunTime:0.001000s ]
INFO: [ app_begin ] --END-- [ RunTime:0.001000s ]
INFO: [ action_begin ] --START--
INFO: [ action_begin ] --END-- [ RunTime:0.000000s ]
NOTIC: [8192] mysql_connect(): The mysql extension is deprecated and will be removed in the future: use mysqli or PDO instead D:\phpStudy\WWW\buniessProject\Firame\Library\Think\Db\Driver\Mysql.class.php 第 53 行.
SQL: SHOW COLUMNS FROM `yw_articles` [ RunTime:0.001000s ]
SQL: SELECT * FROM yw_articles as a LEFT JOIN yw_images as b ON ( a.id=b.article_id  ) WHERE (a.category_id=3) ORDER BY a.sort desc,a.id desc LIMIT 7 [ RunTime:0.001000s ]
SQL: SHOW COLUMNS FROM `yw_images` [ RunTime:0.001000s ]
SQL: SELECT `img_url` FROM `yw_images` WHERE ( article_id=3 )  [ RunTime:0.000000s ]
INFO: [ view_begin ] --START--
INFO: [ view_begin ] --END-- [ RunTime:0.000000s ]
INFO: [ view_parse ] --START--
INFO: Run Behavior\ParseTemplate [ RunTime:0.074004s ]
INFO: [ view_parse ] --END-- [ RunTime:0.074004s ]
INFO: [ view_filter ] --START--
INFO: Run Behavior\WriteHtmlCache [ RunTime:0.000000s ]
INFO: [ view_filter ] --END-- [ RunTime:0.000000s ]
INFO: [ view_end ] --START--
INFO: [ view_end ] --END-- [ RunTime:0.000000s ]
INFO: [ app_end ] --START--
INFO: Run Behavior\ShowPageTrace [ RunTime:0.000000s ]
INFO: [ app_end ] --END-- [ RunTime:0.000000s ]

[ 2017-11-07T16:50:56+08:00 ] 127.0.0.1 /index.php/Home/Car/index/catid/3
INFO: [ app_begin ] --START--
INFO: Run Behavior\ReadHtmlCache [ RunTime:0.000000s ]
INFO: Run Behavior\ReadHtmlCache [ RunTime:0.000000s ]
INFO: Run Behavior\CheckLang [ RunTime:0.001000s ]
INFO: [ app_begin ] --END-- [ RunTime:0.002001s ]
INFO: [ action_begin ] --START--
INFO: [ action_begin ] --END-- [ RunTime:0.000000s ]
NOTIC: [8192] mysql_connect(): The mysql extension is deprecated and will be removed in the future: use mysqli or PDO instead D:\phpStudy\WWW\buniessProject\Firame\Library\Think\Db\Driver\Mysql.class.php 第 53 行.
SQL: SHOW COLUMNS FROM `yw_articles` [ RunTime:0.001000s ]
SQL: SELECT * FROM yw_articles as a LEFT JOIN yw_images as b ON ( a.id=b.article_id  ) WHERE (a.category_id=3) ORDER BY a.sort desc,a.id desc LIMIT 7 [ RunTime:0.001000s ]
SQL: SHOW COLUMNS FROM `yw_images` [ RunTime:0.001000s ]
SQL: SELECT `img_url` FROM `yw_images` WHERE ( article_id=3 )  [ RunTime:0.000000s ]
INFO: [ view_begin ] --START--
INFO: [ view_begin ] --END-- [ RunTime:0.000000s ]
INFO: [ view_parse ] --START--
INFO: Run Behavior\ParseTemplate [ RunTime:0.059004s ]
INFO: [ view_parse ] --END-- [ RunTime:0.059004s ]
INFO: [ view_filter ] --START--
INFO: Run Behavior\WriteHtmlCache [ RunTime:0.000000s ]
INFO: [ view_filter ] --END-- [ RunTime:0.000000s ]
INFO: [ view_end ] --START--
INFO: [ view_end ] --END-- [ RunTime:0.000000s ]
INFO: [ app_end ] --START--
INFO: Run Behavior\ShowPageTrace [ RunTime:0.000000s ]
INFO: [ app_end ] --END-- [ RunTime:0.000000s ]

[ 2017-11-07T16:50:57+08:00 ] 127.0.0.1 /index.php/Home/Car/index/catid/3
INFO: [ app_begin ] --START--
INFO: Run Behavior\ReadHtmlCache [ RunTime:0.001000s ]
INFO: Run Behavior\ReadHtmlCache [ RunTime:0.000000s ]
INFO: Run Behavior\CheckLang [ RunTime:0.001000s ]
INFO: [ app_begin ] --END-- [ RunTime:0.002000s ]
INFO: [ action_begin ] --START--
INFO: [ action_begin ] --END-- [ RunTime:0.000000s ]
NOTIC: [8192] mysql_connect(): The mysql extension is deprecated and will be removed in the future: use mysqli or PDO instead D:\phpStudy\WWW\buniessProject\Firame\Library\Think\Db\Driver\Mysql.class.php 第 53 行.
SQL: SHOW COLUMNS FROM `yw_articles` [ RunTime:0.001000s ]
SQL: SELECT * FROM yw_articles as a LEFT JOIN yw_images as b ON ( a.id=b.article_id  ) WHERE (a.category_id=3) ORDER BY a.sort desc,a.id desc LIMIT 7 [ RunTime:0.001000s ]
SQL: SHOW COLUMNS FROM `yw_images` [ RunTime:0.001000s ]
SQL: SELECT `img_url` FROM `yw_images` WHERE ( article_id=3 )  [ RunTime:0.001001s ]
INFO: [ view_begin ] --START--
INFO: [ view_begin ] --END-- [ RunTime:0.000000s ]
INFO: [ view_parse ] --START--
INFO: Run Behavior\ParseTemplate [ RunTime:0.009000s ]
INFO: [ view_parse ] --END-- [ RunTime:0.009000s ]
INFO: [ view_filter ] --START--
INFO: Run Behavior\WriteHtmlCache [ RunTime:0.000000s ]
INFO: [ view_filter ] --END-- [ RunTime:0.000000s ]
INFO: [ view_end ] --START--
INFO: [ view_end ] --END-- [ RunTime:0.000000s ]
INFO: [ app_end ] --START--
INFO: Run Behavior\ShowPageTrace [ RunTime:0.000000s ]
INFO: [ app_end ] --END-- [ RunTime:0.000000s ]

[ 2017-11-07T16:51:40+08:00 ] 127.0.0.1 /index.php/Home/Car/index/catid/3
INFO: [ app_begin ] --START--
INFO: Run Behavior\ReadHtmlCache [ RunTime:0.000000s ]
INFO: Run Behavior\ReadHtmlCache [ RunTime:0.000000s ]
INFO: Run Behavior\CheckLang [ RunTime:0.002000s ]
INFO: [ app_begin ] --END-- [ RunTime:0.003000s ]
INFO: [ action_begin ] --START--
INFO: [ action_begin ] --END-- [ RunTime:0.000000s ]
NOTIC: [8192] mysql_connect(): The mysql extension is deprecated and will be removed in the future: use mysqli or PDO instead D:\phpStudy\WWW\buniessProject\Firame\Library\Think\Db\Driver\Mysql.class.php 第 53 行.
SQL: SHOW COLUMNS FROM `yw_articles` [ RunTime:0.001000s ]
SQL: SELECT * FROM yw_articles as a LEFT JOIN yw_images as b ON ( a.id=b.article_id  ) WHERE (a.category_id=3) ORDER BY a.sort desc,a.id desc LIMIT 7 [ RunTime:0.001000s ]
SQL: SHOW COLUMNS FROM `yw_images` [ RunTime:0.000000s ]
SQL: SELECT `img_url` FROM `yw_images` WHERE ( article_id=3 )  [ RunTime:0.000000s ]
INFO: [ view_begin ] --START--
INFO: [ view_begin ] --END-- [ RunTime:0.000000s ]
INFO: [ view_parse ] --START--
INFO: Run Behavior\ParseTemplate [ RunTime:0.103006s ]
INFO: [ view_parse ] --END-- [ RunTime:0.103006s ]
INFO: [ view_filter ] --START--
INFO: Run Behavior\WriteHtmlCache [ RunTime:0.000000s ]
INFO: [ view_filter ] --END-- [ RunTime:0.000000s ]
INFO: [ view_end ] --START--
INFO: [ view_end ] --END-- [ RunTime:0.000000s ]
INFO: [ app_end ] --START--
INFO: Run Behavior\ShowPageTrace [ RunTime:0.000000s ]
INFO: [ app_end ] --END-- [ RunTime:0.000000s ]

[ 2017-11-07T16:52:24+08:00 ] 127.0.0.1 /index.php/Home/Car/index/catid/3
INFO: [ app_begin ] --START--
INFO: Run Behavior\ReadHtmlCache [ RunTime:0.000000s ]
INFO: Run Behavior\ReadHtmlCache [ RunTime:0.001001s ]
INFO: Run Behavior\CheckLang [ RunTime:0.001000s ]
INFO: [ app_begin ] --END-- [ RunTime:0.002001s ]
INFO: [ action_begin ] --START--
INFO: [ action_begin ] --END-- [ RunTime:0.000000s ]
NOTIC: [8192] mysql_connect(): The mysql extension is deprecated and will be removed in the future: use mysqli or PDO instead D:\phpStudy\WWW\buniessProject\Firame\Library\Think\Db\Driver\Mysql.class.php 第 53 行.
SQL: SHOW COLUMNS FROM `yw_articles` [ RunTime:0.001000s ]
SQL: SELECT * FROM yw_articles as a LEFT JOIN yw_images as b ON ( a.id=b.article_id  ) WHERE (a.category_id=3) ORDER BY a.sort desc,a.id desc LIMIT 7 [ RunTime:0.002000s ]
SQL: SHOW COLUMNS FROM `yw_images` [ RunTime:0.001000s ]
SQL: SELECT `img_url` FROM `yw_images` WHERE ( article_id=3 )  [ RunTime:0.001000s ]
INFO: [ view_begin ] --START--
INFO: [ view_begin ] --END-- [ RunTime:0.000000s ]
INFO: [ view_parse ] --START--
INFO: Run Behavior\ParseTemplate [ RunTime:0.065004s ]
INFO: [ view_parse ] --END-- [ RunTime:0.065004s ]
INFO: [ view_filter ] --START--
INFO: Run Behavior\WriteHtmlCache [ RunTime:0.000000s ]
INFO: [ view_filter ] --END-- [ RunTime:0.000000s ]
INFO: [ view_end ] --START--
INFO: [ view_end ] --END-- [ RunTime:0.000000s ]
INFO: [ app_end ] --START--
INFO: Run Behavior\ShowPageTrace [ RunTime:0.000000s ]
INFO: [ app_end ] --END-- [ RunTime:0.000000s ]

[ 2017-11-07T16:52:26+08:00 ] 127.0.0.1 /index.php/Home/Car/index/catid/3
INFO: [ app_begin ] --START--
INFO: Run Behavior\ReadHtmlCache [ RunTime:0.000000s ]
INFO: Run Behavior\ReadHtmlCache [ RunTime:0.000000s ]
INFO: Run Behavior\CheckLang [ RunTime:0.002001s ]
INFO: [ app_begin ] --END-- [ RunTime:0.003001s ]
INFO: [ action_begin ] --START--
INFO: [ action_begin ] --END-- [ RunTime:0.000000s ]
NOTIC: [8192] mysql_connect(): The mysql extension is deprecated and will be removed in the future: use mysqli or PDO instead D:\phpStudy\WWW\buniessProject\Firame\Library\Think\Db\Driver\Mysql.class.php 第 53 行.
SQL: SHOW COLUMNS FROM `yw_articles` [ RunTime:0.001000s ]
SQL: SELECT * FROM yw_articles as a LEFT JOIN yw_images as b ON ( a.id=b.article_id  ) WHERE (a.category_id=3) ORDER BY a.sort desc,a.id desc LIMIT 7 [ RunTime:0.001000s ]
SQL: SHOW COLUMNS FROM `yw_images` [ RunTime:0.002000s ]
SQL: SELECT `img_url` FROM `yw_images` WHERE ( article_id=3 )  [ RunTime:0.005001s ]
INFO: [ view_begin ] --START--
INFO: [ view_begin ] --END-- [ RunTime:0.000000s ]
INFO: [ view_parse ] --START--
INFO: Run Behavior\ParseTemplate [ RunTime:0.027001s ]
INFO: [ view_parse ] --END-- [ RunTime:0.027001s ]
INFO: [ view_filter ] --START--
INFO: Run Behavior\WriteHtmlCache [ RunTime:0.000000s ]
INFO: [ view_filter ] --END-- [ RunTime:0.000000s ]
INFO: [ view_end ] --START--
INFO: [ view_end ] --END-- [ RunTime:0.000000s ]
INFO: [ app_end ] --START--
INFO: Run Behavior\ShowPageTrace [ RunTime:0.000000s ]
INFO: [ app_end ] --END-- [ RunTime:0.000000s ]

[ 2017-11-07T16:53:25+08:00 ] 127.0.0.1 /index.php/Home/Car/index/catid/3
INFO: [ app_begin ] --START--
INFO: Run Behavior\ReadHtmlCache [ RunTime:0.001000s ]
INFO: Run Behavior\ReadHtmlCache [ RunTime:0.000000s ]
INFO: Run Behavior\CheckLang [ RunTime:0.006000s ]
INFO: [ app_begin ] --END-- [ RunTime:0.007000s ]
INFO: [ action_begin ] --START--
INFO: [ action_begin ] --END-- [ RunTime:0.001000s ]
NOTIC: [8192] mysql_connect(): The mysql extension is deprecated and will be removed in the future: use mysqli or PDO instead D:\phpStudy\WWW\buniessProject\Firame\Library\Think\Db\Driver\Mysql.class.php 第 53 行.
SQL: SHOW COLUMNS FROM `yw_articles` [ RunTime:0.000000s ]
SQL: SELECT * FROM yw_articles as a LEFT JOIN yw_images as b ON ( a.id=b.article_id  ) WHERE (a.category_id=3) ORDER BY a.sort desc,a.id desc LIMIT 7 [ RunTime:0.000000s ]
SQL: SHOW COLUMNS FROM `yw_images` [ RunTime:0.000000s ]
SQL: SELECT `img_url` FROM `yw_images` WHERE ( article_id=3 )  [ RunTime:0.000000s ]
INFO: [ view_begin ] --START--
INFO: [ view_begin ] --END-- [ RunTime:0.000000s ]
INFO: [ view_parse ] --START--
INFO: Run Behavior\ParseTemplate [ RunTime:0.091006s ]
INFO: [ view_parse ] --END-- [ RunTime:0.091006s ]
INFO: [ view_filter ] --START--
INFO: Run Behavior\WriteHtmlCache [ RunTime:0.000000s ]
INFO: [ view_filter ] --END-- [ RunTime:0.000000s ]
INFO: [ view_end ] --START--
INFO: [ view_end ] --END-- [ RunTime:0.000000s ]
INFO: [ app_end ] --START--
INFO: Run Behavior\ShowPageTrace [ RunTime:0.000000s ]
INFO: [ app_end ] --END-- [ RunTime:0.000000s ]

[ 2017-11-07T16:53:36+08:00 ] 127.0.0.1 /index.php/Home/Car/index/catid/3
INFO: [ app_begin ] --START--
INFO: Run Behavior\ReadHtmlCache [ RunTime:0.000000s ]
INFO: Run Behavior\ReadHtmlCache [ RunTime:0.000000s ]
INFO: Run Behavior\CheckLang [ RunTime:0.001000s ]
INFO: [ app_begin ] --END-- [ RunTime:0.002000s ]
INFO: [ action_begin ] --START--
INFO: [ action_begin ] --END-- [ RunTime:0.000000s ]
NOTIC: [8192] mysql_connect(): The mysql extension is deprecated and will be removed in the future: use mysqli or PDO instead D:\phpStudy\WWW\buniessProject\Firame\Library\Think\Db\Driver\Mysql.class.php 第 53 行.
SQL: SHOW COLUMNS FROM `yw_articles` [ RunTime:0.001000s ]
SQL: SELECT * FROM yw_articles as a LEFT JOIN yw_images as b ON ( a.id=b.article_id  ) WHERE (a.category_id=3) ORDER BY a.sort desc,a.id desc LIMIT 7 [ RunTime:0.002000s ]
SQL: SHOW COLUMNS FROM `yw_images` [ RunTime:0.001000s ]
SQL: SELECT `img_url` FROM `yw_images` WHERE ( article_id=3 )  [ RunTime:0.000000s ]
INFO: [ view_begin ] --START--
INFO: [ view_begin ] --END-- [ RunTime:0.000000s ]
INFO: [ view_parse ] --START--
INFO: Run Behavior\ParseTemplate [ RunTime:0.057004s ]
INFO: [ view_parse ] --END-- [ RunTime:0.058004s ]
INFO: [ view_filter ] --START--
INFO: Run Behavior\WriteHtmlCache [ RunTime:0.000000s ]
INFO: [ view_filter ] --END-- [ RunTime:0.000000s ]
INFO: [ view_end ] --START--
INFO: [ view_end ] --END-- [ RunTime:0.000000s ]
INFO: [ app_end ] --START--
INFO: Run Behavior\ShowPageTrace [ RunTime:0.000000s ]
INFO: [ app_end ] --END-- [ RunTime:0.000000s ]

[ 2017-11-07T16:54:07+08:00 ] 127.0.0.1 /index.php/Home/Car/index/catid/3
INFO: [ app_begin ] --START--
INFO: Run Behavior\ReadHtmlCache [ RunTime:0.000000s ]
INFO: Run Behavior\ReadHtmlCache [ RunTime:0.000000s ]
INFO: Run Behavior\CheckLang [ RunTime:0.001000s ]
INFO: [ app_begin ] --END-- [ RunTime:0.002000s ]
INFO: [ action_begin ] --START--
INFO: [ action_begin ] --END-- [ RunTime:0.000000s ]
NOTIC: [8192] mysql_connect(): The mysql extension is deprecated and will be removed in the future: use mysqli or PDO instead D:\phpStudy\WWW\buniessProject\Firame\Library\Think\Db\Driver\Mysql.class.php 第 53 行.
SQL: SHOW COLUMNS FROM `yw_articles` [ RunTime:0.001000s ]
SQL: SELECT * FROM yw_articles as a LEFT JOIN yw_images as b ON ( a.id=b.article_id  ) WHERE (a.category_id=3) ORDER BY a.sort desc,a.id desc LIMIT 7 [ RunTime:0.001001s ]
SQL: SHOW COLUMNS FROM `yw_images` [ RunTime:0.001000s ]
SQL: SELECT `img_url` FROM `yw_images` WHERE ( article_id=3 )  [ RunTime:0.000000s ]
INFO: [ view_begin ] --START--
INFO: [ view_begin ] --END-- [ RunTime:0.000000s ]
INFO: [ view_parse ] --START--
INFO: Run Behavior\ParseTemplate [ RunTime:0.055003s ]
INFO: [ view_parse ] --END-- [ RunTime:0.055003s ]
INFO: [ view_filter ] --START--
INFO: Run Behavior\WriteHtmlCache [ RunTime:0.000000s ]
INFO: [ view_filter ] --END-- [ RunTime:0.000000s ]
INFO: [ view_end ] --START--
INFO: [ view_end ] --END-- [ RunTime:0.000000s ]
INFO: [ app_end ] --START--
INFO: Run Behavior\ShowPageTrace [ RunTime:0.000000s ]
INFO: [ app_end ] --END-- [ RunTime:0.001000s ]

[ 2017-11-07T16:54:21+08:00 ] 127.0.0.1 /index.php/Home/Car/index/catid/3
INFO: [ app_begin ] --START--
INFO: Run Behavior\ReadHtmlCache [ RunTime:0.000000s ]
INFO: Run Behavior\ReadHtmlCache [ RunTime:0.000000s ]
INFO: Run Behavior\CheckLang [ RunTime:0.002000s ]
INFO: [ app_begin ] --END-- [ RunTime:0.003000s ]
INFO: [ action_begin ] --START--
INFO: [ action_begin ] --END-- [ RunTime:0.000000s ]
NOTIC: [8192] mysql_connect(): The mysql extension is deprecated and will be removed in the future: use mysqli or PDO instead D:\phpStudy\WWW\buniessProject\Firame\Library\Think\Db\Driver\Mysql.class.php 第 53 行.
SQL: SHOW COLUMNS FROM `yw_articles` [ RunTime:0.001001s ]
SQL: SELECT * FROM yw_articles as a LEFT JOIN yw_images as b ON ( a.id=b.article_id  ) WHERE (a.category_id=3) ORDER BY a.sort desc,a.id desc LIMIT 7 [ RunTime:0.001000s ]
SQL: SHOW COLUMNS FROM `yw_images` [ RunTime:0.002000s ]
SQL: SELECT `img_url` FROM `yw_images` WHERE ( article_id=3 )  [ RunTime:0.001000s ]
INFO: [ view_begin ] --START--
INFO: [ view_begin ] --END-- [ RunTime:0.000000s ]
INFO: [ view_parse ] --START--
INFO: Run Behavior\ParseTemplate [ RunTime:0.008001s ]
INFO: [ view_parse ] --END-- [ RunTime:0.008001s ]
INFO: [ view_filter ] --START--
INFO: Run Behavior\WriteHtmlCache [ RunTime:0.000000s ]
INFO: [ view_filter ] --END-- [ RunTime:0.001000s ]
INFO: [ view_end ] --START--
INFO: [ view_end ] --END-- [ RunTime:0.000000s ]
INFO: [ app_end ] --START--
INFO: Run Behavior\ShowPageTrace [ RunTime:0.000000s ]
INFO: [ app_end ] --END-- [ RunTime:0.000000s ]

[ 2017-11-07T16:55:12+08:00 ] 127.0.0.1 /index.php/Home/Car/index/catid/3
INFO: [ app_begin ] --START--
INFO: Run Behavior\ReadHtmlCache [ RunTime:0.000000s ]
INFO: Run Behavior\ReadHtmlCache [ RunTime:0.000000s ]
INFO: Run Behavior\CheckLang [ RunTime:0.001001s ]
INFO: [ app_begin ] --END-- [ RunTime:0.002001s ]
INFO: [ action_begin ] --START--
INFO: [ action_begin ] --END-- [ RunTime:0.000000s ]
NOTIC: [8192] mysql_connect(): The mysql extension is deprecated and will be removed in the future: use mysqli or PDO instead D:\phpStudy\WWW\buniessProject\Firame\Library\Think\Db\Driver\Mysql.class.php 第 53 行.
SQL: SHOW COLUMNS FROM `yw_articles` [ RunTime:0.001001s ]
SQL: SELECT * FROM yw_articles as a LEFT JOIN yw_images as b ON ( a.id=b.article_id  ) WHERE (a.category_id=3) ORDER BY a.sort desc,a.id desc LIMIT 7 [ RunTime:0.001000s ]
SQL: SHOW COLUMNS FROM `yw_images` [ RunTime:0.001000s ]
SQL: SELECT `img_url` FROM `yw_images` WHERE ( article_id=3 )  [ RunTime:0.001000s ]
INFO: [ view_begin ] --START--
INFO: [ view_begin ] --END-- [ RunTime:0.000000s ]
INFO: [ view_parse ] --START--
INFO: Run Behavior\ParseTemplate [ RunTime:0.059003s ]
INFO: [ view_parse ] --END-- [ RunTime:0.059003s ]
INFO: [ view_filter ] --START--
INFO: Run Behavior\WriteHtmlCache [ RunTime:0.000000s ]
INFO: [ view_filter ] --END-- [ RunTime:0.000000s ]
INFO: [ view_end ] --START--
INFO: [ view_end ] --END-- [ RunTime:0.000000s ]
INFO: [ app_end ] --START--
INFO: Run Behavior\ShowPageTrace [ RunTime:0.000000s ]
INFO: [ app_end ] --END-- [ RunTime:0.000000s ]

[ 2017-11-07T16:55:49+08:00 ] 127.0.0.1 /index.php/Home/index/main
INFO: [ app_begin ] --START--
INFO: Run Behavior\ReadHtmlCache [ RunTime:0.000000s ]
INFO: Run Behavior\ReadHtmlCache [ RunTime:0.000000s ]
INFO: Run Behavior\CheckLang [ RunTime:0.001000s ]
INFO: [ app_begin ] --END-- [ RunTime:0.002000s ]
INFO: [ action_begin ] --START--
INFO: [ action_begin ] --END-- [ RunTime:0.000000s ]
NOTIC: [8192] mysql_connect(): The mysql extension is deprecated and will be removed in the future: use mysqli or PDO instead D:\phpStudy\WWW\buniessProject\Firame\Library\Think\Db\Driver\Mysql.class.php 第 53 行.
SQL: SHOW COLUMNS FROM `yw_articles` [ RunTime:0.001000s ]
SQL: SELECT * FROM `yw_articles` WHERE ( category_id in (3,4,5,6) )  [ RunTime:0.001000s ]
SQL: SELECT * FROM yw_articles as a INNER JOIN yw_images as b WHERE ( a.id=b.article_id and a.category_id=12 )  [ RunTime:0.000000s ]
SQL: SELECT * FROM yw_articles as a LEFT JOIN yw_images as b ON ( a.id=b.article_id  ) WHERE (a.category_id=9) ORDER BY a.sort desc,a.id desc LIMIT 7 [ RunTime:0.000000s ]
SQL: SELECT * FROM `yw_articles` WHERE ( category_id=15 )  [ RunTime:0.001000s ]
SQL: SELECT * FROM yw_articles as a LEFT JOIN yw_images as b ON ( a.id=b.article_id  ) WHERE (a.category_id=7) ORDER BY a.sort desc,a.id desc LIMIT 7 [ RunTime:0.000000s ]
SQL: SELECT * FROM yw_articles as a LEFT JOIN yw_images as b ON ( a.id=b.article_id  ) WHERE (a.category_id=8) ORDER BY a.sort desc,a.id desc LIMIT 7 [ RunTime:0.000000s ]
SQL: SELECT * FROM `yw_articles` WHERE ( category_id=10 )  [ RunTime:0.001000s ]
SQL: SELECT * FROM `yw_articles` WHERE ( category_id=14 )  [ RunTime:0.000000s ]
INFO: [ view_begin ] --START--
INFO: [ view_begin ] --END-- [ RunTime:0.000000s ]
INFO: [ view_parse ] --START--
INFO: Run Behavior\ParseTemplate [ RunTime:0.075004s ]
INFO: [ view_parse ] --END-- [ RunTime:0.075004s ]
INFO: [ view_filter ] --START--
INFO: Run Behavior\WriteHtmlCache [ RunTime:0.001000s ]
INFO: [ view_filter ] --END-- [ RunTime:0.001000s ]
INFO: [ view_end ] --START--
INFO: [ view_end ] --END-- [ RunTime:0.000000s ]
INFO: [ app_end ] --START--
INFO: Run Behavior\ShowPageTrace [ RunTime:0.000000s ]
INFO: [ app_end ] --END-- [ RunTime:0.000000s ]

[ 2017-11-07T16:55:55+08:00 ] 127.0.0.1 /index.php/Home/Car/index/catid/3
INFO: [ app_begin ] --START--
INFO: Run Behavior\ReadHtmlCache [ RunTime:0.000000s ]
INFO: Run Behavior\ReadHtmlCache [ RunTime:0.000000s ]
INFO: Run Behavior\CheckLang [ RunTime:0.006000s ]
INFO: [ app_begin ] --END-- [ RunTime:0.007000s ]
INFO: [ action_begin ] --START--
INFO: [ action_begin ] --END-- [ RunTime:0.000000s ]
NOTIC: [8192] mysql_connect(): The mysql extension is deprecated and will be removed in the future: use mysqli or PDO instead D:\phpStudy\WWW\buniessProject\Firame\Library\Think\Db\Driver\Mysql.class.php 第 53 行.
SQL: SHOW COLUMNS FROM `yw_articles` [ RunTime:0.001000s ]
SQL: SELECT * FROM yw_articles as a LEFT JOIN yw_images as b ON ( a.id=b.article_id  ) WHERE (a.category_id=3) ORDER BY a.sort desc,a.id desc LIMIT 7 [ RunTime:0.000000s ]
SQL: SHOW COLUMNS FROM `yw_images` [ RunTime:0.001000s ]
SQL: SELECT `img_url` FROM `yw_images` WHERE ( article_id=3 )  [ RunTime:0.000000s ]
INFO: [ view_begin ] --START--
INFO: [ view_begin ] --END-- [ RunTime:0.000000s ]
INFO: [ view_parse ] --START--
INFO: Run Behavior\ParseTemplate [ RunTime:0.006001s ]
INFO: [ view_parse ] --END-- [ RunTime:0.006001s ]
INFO: [ view_filter ] --START--
INFO: Run Behavior\WriteHtmlCache [ RunTime:0.000000s ]
INFO: [ view_filter ] --END-- [ RunTime:0.000000s ]
INFO: [ view_end ] --START--
INFO: [ view_end ] --END-- [ RunTime:0.000000s ]
INFO: [ app_end ] --START--
INFO: Run Behavior\ShowPageTrace [ RunTime:0.000000s ]
INFO: [ app_end ] --END-- [ RunTime:0.000000s ]

[ 2017-11-07T16:55:55+08:00 ] 127.0.0.1 /index.php/Home/Car/index/catid/3
INFO: [ app_begin ] --START--
INFO: Run Behavior\ReadHtmlCache [ RunTime:0.000000s ]
INFO: Run Behavior\ReadHtmlCache [ RunTime:0.000000s ]
INFO: Run Behavior\CheckLang [ RunTime:0.001000s ]
INFO: [ app_begin ] --END-- [ RunTime:0.001000s ]
INFO: [ action_begin ] --START--
INFO: [ action_begin ] --END-- [ RunTime:0.000000s ]
NOTIC: [8192] mysql_connect(): The mysql extension is deprecated and will be removed in the future: use mysqli or PDO instead D:\phpStudy\WWW\buniessProject\Firame\Library\Think\Db\Driver\Mysql.class.php 第 53 行.
SQL: SHOW COLUMNS FROM `yw_articles` [ RunTime:0.001000s ]
SQL: SELECT * FROM yw_articles as a LEFT JOIN yw_images as b ON ( a.id=b.article_id  ) WHERE (a.category_id=3) ORDER BY a.sort desc,a.id desc LIMIT 7 [ RunTime:0.001000s ]
SQL: SHOW COLUMNS FROM `yw_images` [ RunTime:0.001000s ]
SQL: SELECT `img_url` FROM `yw_images` WHERE ( article_id=3 )  [ RunTime:0.000000s ]
INFO: [ view_begin ] --START--
INFO: [ view_begin ] --END-- [ RunTime:0.000000s ]
INFO: [ view_parse ] --START--
INFO: Run Behavior\ParseTemplate [ RunTime:0.006000s ]
INFO: [ view_parse ] --END-- [ RunTime:0.006000s ]
INFO: [ view_filter ] --START--
INFO: Run Behavior\WriteHtmlCache [ RunTime:0.000000s ]
INFO: [ view_filter ] --END-- [ RunTime:0.000000s ]
INFO: [ view_end ] --START--
INFO: [ view_end ] --END-- [ RunTime:0.000000s ]
INFO: [ app_end ] --START--
INFO: Run Behavior\ShowPageTrace [ RunTime:0.000000s ]
INFO: [ app_end ] --END-- [ RunTime:0.000000s ]

[ 2017-11-07T16:55:56+08:00 ] 127.0.0.1 /index.php/Home/Car/index/catid/3
INFO: [ app_begin ] --START--
INFO: Run Behavior\ReadHtmlCache [ RunTime:0.000000s ]
INFO: Run Behavior\ReadHtmlCache [ RunTime:0.000000s ]
INFO: Run Behavior\CheckLang [ RunTime:0.001000s ]
INFO: [ app_begin ] --END-- [ RunTime:0.001000s ]
INFO: [ action_begin ] --START--
INFO: [ action_begin ] --END-- [ RunTime:0.000000s ]
NOTIC: [8192] mysql_connect(): The mysql extension is deprecated and will be removed in the future: use mysqli or PDO instead D:\phpStudy\WWW\buniessProject\Firame\Library\Think\Db\Driver\Mysql.class.php 第 53 行.
SQL: SHOW COLUMNS FROM `yw_articles` [ RunTime:0.001000s ]
SQL: SELECT * FROM yw_articles as a LEFT JOIN yw_images as b ON ( a.id=b.article_id  ) WHERE (a.category_id=3) ORDER BY a.sort desc,a.id desc LIMIT 7 [ RunTime:0.000000s ]
SQL: SHOW COLUMNS FROM `yw_images` [ RunTime:0.000000s ]
SQL: SELECT `img_url` FROM `yw_images` WHERE ( article_id=3 )  [ RunTime:0.001000s ]
INFO: [ view_begin ] --START--
INFO: [ view_begin ] --END-- [ RunTime:0.000000s ]
INFO: [ view_parse ] --START--
INFO: Run Behavior\ParseTemplate [ RunTime:0.007001s ]
INFO: [ view_parse ] --END-- [ RunTime:0.007001s ]
INFO: [ view_filter ] --START--
INFO: Run Behavior\WriteHtmlCache [ RunTime:0.000000s ]
INFO: [ view_filter ] --END-- [ RunTime:0.001000s ]
INFO: [ view_end ] --START--
INFO: [ view_end ] --END-- [ RunTime:0.000000s ]
INFO: [ app_end ] --START--
INFO: Run Behavior\ShowPageTrace [ RunTime:0.000000s ]
INFO: [ app_end ] --END-- [ RunTime:0.000000s ]

[ 2017-11-07T16:58:02+08:00 ] 127.0.0.1 /index.php/Home/Car/index/catid/3
INFO: [ app_begin ] --START--
INFO: Run Behavior\ReadHtmlCache [ RunTime:0.000000s ]
INFO: Run Behavior\ReadHtmlCache [ RunTime:0.000000s ]
INFO: Run Behavior\CheckLang [ RunTime:0.001000s ]
INFO: [ app_begin ] --END-- [ RunTime:0.001000s ]
INFO: [ action_begin ] --START--
INFO: [ action_begin ] --END-- [ RunTime:0.000000s ]
NOTIC: [8192] mysql_connect(): The mysql extension is deprecated and will be removed in the future: use mysqli or PDO instead D:\phpStudy\WWW\buniessProject\Firame\Library\Think\Db\Driver\Mysql.class.php 第 53 行.
SQL: SHOW COLUMNS FROM `yw_articles` [ RunTime:0.000000s ]
SQL: SELECT * FROM yw_articles as a LEFT JOIN yw_images as b ON ( a.id=b.article_id  ) WHERE (a.category_id=3) ORDER BY a.sort desc,a.id desc LIMIT 7 [ RunTime:0.001000s ]
SQL: SHOW COLUMNS FROM `yw_images` [ RunTime:0.002000s ]
SQL: SELECT `img_url` FROM `yw_images` WHERE ( article_id=3 )  [ RunTime:0.000000s ]
INFO: [ view_begin ] --START--
INFO: [ view_begin ] --END-- [ RunTime:0.000000s ]
INFO: [ view_parse ] --START--
NOTIC: [8] Undefined index: customer D:\phpStudy\WWW\buniessProject\Project\Runtime\Cache\0de80bfcf7aa7a06e376dfb94a87733e0db9d5ad.file.index.html.php 第 150 行.
NOTIC: [8] Trying to get property of non-object D:\phpStudy\WWW\buniessProject\Project\Runtime\Cache\0de80bfcf7aa7a06e376dfb94a87733e0db9d5ad.file.index.html.php 第 150 行.
INFO: Run Behavior\ParseTemplate [ RunTime:0.064004s ]
INFO: [ view_parse ] --END-- [ RunTime:0.064004s ]
INFO: [ view_filter ] --START--
INFO: Run Behavior\WriteHtmlCache [ RunTime:0.000000s ]
INFO: [ view_filter ] --END-- [ RunTime:0.000000s ]
INFO: [ view_end ] --START--
INFO: [ view_end ] --END-- [ RunTime:0.000000s ]
INFO: [ app_end ] --START--
INFO: Run Behavior\ShowPageTrace [ RunTime:0.000000s ]
INFO: [ app_end ] --END-- [ RunTime:0.000000s ]

[ 2017-11-07T16:58:32+08:00 ] 127.0.0.1 /index.php/Home/Car/index/catid/3
INFO: [ app_begin ] --START--
INFO: Run Behavior\ReadHtmlCache [ RunTime:0.000000s ]
INFO: Run Behavior\ReadHtmlCache [ RunTime:0.000000s ]
INFO: Run Behavior\CheckLang [ RunTime:0.002000s ]
INFO: [ app_begin ] --END-- [ RunTime:0.003000s ]
INFO: [ action_begin ] --START--
INFO: [ action_begin ] --END-- [ RunTime:0.000000s ]
NOTIC: [8192] mysql_connect(): The mysql extension is deprecated and will be removed in the future: use mysqli or PDO instead D:\phpStudy\WWW\buniessProject\Firame\Library\Think\Db\Driver\Mysql.class.php 第 53 行.
SQL: SHOW COLUMNS FROM `yw_articles` [ RunTime:0.000000s ]
SQL: SELECT * FROM yw_articles as a LEFT JOIN yw_images as b ON ( a.id=b.article_id  ) WHERE (a.category_id=3) ORDER BY a.sort desc,a.id desc LIMIT 7 [ RunTime:0.001000s ]
SQL: SHOW COLUMNS FROM `yw_images` [ RunTime:0.001000s ]
SQL: SELECT `img_url` FROM `yw_images` WHERE ( article_id=3 )  [ RunTime:0.001000s ]
INFO: [ view_begin ] --START--
INFO: [ view_begin ] --END-- [ RunTime:0.000000s ]
INFO: [ view_parse ] --START--
NOTIC: [8] Undefined index: customer D:\phpStudy\WWW\buniessProject\Project\Runtime\Cache\0de80bfcf7aa7a06e376dfb94a87733e0db9d5ad.file.index.html.php 第 150 行.
NOTIC: [8] Trying to get property of non-object D:\phpStudy\WWW\buniessProject\Project\Runtime\Cache\0de80bfcf7aa7a06e376dfb94a87733e0db9d5ad.file.index.html.php 第 150 行.
INFO: Run Behavior\ParseTemplate [ RunTime:0.010001s ]
INFO: [ view_parse ] --END-- [ RunTime:0.010001s ]
INFO: [ view_filter ] --START--
INFO: Run Behavior\WriteHtmlCache [ RunTime:0.000000s ]
INFO: [ view_filter ] --END-- [ RunTime:0.000000s ]
INFO: [ view_end ] --START--
INFO: [ view_end ] --END-- [ RunTime:0.000000s ]
INFO: [ app_end ] --START--
INFO: Run Behavior\ShowPageTrace [ RunTime:0.000000s ]
INFO: [ app_end ] --END-- [ RunTime:0.001000s ]

[ 2017-11-07T16:59:34+08:00 ] 127.0.0.1 /index.php/Home/Car/index/catid/3
INFO: [ app_begin ] --START--
INFO: Run Behavior\ReadHtmlCache [ RunTime:0.000000s ]
INFO: Run Behavior\ReadHtmlCache [ RunTime:0.000000s ]
INFO: Run Behavior\CheckLang [ RunTime:0.002000s ]
INFO: [ app_begin ] --END-- [ RunTime:0.003001s ]
INFO: [ action_begin ] --START--
INFO: [ action_begin ] --END-- [ RunTime:0.000000s ]
NOTIC: [8192] mysql_connect(): The mysql extension is deprecated and will be removed in the future: use mysqli or PDO instead D:\phpStudy\WWW\buniessProject\Firame\Library\Think\Db\Driver\Mysql.class.php 第 53 行.
SQL: SHOW COLUMNS FROM `yw_articles` [ RunTime:0.001000s ]
SQL: SELECT * FROM yw_articles as a LEFT JOIN yw_images as b ON ( a.id=b.article_id  ) WHERE (a.category_id=3) ORDER BY a.sort desc,a.id desc LIMIT 7 [ RunTime:0.002001s ]
SQL: SHOW COLUMNS FROM `yw_images` [ RunTime:0.000000s ]
SQL: SELECT `img_url` FROM `yw_images` WHERE ( article_id=3 )  [ RunTime:0.001000s ]
SQL: SELECT * FROM yw_articles as a INNER JOIN yw_images as b WHERE ( a.id=b.article_id and a.category_id=12 )  [ RunTime:0.000000s ]
INFO: [ view_begin ] --START--
INFO: [ view_begin ] --END-- [ RunTime:0.000000s ]
INFO: [ view_parse ] --START--
INFO: Run Behavior\ParseTemplate [ RunTime:0.008000s ]
INFO: [ view_parse ] --END-- [ RunTime:0.008000s ]
INFO: [ view_filter ] --START--
INFO: Run Behavior\WriteHtmlCache [ RunTime:0.000000s ]
INFO: [ view_filter ] --END-- [ RunTime:0.000000s ]
INFO: [ view_end ] --START--
INFO: [ view_end ] --END-- [ RunTime:0.000000s ]
INFO: [ app_end ] --START--
INFO: Run Behavior\ShowPageTrace [ RunTime:0.000000s ]
INFO: [ app_end ] --END-- [ RunTime:0.000000s ]

[ 2017-11-07T17:00:35+08:00 ] 127.0.0.1 /index.php/Home/Car/index/catid/3
INFO: [ app_begin ] --START--
INFO: Run Behavior\ReadHtmlCache [ RunTime:0.000000s ]
INFO: Run Behavior\ReadHtmlCache [ RunTime:0.000000s ]
INFO: Run Behavior\CheckLang [ RunTime:0.001000s ]
INFO: [ app_begin ] --END-- [ RunTime:0.001000s ]
INFO: [ action_begin ] --START--
INFO: [ action_begin ] --END-- [ RunTime:0.000000s ]
NOTIC: [8192] mysql_connect(): The mysql extension is deprecated and will be removed in the future: use mysqli or PDO instead D:\phpStudy\WWW\buniessProject\Firame\Library\Think\Db\Driver\Mysql.class.php 第 53 行.
SQL: SHOW COLUMNS FROM `yw_articles` [ RunTime:0.001000s ]
SQL: SELECT * FROM yw_articles as a LEFT JOIN yw_images as b ON ( a.id=b.article_id  ) WHERE (a.category_id=3) ORDER BY a.sort desc,a.id desc LIMIT 7 [ RunTime:0.001000s ]
SQL: SHOW COLUMNS FROM `yw_images` [ RunTime:0.001000s ]
SQL: SELECT `img_url` FROM `yw_images` WHERE ( article_id=3 )  [ RunTime:0.000000s ]
SQL: SELECT * FROM yw_articles as a INNER JOIN yw_images as b WHERE ( a.id=b.article_id and a.category_id=12 )  [ RunTime:0.000000s ]
INFO: [ view_begin ] --START--
INFO: [ view_begin ] --END-- [ RunTime:0.000000s ]
INFO: [ view_parse ] --START--
INFO: Run Behavior\ParseTemplate [ RunTime:0.073004s ]
INFO: [ view_parse ] --END-- [ RunTime:0.073004s ]
INFO: [ view_filter ] --START--
INFO: Run Behavior\WriteHtmlCache [ RunTime:0.000000s ]
INFO: [ view_filter ] --END-- [ RunTime:0.000000s ]
INFO: [ view_end ] --START--
INFO: [ view_end ] --END-- [ RunTime:0.000000s ]
INFO: [ app_end ] --START--
INFO: Run Behavior\ShowPageTrace [ RunTime:0.000000s ]
INFO: [ app_end ] --END-- [ RunTime:0.000000s ]

[ 2017-11-07T17:00:43+08:00 ] 127.0.0.1 /index.php/Home/Car/index/catid/3
INFO: [ app_begin ] --START--
INFO: Run Behavior\ReadHtmlCache [ RunTime:0.000000s ]
INFO: Run Behavior\ReadHtmlCache [ RunTime:0.000000s ]
INFO: Run Behavior\CheckLang [ RunTime:0.002000s ]
INFO: [ app_begin ] --END-- [ RunTime:0.002000s ]
INFO: [ action_begin ] --START--
INFO: [ action_begin ] --END-- [ RunTime:0.000000s ]
NOTIC: [8192] mysql_connect(): The mysql extension is deprecated and will be removed in the future: use mysqli or PDO instead D:\phpStudy\WWW\buniessProject\Firame\Library\Think\Db\Driver\Mysql.class.php 第 53 行.
SQL: SHOW COLUMNS FROM `yw_articles` [ RunTime:0.001000s ]
SQL: SELECT * FROM yw_articles as a LEFT JOIN yw_images as b ON ( a.id=b.article_id  ) WHERE (a.category_id=3) ORDER BY a.sort desc,a.id desc LIMIT 7 [ RunTime:0.001000s ]
SQL: SHOW COLUMNS FROM `yw_images` [ RunTime:0.001000s ]
SQL: SELECT `img_url` FROM `yw_images` WHERE ( article_id=3 )  [ RunTime:0.000000s ]
SQL: SELECT * FROM yw_articles as a INNER JOIN yw_images as b WHERE ( a.id=b.article_id and a.category_id=12 )  [ RunTime:0.001000s ]
INFO: [ view_begin ] --START--
INFO: [ view_begin ] --END-- [ RunTime:0.000000s ]
INFO: [ view_parse ] --START--
INFO: Run Behavior\ParseTemplate [ RunTime:0.012001s ]
INFO: [ view_parse ] --END-- [ RunTime:0.012001s ]
INFO: [ view_filter ] --START--
INFO: Run Behavior\WriteHtmlCache [ RunTime:0.000000s ]
INFO: [ view_filter ] --END-- [ RunTime:0.000000s ]
INFO: [ view_end ] --START--
INFO: [ view_end ] --END-- [ RunTime:0.000000s ]
INFO: [ app_end ] --START--
INFO: Run Behavior\ShowPageTrace [ RunTime:0.000000s ]
INFO: [ app_end ] --END-- [ RunTime:0.000000s ]

[ 2017-11-07T17:01:11+08:00 ] 127.0.0.1 /index.php/Home/Car/index/catid/3
INFO: [ app_begin ] --START--
INFO: Run Behavior\ReadHtmlCache [ RunTime:0.000000s ]
INFO: Run Behavior\ReadHtmlCache [ RunTime:0.000000s ]
INFO: Run Behavior\CheckLang [ RunTime:0.003000s ]
INFO: [ app_begin ] --END-- [ RunTime:0.003000s ]
INFO: [ action_begin ] --START--
INFO: [ action_begin ] --END-- [ RunTime:0.000000s ]
NOTIC: [8192] mysql_connect(): The mysql extension is deprecated and will be removed in the future: use mysqli or PDO instead D:\phpStudy\WWW\buniessProject\Firame\Library\Think\Db\Driver\Mysql.class.php 第 53 行.
SQL: SHOW COLUMNS FROM `yw_articles` [ RunTime:0.001000s ]
SQL: SELECT * FROM yw_articles as a LEFT JOIN yw_images as b ON ( a.id=b.article_id  ) WHERE (a.category_id=3) ORDER BY a.sort desc,a.id desc LIMIT 7 [ RunTime:0.002000s ]
SQL: SHOW COLUMNS FROM `yw_images` [ RunTime:0.000000s ]
SQL: SELECT `img_url` FROM `yw_images` WHERE ( article_id=3 )  [ RunTime:0.000000s ]
SQL: SELECT * FROM yw_articles as a INNER JOIN yw_images as b WHERE ( a.id=b.article_id and a.category_id=12 )  [ RunTime:0.000000s ]
INFO: [ view_begin ] --START--
INFO: [ view_begin ] --END-- [ RunTime:0.000000s ]
INFO: [ view_parse ] --START--
NOTIC: [8] Undefined index: articleList D:\phpStudy\WWW\buniessProject\Project\Runtime\Cache\0de80bfcf7aa7a06e376dfb94a87733e0db9d5ad.file.index.html.php 第 151 行.
NOTIC: [8] Trying to get property of non-object D:\phpStudy\WWW\buniessProject\Project\Runtime\Cache\0de80bfcf7aa7a06e376dfb94a87733e0db9d5ad.file.index.html.php 第 151 行.
NOTIC: [8] Undefined index: articleList D:\phpStudy\WWW\buniessProject\Project\Runtime\Cache\0de80bfcf7aa7a06e376dfb94a87733e0db9d5ad.file.index.html.php 第 163 行.
NOTIC: [8] Trying to get property of non-object D:\phpStudy\WWW\buniessProject\Project\Runtime\Cache\0de80bfcf7aa7a06e376dfb94a87733e0db9d5ad.file.index.html.php 第 163 行.
INFO: Run Behavior\ParseTemplate [ RunTime:0.066004s ]
INFO: [ view_parse ] --END-- [ RunTime:0.066004s ]
INFO: [ view_filter ] --START--
INFO: Run Behavior\WriteHtmlCache [ RunTime:0.000000s ]
INFO: [ view_filter ] --END-- [ RunTime:0.000000s ]
INFO: [ view_end ] --START--
INFO: [ view_end ] --END-- [ RunTime:0.000000s ]
INFO: [ app_end ] --START--
INFO: Run Behavior\ShowPageTrace [ RunTime:0.000000s ]
INFO: [ app_end ] --END-- [ RunTime:0.000000s ]

[ 2017-11-07T17:01:39+08:00 ] 127.0.0.1 /index.php/Home/Car/index/catid/3
INFO: [ app_begin ] --START--
INFO: Run Behavior\ReadHtmlCache [ RunTime:0.000000s ]
INFO: Run Behavior\ReadHtmlCache [ RunTime:0.000000s ]
INFO: Run Behavior\CheckLang [ RunTime:0.014001s ]
INFO: [ app_begin ] --END-- [ RunTime:0.014001s ]
INFO: [ action_begin ] --START--
INFO: [ action_begin ] --END-- [ RunTime:0.000000s ]
NOTIC: [8192] mysql_connect(): The mysql extension is deprecated and will be removed in the future: use mysqli or PDO instead D:\phpStudy\WWW\buniessProject\Firame\Library\Think\Db\Driver\Mysql.class.php 第 53 行.
SQL: SHOW COLUMNS FROM `yw_articles` [ RunTime:0.001000s ]
SQL: SELECT * FROM yw_articles as a LEFT JOIN yw_images as b ON ( a.id=b.article_id  ) WHERE (a.category_id=3) ORDER BY a.sort desc,a.id desc LIMIT 7 [ RunTime:0.001000s ]
SQL: SHOW COLUMNS FROM `yw_images` [ RunTime:0.001000s ]
SQL: SELECT `img_url` FROM `yw_images` WHERE ( article_id=3 )  [ RunTime:0.001000s ]
SQL: SELECT * FROM yw_articles as a INNER JOIN yw_images as b WHERE ( a.id=b.article_id and a.category_id=12 )  [ RunTime:0.001000s ]
INFO: [ view_begin ] --START--
INFO: [ view_begin ] --END-- [ RunTime:0.000000s ]
INFO: [ view_parse ] --START--
INFO: Run Behavior\ParseTemplate [ RunTime:0.087005s ]
INFO: [ view_parse ] --END-- [ RunTime:0.087005s ]
INFO: [ view_filter ] --START--
INFO: Run Behavior\WriteHtmlCache [ RunTime:0.000000s ]
INFO: [ view_filter ] --END-- [ RunTime:0.000000s ]
INFO: [ view_end ] --START--
INFO: [ view_end ] --END-- [ RunTime:0.000000s ]
INFO: [ app_end ] --START--
INFO: Run Behavior\ShowPageTrace [ RunTime:0.000000s ]
INFO: [ app_end ] --END-- [ RunTime:0.000000s ]

[ 2017-11-07T17:02:21+08:00 ] 127.0.0.1 /index.php/Home/Car/index/catid/3
INFO: [ app_begin ] --START--
INFO: Run Behavior\ReadHtmlCache [ RunTime:0.000000s ]
INFO: Run Behavior\ReadHtmlCache [ RunTime:0.000000s ]
INFO: Run Behavior\CheckLang [ RunTime:0.001000s ]
INFO: [ app_begin ] --END-- [ RunTime:0.001000s ]
INFO: [ action_begin ] --START--
INFO: [ action_begin ] --END-- [ RunTime:0.000000s ]
NOTIC: [8192] mysql_connect(): The mysql extension is deprecated and will be removed in the future: use mysqli or PDO instead D:\phpStudy\WWW\buniessProject\Firame\Library\Think\Db\Driver\Mysql.class.php 第 53 行.
SQL: SHOW COLUMNS FROM `yw_articles` [ RunTime:0.003000s ]
SQL: SELECT * FROM yw_articles as a LEFT JOIN yw_images as b ON ( a.id=b.article_id  ) WHERE (a.category_id=3) ORDER BY a.sort desc,a.id desc LIMIT 7 [ RunTime:0.001000s ]
SQL: SHOW COLUMNS FROM `yw_images` [ RunTime:0.001000s ]
SQL: SELECT `img_url` FROM `yw_images` WHERE ( article_id=3 )  [ RunTime:0.000000s ]
SQL: SELECT * FROM yw_articles as a INNER JOIN yw_images as b WHERE ( a.id=b.article_id and a.category_id=12 )  [ RunTime:0.001000s ]
INFO: [ view_begin ] --START--
INFO: [ view_begin ] --END-- [ RunTime:0.000000s ]
INFO: [ view_parse ] --START--
INFO: Run Behavior\ParseTemplate [ RunTime:0.115007s ]
INFO: [ view_parse ] --END-- [ RunTime:0.115007s ]
INFO: [ view_filter ] --START--
INFO: Run Behavior\WriteHtmlCache [ RunTime:0.000000s ]
INFO: [ view_filter ] --END-- [ RunTime:0.000000s ]
INFO: [ view_end ] --START--
INFO: [ view_end ] --END-- [ RunTime:0.000000s ]
INFO: [ app_end ] --START--
INFO: Run Behavior\ShowPageTrace [ RunTime:0.000000s ]
INFO: [ app_end ] --END-- [ RunTime:0.000000s ]

[ 2017-11-07T17:03:19+08:00 ] 127.0.0.1 /index.php/Home/Car/index/catid/3
INFO: [ app_begin ] --START--
INFO: Run Behavior\ReadHtmlCache [ RunTime:0.000000s ]
INFO: Run Behavior\ReadHtmlCache [ RunTime:0.000000s ]
INFO: Run Behavior\CheckLang [ RunTime:0.002000s ]
INFO: [ app_begin ] --END-- [ RunTime:0.003000s ]
INFO: [ action_begin ] --START--
INFO: [ action_begin ] --END-- [ RunTime:0.000000s ]
NOTIC: [8192] mysql_connect(): The mysql extension is deprecated and will be removed in the future: use mysqli or PDO instead D:\phpStudy\WWW\buniessProject\Firame\Library\Think\Db\Driver\Mysql.class.php 第 53 行.
SQL: SHOW COLUMNS FROM `yw_articles` [ RunTime:0.001000s ]
SQL: SELECT * FROM yw_articles as a LEFT JOIN yw_images as b ON ( a.id=b.article_id  ) WHERE (a.category_id=3) ORDER BY a.sort desc,a.id desc LIMIT 7 [ RunTime:0.002000s ]
SQL: SHOW COLUMNS FROM `yw_images` [ RunTime:0.002001s ]
SQL: SELECT `img_url` FROM `yw_images` WHERE ( article_id=3 )  [ RunTime:0.000000s ]
SQL: SELECT * FROM yw_articles as a INNER JOIN yw_images as b WHERE ( a.id=b.article_id and a.category_id=12 )  [ RunTime:0.001000s ]
INFO: [ view_begin ] --START--
INFO: [ view_begin ] --END-- [ RunTime:0.000000s ]
INFO: [ view_parse ] --START--
INFO: Run Behavior\ParseTemplate [ RunTime:0.013000s ]
INFO: [ view_parse ] --END-- [ RunTime:0.013000s ]
INFO: [ view_filter ] --START--
INFO: Run Behavior\WriteHtmlCache [ RunTime:0.000000s ]
INFO: [ view_filter ] --END-- [ RunTime:0.000000s ]
INFO: [ view_end ] --START--
INFO: [ view_end ] --END-- [ RunTime:0.000000s ]
INFO: [ app_end ] --START--
INFO: Run Behavior\ShowPageTrace [ RunTime:0.000000s ]
INFO: [ app_end ] --END-- [ RunTime:0.000000s ]

