[ 2017-11-06T10:51:02+08:00 ] 127.0.0.1 /index.php/Home/wap
INFO: [ app_init ] --START--
INFO: [ app_init ] --END-- [ RunTime:0.000000s ]
INFO: [ path_info ] --START--
INFO: [ path_info ] --END-- [ RunTime:0.000000s ]
INFO: [ app_begin ] --START--
INFO: Run Behavior\ReadHtmlCache [ RunTime:0.000000s ]
INFO: Run Behavior\ReadHtmlCache [ RunTime:0.000000s ]
INFO: Run Behavior\CheckLang [ RunTime:0.001000s ]
INFO: [ app_begin ] --END-- [ RunTime:0.001000s ]
INFO: [ action_begin ] --START--
INFO: [ action_begin ] --END-- [ RunTime:0.000000s ]
INFO: [ view_begin ] --START--
INFO: [ view_begin ] --END-- [ RunTime:0.000000s ]
INFO: [ view_parse ] --START--
NOTIC: [2] filemtime(): stat failed for D:/phpStudy/WWW/buniessProject/Project/Runtime/Cache\22dd0b44ba95915f18430cccaabdf8a39637b4e9.file.index.html.php D:\phpStudy\WWW\buniessProject\Firame\Library\Vendor\Smarty\sysplugins\smarty_resource.php 第 683 行.
NOTIC: [2] unlink(D:/phpStudy/WWW/buniessProject/Project/Runtime/Cache\22dd0b44ba95915f18430cccaabdf8a39637b4e9.file.index.html.php): No such file or directory D:\phpStudy\WWW\buniessProject\Firame\Library\Vendor\Smarty\sysplugins\smarty_internal_write_file.php 第 49 行.
INFO: Run Behavior\ParseTemplate [ RunTime:0.063004s ]
INFO: [ view_parse ] --END-- [ RunTime:0.063004s ]
INFO: [ view_filter ] --START--
INFO: Run Behavior\WriteHtmlCache [ RunTime:0.000000s ]
INFO: [ view_filter ] --END-- [ RunTime:0.000000s ]
INFO: [ view_end ] --START--
INFO: [ view_end ] --END-- [ RunTime:0.000000s ]
INFO: [ app_end ] --START--
INFO: Run Behavior\ShowPageTrace [ RunTime:0.000000s ]
INFO: [ app_end ] --END-- [ RunTime:0.000000s ]

[ 2017-11-06T12:20:26+08:00 ] 127.0.0.1 /index.php/Home/wap
INFO: [ app_init ] --START--
INFO: [ app_init ] --END-- [ RunTime:0.001001s ]
INFO: [ path_info ] --START--
INFO: [ path_info ] --END-- [ RunTime:0.000000s ]
INFO: [ app_begin ] --START--
INFO: Run Behavior\ReadHtmlCache [ RunTime:0.000000s ]
INFO: Run Behavior\ReadHtmlCache [ RunTime:0.000000s ]
INFO: Run Behavior\CheckLang [ RunTime:0.002000s ]
INFO: [ app_begin ] --END-- [ RunTime:0.002000s ]
INFO: [ action_begin ] --START--
INFO: [ action_begin ] --END-- [ RunTime:0.000000s ]
INFO: [ view_begin ] --START--
INFO: [ view_begin ] --END-- [ RunTime:0.000000s ]
INFO: [ view_parse ] --START--
INFO: Run Behavior\ParseTemplate [ RunTime:0.076004s ]
INFO: [ view_parse ] --END-- [ RunTime:0.076004s ]
INFO: [ view_filter ] --START--
INFO: Run Behavior\WriteHtmlCache [ RunTime:0.000000s ]
INFO: [ view_filter ] --END-- [ RunTime:0.000000s ]
INFO: [ view_end ] --START--
INFO: [ view_end ] --END-- [ RunTime:0.000000s ]
INFO: [ app_end ] --START--
INFO: Run Behavior\ShowPageTrace [ RunTime:0.001000s ]
INFO: [ app_end ] --END-- [ RunTime:0.001000s ]

[ 2017-11-06T12:20:31+08:00 ] 127.0.0.1 /
INFO: [ app_init ] --START--
INFO: [ app_init ] --END-- [ RunTime:0.000000s ]
INFO: [ app_begin ] --START--
INFO: Run Behavior\ReadHtmlCache [ RunTime:0.000000s ]
INFO: Run Behavior\ReadHtmlCache [ RunTime:0.000000s ]
INFO: Run Behavior\CheckLang [ RunTime:0.001000s ]
INFO: [ app_begin ] --END-- [ RunTime:0.001000s ]
INFO: [ action_begin ] --START--
INFO: [ action_begin ] --END-- [ RunTime:0.000000s ]
NOTIC: [8192] mysql_connect(): The mysql extension is deprecated and will be removed in the future: use mysqli or PDO instead D:\phpStudy\WWW\buniessProject\Firame\Library\Think\Db\Driver\Mysql.class.php 第 53 行.
ERR: Unknown database 'buniessproject'

[ 2017-11-06T12:20:53+08:00 ] 127.0.0.1 /
INFO: [ app_init ] --START--
INFO: [ app_init ] --END-- [ RunTime:0.000000s ]
INFO: [ app_begin ] --START--
INFO: Run Behavior\ReadHtmlCache [ RunTime:0.000000s ]
INFO: Run Behavior\ReadHtmlCache [ RunTime:0.000000s ]
INFO: Run Behavior\CheckLang [ RunTime:0.001000s ]
INFO: [ app_begin ] --END-- [ RunTime:0.001000s ]
INFO: [ action_begin ] --START--
INFO: [ action_begin ] --END-- [ RunTime:0.000000s ]
NOTIC: [8192] mysql_connect(): The mysql extension is deprecated and will be removed in the future: use mysqli or PDO instead D:\phpStudy\WWW\buniessProject\Firame\Library\Think\Db\Driver\Mysql.class.php 第 53 行.
SQL: SHOW COLUMNS FROM `yw_articles` [ RunTime:0.699040s ]
SQL: SELECT * FROM `yw_articles` WHERE ( category_id in (3,4,5,6) )  [ RunTime:0.049003s ]
SQL: SELECT * FROM yw_articles as a INNER JOIN yw_images as b WHERE ( a.id=b.article_id and a.category_id=12 )  [ RunTime:0.230013s ]
SQL: SELECT * FROM `yw_articles` WHERE ( category_id=15 )  [ RunTime:0.000000s ]
SQL: SELECT * FROM yw_articles as a LEFT JOIN yw_images as b ON ( a.id=b.article_id  ) WHERE (a.category_id=7) ORDER BY a.sort desc,a.id desc LIMIT 7 [ RunTime:0.040002s ]
SQL: SELECT * FROM yw_articles as a LEFT JOIN yw_images as b ON ( a.id=b.article_id  ) WHERE (a.category_id=8) ORDER BY a.sort desc,a.id desc LIMIT 7 [ RunTime:0.000000s ]
SQL: SELECT * FROM `yw_articles` WHERE ( category_id=10 )  [ RunTime:0.000000s ]
SQL: SELECT * FROM `yw_articles` WHERE ( category_id=14 )  [ RunTime:0.000000s ]
SQL: SELECT * FROM `yw_articles` WHERE ( category_id=16 )  [ RunTime:0.000000s ]
INFO: [ view_begin ] --START--
INFO: [ view_begin ] --END-- [ RunTime:0.000000s ]
INFO: [ view_parse ] --START--
INFO: Run Behavior\ParseTemplate [ RunTime:0.159009s ]
INFO: [ view_parse ] --END-- [ RunTime:0.159009s ]
INFO: [ view_filter ] --START--
INFO: Run Behavior\WriteHtmlCache [ RunTime:0.000000s ]
INFO: [ view_filter ] --END-- [ RunTime:0.000000s ]
INFO: [ view_end ] --START--
INFO: [ view_end ] --END-- [ RunTime:0.000000s ]
INFO: [ app_end ] --START--
INFO: Run Behavior\ShowPageTrace [ RunTime:0.000000s ]
INFO: [ app_end ] --END-- [ RunTime:0.000000s ]

[ 2017-11-06T13:04:38+08:00 ] 127.0.0.1 /index.php/admin/index
INFO: [ app_init ] --START--
INFO: [ app_init ] --END-- [ RunTime:0.000000s ]
INFO: [ path_info ] --START--
INFO: [ path_info ] --END-- [ RunTime:0.000000s ]
INFO: [ app_begin ] --START--
INFO: Run Behavior\ReadHtmlCache [ RunTime:0.000000s ]
INFO: Run Behavior\ReadHtmlCache [ RunTime:0.000000s ]
INFO: Run Behavior\CheckLang [ RunTime:0.001000s ]
INFO: [ app_begin ] --END-- [ RunTime:0.001000s ]
INFO: [ action_begin ] --START--
INFO: [ action_begin ] --END-- [ RunTime:0.001000s ]
NOTIC: [8] Undefined index: mg_id D:\phpStudy\WWW\buniessProject\Project\Component\AdminController.class.php 第 21 行.
NOTIC: [8192] mysql_connect(): The mysql extension is deprecated and will be removed in the future: use mysqli or PDO instead D:\phpStudy\WWW\buniessProject\Firame\Library\Think\Db\Driver\Mysql.class.php 第 53 行.
SQL: select role_auth_ac from yw_manager a join yw_role b on a.mg_role_id=b.role_id where a.mg_id= [ RunTime:0.000000s ]
ERR: 1064:You have an error in your SQL syntax; check the manual that corresponds to your MySQL server version for the right syntax to use near '' at line 1
 [ SQL语句 ] : select role_auth_ac from yw_manager a join yw_role b on a.mg_role_id=b.role_id where a.mg_id=
NOTIC: [8] Undefined index: mg_id D:\phpStudy\WWW\buniessProject\Project\Admin\Controller\IndexController.class.php 第 11 行.
NOTIC: [8] Undefined variable: module D:\phpStudy\WWW\buniessProject\Firame\Common\functions.php 第 795 行.

[ 2017-11-06T13:04:39+08:00 ] 127.0.0.1 /index.php/admin/manager/login.html
INFO: [ app_init ] --START--
INFO: [ app_init ] --END-- [ RunTime:0.000000s ]
INFO: [ path_info ] --START--
INFO: [ path_info ] --END-- [ RunTime:0.000000s ]
INFO: [ app_begin ] --START--
INFO: Run Behavior\ReadHtmlCache [ RunTime:0.000000s ]
INFO: Run Behavior\ReadHtmlCache [ RunTime:0.000000s ]
INFO: Run Behavior\CheckLang [ RunTime:0.001000s ]
INFO: [ app_begin ] --END-- [ RunTime:0.001000s ]
INFO: [ action_begin ] --START--
INFO: [ action_begin ] --END-- [ RunTime:0.000000s ]
NOTIC: [8] Undefined index: mg_id D:\phpStudy\WWW\buniessProject\Project\Component\AdminController.class.php 第 21 行.
NOTIC: [8192] mysql_connect(): The mysql extension is deprecated and will be removed in the future: use mysqli or PDO instead D:\phpStudy\WWW\buniessProject\Firame\Library\Think\Db\Driver\Mysql.class.php 第 53 行.
SQL: select role_auth_ac from yw_manager a join yw_role b on a.mg_role_id=b.role_id where a.mg_id= [ RunTime:0.005000s ]
ERR: 1064:You have an error in your SQL syntax; check the manual that corresponds to your MySQL server version for the right syntax to use near '' at line 1
 [ SQL语句 ] : select role_auth_ac from yw_manager a join yw_role b on a.mg_role_id=b.role_id where a.mg_id=
NOTIC: [8] Undefined variable: errors D:\phpStudy\WWW\buniessProject\Project\Admin\Controller\ManagerController.class.php 第 39 行.
INFO: [ view_begin ] --START--
INFO: [ view_begin ] --END-- [ RunTime:0.000000s ]
INFO: [ view_parse ] --START--
NOTIC: [2] filemtime(): stat failed for D:/phpStudy/WWW/buniessProject/Project/Runtime/Cache\549d5cc5c169060093713b013e55d0aedba9226f.file.login.html.php D:\phpStudy\WWW\buniessProject\Firame\Library\Vendor\Smarty\sysplugins\smarty_resource.php 第 683 行.
NOTIC: [2] unlink(D:/phpStudy/WWW/buniessProject/Project/Runtime/Cache\549d5cc5c169060093713b013e55d0aedba9226f.file.login.html.php): No such file or directory D:\phpStudy\WWW\buniessProject\Firame\Library\Vendor\Smarty\sysplugins\smarty_internal_write_file.php 第 49 行.
INFO: Run Behavior\ParseTemplate [ RunTime:0.073004s ]
INFO: [ view_parse ] --END-- [ RunTime:0.073004s ]
INFO: [ view_filter ] --START--
INFO: Run Behavior\WriteHtmlCache [ RunTime:0.000000s ]
INFO: [ view_filter ] --END-- [ RunTime:0.000000s ]
INFO: [ view_end ] --START--
INFO: [ view_end ] --END-- [ RunTime:0.000000s ]
INFO: [ app_end ] --START--
INFO: Run Behavior\ShowPageTrace [ RunTime:0.000000s ]
INFO: [ app_end ] --END-- [ RunTime:0.000000s ]

[ 2017-11-06T13:04:39+08:00 ] 127.0.0.1 /index.php/admin/manager/verifyImg
INFO: [ app_init ] --START--
INFO: [ app_init ] --END-- [ RunTime:0.001000s ]
INFO: [ path_info ] --START--
INFO: [ path_info ] --END-- [ RunTime:0.000000s ]
INFO: [ app_begin ] --START--
INFO: Run Behavior\ReadHtmlCache [ RunTime:0.000000s ]
INFO: Run Behavior\ReadHtmlCache [ RunTime:0.000000s ]
INFO: Run Behavior\CheckLang [ RunTime:0.004000s ]
INFO: [ app_begin ] --END-- [ RunTime:0.004000s ]
INFO: [ action_begin ] --START--
INFO: [ action_begin ] --END-- [ RunTime:0.000000s ]
NOTIC: [8] Undefined index: mg_id D:\phpStudy\WWW\buniessProject\Project\Component\AdminController.class.php 第 21 行.
NOTIC: [8192] mysql_connect(): The mysql extension is deprecated and will be removed in the future: use mysqli or PDO instead D:\phpStudy\WWW\buniessProject\Firame\Library\Think\Db\Driver\Mysql.class.php 第 53 行.
SQL: select role_auth_ac from yw_manager a join yw_role b on a.mg_role_id=b.role_id where a.mg_id= [ RunTime:0.000000s ]
ERR: 1064:You have an error in your SQL syntax; check the manual that corresponds to your MySQL server version for the right syntax to use near '' at line 1
 [ SQL语句 ] : select role_auth_ac from yw_manager a join yw_role b on a.mg_role_id=b.role_id where a.mg_id=
NOTIC: [8] Undefined index: mg_id D:\phpStudy\WWW\buniessProject\Project\Component\AdminController.class.php 第 31 行.
NOTIC: [8] Undefined variable: module D:\phpStudy\WWW\buniessProject\Firame\Common\functions.php 第 795 行.

[ 2017-11-06T13:04:39+08:00 ] 127.0.0.1 /index.php/admin/manager/login.html
INFO: [ app_init ] --START--
INFO: [ app_init ] --END-- [ RunTime:0.001000s ]
INFO: [ path_info ] --START--
INFO: [ path_info ] --END-- [ RunTime:0.000000s ]
INFO: [ app_begin ] --START--
INFO: Run Behavior\ReadHtmlCache [ RunTime:0.000000s ]
INFO: Run Behavior\ReadHtmlCache [ RunTime:0.000000s ]
INFO: Run Behavior\CheckLang [ RunTime:0.001000s ]
INFO: [ app_begin ] --END-- [ RunTime:0.001000s ]
INFO: [ action_begin ] --START--
INFO: [ action_begin ] --END-- [ RunTime:0.000000s ]
NOTIC: [8] Undefined index: mg_id D:\phpStudy\WWW\buniessProject\Project\Component\AdminController.class.php 第 21 行.
NOTIC: [8192] mysql_connect(): The mysql extension is deprecated and will be removed in the future: use mysqli or PDO instead D:\phpStudy\WWW\buniessProject\Firame\Library\Think\Db\Driver\Mysql.class.php 第 53 行.
SQL: select role_auth_ac from yw_manager a join yw_role b on a.mg_role_id=b.role_id where a.mg_id= [ RunTime:0.000000s ]
ERR: 1064:You have an error in your SQL syntax; check the manual that corresponds to your MySQL server version for the right syntax to use near '' at line 1
 [ SQL语句 ] : select role_auth_ac from yw_manager a join yw_role b on a.mg_role_id=b.role_id where a.mg_id=
NOTIC: [8] Undefined variable: errors D:\phpStudy\WWW\buniessProject\Project\Admin\Controller\ManagerController.class.php 第 39 行.
INFO: [ view_begin ] --START--
INFO: [ view_begin ] --END-- [ RunTime:0.000000s ]
INFO: [ view_parse ] --START--
INFO: Run Behavior\ParseTemplate [ RunTime:0.009001s ]
INFO: [ view_parse ] --END-- [ RunTime:0.009001s ]
INFO: [ view_filter ] --START--
INFO: Run Behavior\WriteHtmlCache [ RunTime:0.000000s ]
INFO: [ view_filter ] --END-- [ RunTime:0.000000s ]
INFO: [ view_end ] --START--
INFO: [ view_end ] --END-- [ RunTime:0.000000s ]
INFO: [ app_end ] --START--
INFO: Run Behavior\ShowPageTrace [ RunTime:0.000000s ]
INFO: [ app_end ] --END-- [ RunTime:0.000000s ]

[ 2017-11-06T13:04:41+08:00 ] 127.0.0.1 /index.php/admin/manager/login.html
INFO: [ app_init ] --START--
INFO: [ app_init ] --END-- [ RunTime:0.000000s ]
INFO: [ path_info ] --START--
INFO: [ path_info ] --END-- [ RunTime:0.000000s ]
INFO: [ app_begin ] --START--
INFO: Run Behavior\ReadHtmlCache [ RunTime:0.000000s ]
INFO: Run Behavior\ReadHtmlCache [ RunTime:0.000000s ]
INFO: Run Behavior\CheckLang [ RunTime:0.001000s ]
INFO: [ app_begin ] --END-- [ RunTime:0.001000s ]
INFO: [ action_begin ] --START--
INFO: [ action_begin ] --END-- [ RunTime:0.000000s ]
NOTIC: [8] Undefined index: mg_id D:\phpStudy\WWW\buniessProject\Project\Component\AdminController.class.php 第 21 行.
NOTIC: [8192] mysql_connect(): The mysql extension is deprecated and will be removed in the future: use mysqli or PDO instead D:\phpStudy\WWW\buniessProject\Firame\Library\Think\Db\Driver\Mysql.class.php 第 53 行.
SQL: select role_auth_ac from yw_manager a join yw_role b on a.mg_role_id=b.role_id where a.mg_id= [ RunTime:0.001001s ]
ERR: 1064:You have an error in your SQL syntax; check the manual that corresponds to your MySQL server version for the right syntax to use near '' at line 1
 [ SQL语句 ] : select role_auth_ac from yw_manager a join yw_role b on a.mg_role_id=b.role_id where a.mg_id=
NOTIC: [8] Undefined variable: errors D:\phpStudy\WWW\buniessProject\Project\Admin\Controller\ManagerController.class.php 第 39 行.
INFO: [ view_begin ] --START--
INFO: [ view_begin ] --END-- [ RunTime:0.000000s ]
INFO: [ view_parse ] --START--
INFO: Run Behavior\ParseTemplate [ RunTime:0.005000s ]
INFO: [ view_parse ] --END-- [ RunTime:0.005000s ]
INFO: [ view_filter ] --START--
INFO: Run Behavior\WriteHtmlCache [ RunTime:0.000000s ]
INFO: [ view_filter ] --END-- [ RunTime:0.000000s ]
INFO: [ view_end ] --START--
INFO: [ view_end ] --END-- [ RunTime:0.000000s ]
INFO: [ app_end ] --START--
INFO: Run Behavior\ShowPageTrace [ RunTime:0.000000s ]
INFO: [ app_end ] --END-- [ RunTime:0.000000s ]

[ 2017-11-06T13:04:41+08:00 ] 127.0.0.1 /index.php/admin/manager/verifyImg
INFO: [ app_init ] --START--
INFO: [ app_init ] --END-- [ RunTime:0.000000s ]
INFO: [ path_info ] --START--
INFO: [ path_info ] --END-- [ RunTime:0.000000s ]
INFO: [ app_begin ] --START--
INFO: Run Behavior\ReadHtmlCache [ RunTime:0.000000s ]
INFO: Run Behavior\ReadHtmlCache [ RunTime:0.000000s ]
INFO: Run Behavior\CheckLang [ RunTime:0.001000s ]
INFO: [ app_begin ] --END-- [ RunTime:0.001000s ]
INFO: [ action_begin ] --START--
INFO: [ action_begin ] --END-- [ RunTime:0.000000s ]
NOTIC: [8] Undefined index: mg_id D:\phpStudy\WWW\buniessProject\Project\Component\AdminController.class.php 第 21 行.
NOTIC: [8192] mysql_connect(): The mysql extension is deprecated and will be removed in the future: use mysqli or PDO instead D:\phpStudy\WWW\buniessProject\Firame\Library\Think\Db\Driver\Mysql.class.php 第 53 行.
SQL: select role_auth_ac from yw_manager a join yw_role b on a.mg_role_id=b.role_id where a.mg_id= [ RunTime:0.000000s ]
ERR: 1064:You have an error in your SQL syntax; check the manual that corresponds to your MySQL server version for the right syntax to use near '' at line 1
 [ SQL语句 ] : select role_auth_ac from yw_manager a join yw_role b on a.mg_role_id=b.role_id where a.mg_id=
NOTIC: [8] Undefined index: mg_id D:\phpStudy\WWW\buniessProject\Project\Component\AdminController.class.php 第 31 行.
NOTIC: [8] Undefined variable: module D:\phpStudy\WWW\buniessProject\Firame\Common\functions.php 第 795 行.

[ 2017-11-06T13:04:41+08:00 ] 127.0.0.1 /index.php/admin/manager/login.html
INFO: [ app_init ] --START--
INFO: [ app_init ] --END-- [ RunTime:0.000000s ]
INFO: [ path_info ] --START--
INFO: [ path_info ] --END-- [ RunTime:0.000000s ]
INFO: [ app_begin ] --START--
INFO: Run Behavior\ReadHtmlCache [ RunTime:0.000000s ]
INFO: Run Behavior\ReadHtmlCache [ RunTime:0.000000s ]
INFO: Run Behavior\CheckLang [ RunTime:0.002000s ]
INFO: [ app_begin ] --END-- [ RunTime:0.002000s ]
INFO: [ action_begin ] --START--
INFO: [ action_begin ] --END-- [ RunTime:0.000000s ]
NOTIC: [8] Undefined index: mg_id D:\phpStudy\WWW\buniessProject\Project\Component\AdminController.class.php 第 21 行.
NOTIC: [8192] mysql_connect(): The mysql extension is deprecated and will be removed in the future: use mysqli or PDO instead D:\phpStudy\WWW\buniessProject\Firame\Library\Think\Db\Driver\Mysql.class.php 第 53 行.
SQL: select role_auth_ac from yw_manager a join yw_role b on a.mg_role_id=b.role_id where a.mg_id= [ RunTime:0.000000s ]
ERR: 1064:You have an error in your SQL syntax; check the manual that corresponds to your MySQL server version for the right syntax to use near '' at line 1
 [ SQL语句 ] : select role_auth_ac from yw_manager a join yw_role b on a.mg_role_id=b.role_id where a.mg_id=
NOTIC: [8] Undefined variable: errors D:\phpStudy\WWW\buniessProject\Project\Admin\Controller\ManagerController.class.php 第 39 行.
INFO: [ view_begin ] --START--
INFO: [ view_begin ] --END-- [ RunTime:0.000000s ]
INFO: [ view_parse ] --START--
INFO: Run Behavior\ParseTemplate [ RunTime:0.006000s ]
INFO: [ view_parse ] --END-- [ RunTime:0.006000s ]
INFO: [ view_filter ] --START--
INFO: Run Behavior\WriteHtmlCache [ RunTime:0.000000s ]
INFO: [ view_filter ] --END-- [ RunTime:0.000000s ]
INFO: [ view_end ] --START--
INFO: [ view_end ] --END-- [ RunTime:0.000000s ]
INFO: [ app_end ] --START--
INFO: Run Behavior\ShowPageTrace [ RunTime:0.000000s ]
INFO: [ app_end ] --END-- [ RunTime:0.000000s ]

[ 2017-11-06T13:04:41+08:00 ] 127.0.0.1 /index.php/admin/manager/login.html
INFO: [ app_init ] --START--
INFO: [ app_init ] --END-- [ RunTime:0.000000s ]
INFO: [ path_info ] --START--
INFO: [ path_info ] --END-- [ RunTime:0.000000s ]
INFO: [ app_begin ] --START--
INFO: Run Behavior\ReadHtmlCache [ RunTime:0.000000s ]
INFO: Run Behavior\ReadHtmlCache [ RunTime:0.000000s ]
INFO: Run Behavior\CheckLang [ RunTime:0.001001s ]
INFO: [ app_begin ] --END-- [ RunTime:0.001001s ]
INFO: [ action_begin ] --START--
INFO: [ action_begin ] --END-- [ RunTime:0.000000s ]
NOTIC: [8] Undefined index: mg_id D:\phpStudy\WWW\buniessProject\Project\Component\AdminController.class.php 第 21 行.
NOTIC: [8192] mysql_connect(): The mysql extension is deprecated and will be removed in the future: use mysqli or PDO instead D:\phpStudy\WWW\buniessProject\Firame\Library\Think\Db\Driver\Mysql.class.php 第 53 行.
SQL: select role_auth_ac from yw_manager a join yw_role b on a.mg_role_id=b.role_id where a.mg_id= [ RunTime:0.001000s ]
ERR: 1064:You have an error in your SQL syntax; check the manual that corresponds to your MySQL server version for the right syntax to use near '' at line 1
 [ SQL语句 ] : select role_auth_ac from yw_manager a join yw_role b on a.mg_role_id=b.role_id where a.mg_id=
NOTIC: [8] Undefined variable: errors D:\phpStudy\WWW\buniessProject\Project\Admin\Controller\ManagerController.class.php 第 39 行.
INFO: [ view_begin ] --START--
INFO: [ view_begin ] --END-- [ RunTime:0.000000s ]
INFO: [ view_parse ] --START--
INFO: Run Behavior\ParseTemplate [ RunTime:0.005000s ]
INFO: [ view_parse ] --END-- [ RunTime:0.005000s ]
INFO: [ view_filter ] --START--
INFO: Run Behavior\WriteHtmlCache [ RunTime:0.000000s ]
INFO: [ view_filter ] --END-- [ RunTime:0.000000s ]
INFO: [ view_end ] --START--
INFO: [ view_end ] --END-- [ RunTime:0.000000s ]
INFO: [ app_end ] --START--
INFO: Run Behavior\ShowPageTrace [ RunTime:0.000000s ]
INFO: [ app_end ] --END-- [ RunTime:0.000000s ]

[ 2017-11-06T13:04:41+08:00 ] 127.0.0.1 /index.php/admin/manager/verifyImg
INFO: [ app_init ] --START--
INFO: [ app_init ] --END-- [ RunTime:0.000000s ]
INFO: [ path_info ] --START--
INFO: [ path_info ] --END-- [ RunTime:0.000000s ]
INFO: [ app_begin ] --START--
INFO: Run Behavior\ReadHtmlCache [ RunTime:0.000000s ]
INFO: Run Behavior\ReadHtmlCache [ RunTime:0.000000s ]
INFO: Run Behavior\CheckLang [ RunTime:0.000000s ]
INFO: [ app_begin ] --END-- [ RunTime:0.000000s ]
INFO: [ action_begin ] --START--
INFO: [ action_begin ] --END-- [ RunTime:0.000000s ]
NOTIC: [8] Undefined index: mg_id D:\phpStudy\WWW\buniessProject\Project\Component\AdminController.class.php 第 21 行.
NOTIC: [8192] mysql_connect(): The mysql extension is deprecated and will be removed in the future: use mysqli or PDO instead D:\phpStudy\WWW\buniessProject\Firame\Library\Think\Db\Driver\Mysql.class.php 第 53 行.
SQL: select role_auth_ac from yw_manager a join yw_role b on a.mg_role_id=b.role_id where a.mg_id= [ RunTime:0.001000s ]
ERR: 1064:You have an error in your SQL syntax; check the manual that corresponds to your MySQL server version for the right syntax to use near '' at line 1
 [ SQL语句 ] : select role_auth_ac from yw_manager a join yw_role b on a.mg_role_id=b.role_id where a.mg_id=
NOTIC: [8] Undefined index: mg_id D:\phpStudy\WWW\buniessProject\Project\Component\AdminController.class.php 第 31 行.
NOTIC: [8] Undefined variable: module D:\phpStudy\WWW\buniessProject\Firame\Common\functions.php 第 795 行.

[ 2017-11-06T13:04:41+08:00 ] 127.0.0.1 /index.php/admin/manager/login.html
INFO: [ app_init ] --START--
INFO: [ app_init ] --END-- [ RunTime:0.000000s ]
INFO: [ path_info ] --START--
INFO: [ path_info ] --END-- [ RunTime:0.000000s ]
INFO: [ app_begin ] --START--
INFO: Run Behavior\ReadHtmlCache [ RunTime:0.000000s ]
INFO: Run Behavior\ReadHtmlCache [ RunTime:0.000000s ]
INFO: Run Behavior\CheckLang [ RunTime:0.001000s ]
INFO: [ app_begin ] --END-- [ RunTime:0.001000s ]
INFO: [ action_begin ] --START--
INFO: [ action_begin ] --END-- [ RunTime:0.000000s ]
NOTIC: [8] Undefined index: mg_id D:\phpStudy\WWW\buniessProject\Project\Component\AdminController.class.php 第 21 行.
NOTIC: [8192] mysql_connect(): The mysql extension is deprecated and will be removed in the future: use mysqli or PDO instead D:\phpStudy\WWW\buniessProject\Firame\Library\Think\Db\Driver\Mysql.class.php 第 53 行.
SQL: select role_auth_ac from yw_manager a join yw_role b on a.mg_role_id=b.role_id where a.mg_id= [ RunTime:0.000000s ]
ERR: 1064:You have an error in your SQL syntax; check the manual that corresponds to your MySQL server version for the right syntax to use near '' at line 1
 [ SQL语句 ] : select role_auth_ac from yw_manager a join yw_role b on a.mg_role_id=b.role_id where a.mg_id=
NOTIC: [8] Undefined variable: errors D:\phpStudy\WWW\buniessProject\Project\Admin\Controller\ManagerController.class.php 第 39 行.
INFO: [ view_begin ] --START--
INFO: [ view_begin ] --END-- [ RunTime:0.000000s ]
INFO: [ view_parse ] --START--
INFO: Run Behavior\ParseTemplate [ RunTime:0.012001s ]
INFO: [ view_parse ] --END-- [ RunTime:0.012001s ]
INFO: [ view_filter ] --START--
INFO: Run Behavior\WriteHtmlCache [ RunTime:0.000000s ]
INFO: [ view_filter ] --END-- [ RunTime:0.000000s ]
INFO: [ view_end ] --START--
INFO: [ view_end ] --END-- [ RunTime:0.000000s ]
INFO: [ app_end ] --START--
INFO: Run Behavior\ShowPageTrace [ RunTime:0.000000s ]
INFO: [ app_end ] --END-- [ RunTime:0.000000s ]

[ 2017-11-06T13:04:41+08:00 ] 127.0.0.1 /index.php/admin/manager/login.html
INFO: [ app_init ] --START--
INFO: [ app_init ] --END-- [ RunTime:0.002000s ]
INFO: [ path_info ] --START--
INFO: [ path_info ] --END-- [ RunTime:0.000000s ]
INFO: [ app_begin ] --START--
INFO: Run Behavior\ReadHtmlCache [ RunTime:0.000000s ]
INFO: Run Behavior\ReadHtmlCache [ RunTime:0.001001s ]
INFO: Run Behavior\CheckLang [ RunTime:0.002000s ]
INFO: [ app_begin ] --END-- [ RunTime:0.003001s ]
INFO: [ action_begin ] --START--
INFO: [ action_begin ] --END-- [ RunTime:0.000000s ]
NOTIC: [8] Undefined index: mg_id D:\phpStudy\WWW\buniessProject\Project\Component\AdminController.class.php 第 21 行.
NOTIC: [8192] mysql_connect(): The mysql extension is deprecated and will be removed in the future: use mysqli or PDO instead D:\phpStudy\WWW\buniessProject\Firame\Library\Think\Db\Driver\Mysql.class.php 第 53 行.
SQL: select role_auth_ac from yw_manager a join yw_role b on a.mg_role_id=b.role_id where a.mg_id= [ RunTime:0.000000s ]
ERR: 1064:You have an error in your SQL syntax; check the manual that corresponds to your MySQL server version for the right syntax to use near '' at line 1
 [ SQL语句 ] : select role_auth_ac from yw_manager a join yw_role b on a.mg_role_id=b.role_id where a.mg_id=
NOTIC: [8] Undefined variable: errors D:\phpStudy\WWW\buniessProject\Project\Admin\Controller\ManagerController.class.php 第 39 行.
INFO: [ view_begin ] --START--
INFO: [ view_begin ] --END-- [ RunTime:0.000000s ]
INFO: [ view_parse ] --START--
INFO: Run Behavior\ParseTemplate [ RunTime:0.015000s ]
INFO: [ view_parse ] --END-- [ RunTime:0.015000s ]
INFO: [ view_filter ] --START--
INFO: Run Behavior\WriteHtmlCache [ RunTime:0.000000s ]
INFO: [ view_filter ] --END-- [ RunTime:0.000000s ]
INFO: [ view_end ] --START--
INFO: [ view_end ] --END-- [ RunTime:0.000000s ]
INFO: [ app_end ] --START--
INFO: Run Behavior\ShowPageTrace [ RunTime:0.000000s ]
INFO: [ app_end ] --END-- [ RunTime:0.000000s ]

[ 2017-11-06T13:04:42+08:00 ] 127.0.0.1 /index.php/admin/manager/login.html
INFO: [ app_init ] --START--
INFO: [ app_init ] --END-- [ RunTime:0.001000s ]
INFO: [ path_info ] --START--
INFO: [ path_info ] --END-- [ RunTime:0.000000s ]
INFO: [ app_begin ] --START--
INFO: Run Behavior\ReadHtmlCache [ RunTime:0.000000s ]
INFO: Run Behavior\ReadHtmlCache [ RunTime:0.000000s ]
INFO: Run Behavior\CheckLang [ RunTime:0.002000s ]
INFO: [ app_begin ] --END-- [ RunTime:0.002000s ]
INFO: [ action_begin ] --START--
INFO: [ action_begin ] --END-- [ RunTime:0.000000s ]
NOTIC: [8] Undefined index: mg_id D:\phpStudy\WWW\buniessProject\Project\Component\AdminController.class.php 第 21 行.
NOTIC: [8192] mysql_connect(): The mysql extension is deprecated and will be removed in the future: use mysqli or PDO instead D:\phpStudy\WWW\buniessProject\Firame\Library\Think\Db\Driver\Mysql.class.php 第 53 行.
SQL: select role_auth_ac from yw_manager a join yw_role b on a.mg_role_id=b.role_id where a.mg_id= [ RunTime:0.000000s ]
ERR: 1064:You have an error in your SQL syntax; check the manual that corresponds to your MySQL server version for the right syntax to use near '' at line 1
 [ SQL语句 ] : select role_auth_ac from yw_manager a join yw_role b on a.mg_role_id=b.role_id where a.mg_id=
NOTIC: [8] Undefined variable: errors D:\phpStudy\WWW\buniessProject\Project\Admin\Controller\ManagerController.class.php 第 39 行.
INFO: [ view_begin ] --START--
INFO: [ view_begin ] --END-- [ RunTime:0.001000s ]
INFO: [ view_parse ] --START--
INFO: Run Behavior\ParseTemplate [ RunTime:0.012001s ]
INFO: [ view_parse ] --END-- [ RunTime:0.012001s ]
INFO: [ view_filter ] --START--
INFO: Run Behavior\WriteHtmlCache [ RunTime:0.000000s ]
INFO: [ view_filter ] --END-- [ RunTime:0.000000s ]
INFO: [ view_end ] --START--
INFO: [ view_end ] --END-- [ RunTime:0.000000s ]
INFO: [ app_end ] --START--
INFO: Run Behavior\ShowPageTrace [ RunTime:0.000000s ]
INFO: [ app_end ] --END-- [ RunTime:0.000000s ]

[ 2017-11-06T13:04:42+08:00 ] 127.0.0.1 /index.php/admin/manager/verifyImg
INFO: [ app_init ] --START--
INFO: [ app_init ] --END-- [ RunTime:0.001000s ]
INFO: [ path_info ] --START--
INFO: [ path_info ] --END-- [ RunTime:0.001000s ]
INFO: [ app_begin ] --START--
INFO: Run Behavior\ReadHtmlCache [ RunTime:0.000000s ]
INFO: Run Behavior\ReadHtmlCache [ RunTime:0.000000s ]
INFO: Run Behavior\CheckLang [ RunTime:0.002000s ]
INFO: [ app_begin ] --END-- [ RunTime:0.002000s ]
INFO: [ action_begin ] --START--
INFO: [ action_begin ] --END-- [ RunTime:0.000000s ]
NOTIC: [8] Undefined index: mg_id D:\phpStudy\WWW\buniessProject\Project\Component\AdminController.class.php 第 21 行.
NOTIC: [8192] mysql_connect(): The mysql extension is deprecated and will be removed in the future: use mysqli or PDO instead D:\phpStudy\WWW\buniessProject\Firame\Library\Think\Db\Driver\Mysql.class.php 第 53 行.
SQL: select role_auth_ac from yw_manager a join yw_role b on a.mg_role_id=b.role_id where a.mg_id= [ RunTime:0.000000s ]
ERR: 1064:You have an error in your SQL syntax; check the manual that corresponds to your MySQL server version for the right syntax to use near '' at line 1
 [ SQL语句 ] : select role_auth_ac from yw_manager a join yw_role b on a.mg_role_id=b.role_id where a.mg_id=
NOTIC: [8] Undefined index: mg_id D:\phpStudy\WWW\buniessProject\Project\Component\AdminController.class.php 第 31 行.
NOTIC: [8] Undefined variable: module D:\phpStudy\WWW\buniessProject\Firame\Common\functions.php 第 795 行.

[ 2017-11-06T13:04:42+08:00 ] 127.0.0.1 /index.php/admin/manager/login.html
INFO: [ app_init ] --START--
INFO: [ app_init ] --END-- [ RunTime:0.000000s ]
INFO: [ path_info ] --START--
INFO: [ path_info ] --END-- [ RunTime:0.000000s ]
INFO: [ app_begin ] --START--
INFO: Run Behavior\ReadHtmlCache [ RunTime:0.000000s ]
INFO: Run Behavior\ReadHtmlCache [ RunTime:0.000000s ]
INFO: Run Behavior\CheckLang [ RunTime:0.003000s ]
INFO: [ app_begin ] --END-- [ RunTime:0.004000s ]
INFO: [ action_begin ] --START--
INFO: [ action_begin ] --END-- [ RunTime:0.000000s ]
NOTIC: [8] Undefined index: mg_id D:\phpStudy\WWW\buniessProject\Project\Component\AdminController.class.php 第 21 行.
NOTIC: [8192] mysql_connect(): The mysql extension is deprecated and will be removed in the future: use mysqli or PDO instead D:\phpStudy\WWW\buniessProject\Firame\Library\Think\Db\Driver\Mysql.class.php 第 53 行.
SQL: select role_auth_ac from yw_manager a join yw_role b on a.mg_role_id=b.role_id where a.mg_id= [ RunTime:0.000000s ]
ERR: 1064:You have an error in your SQL syntax; check the manual that corresponds to your MySQL server version for the right syntax to use near '' at line 1
 [ SQL语句 ] : select role_auth_ac from yw_manager a join yw_role b on a.mg_role_id=b.role_id where a.mg_id=
NOTIC: [8] Undefined variable: errors D:\phpStudy\WWW\buniessProject\Project\Admin\Controller\ManagerController.class.php 第 39 行.
INFO: [ view_begin ] --START--
INFO: [ view_begin ] --END-- [ RunTime:0.000000s ]
INFO: [ view_parse ] --START--
INFO: Run Behavior\ParseTemplate [ RunTime:0.014001s ]
INFO: [ view_parse ] --END-- [ RunTime:0.015001s ]
INFO: [ view_filter ] --START--
INFO: Run Behavior\WriteHtmlCache [ RunTime:0.000000s ]
INFO: [ view_filter ] --END-- [ RunTime:0.000000s ]
INFO: [ view_end ] --START--
INFO: [ view_end ] --END-- [ RunTime:0.000000s ]
INFO: [ app_end ] --START--
INFO: Run Behavior\ShowPageTrace [ RunTime:0.000000s ]
INFO: [ app_end ] --END-- [ RunTime:0.000000s ]

[ 2017-11-06T13:05:09+08:00 ] 127.0.0.1 /index.php/admin/manager/login.html
ERR: 无法加载控制器:manager

[ 2017-11-06T13:05:14+08:00 ] 127.0.0.1 /index.php/admin/manager/login.html
ERR: 无法加载控制器:manager

[ 2017-11-06T13:05:28+08:00 ] 127.0.0.1 /index.php/admin/manager/login.html
ERR: 无法加载控制器:manager

[ 2017-11-06T13:05:35+08:00 ] 127.0.0.1 /index.php/admin/manager/login.html
ERR: 无法加载控制器:manager

[ 2017-11-06T13:05:39+08:00 ] 127.0.0.1 /index.php/admin/manager/login.html
ERR: 无法加载控制器:manager

