[ 2017-10-27T09:04:49+08:00 ] 127.0.0.1 /index.php/Admin/Index/index.html
INFO: [ app_init ] --START--
INFO: [ app_init ] --END-- [ RunTime:0.000000s ]
INFO: [ path_info ] --START--
INFO: [ path_info ] --END-- [ RunTime:0.000000s ]
INFO: [ app_begin ] --START--
INFO: Run Behavior\ReadHtmlCache [ RunTime:0.000000s ]
INFO: Run Behavior\ReadHtmlCache [ RunTime:0.000000s ]
INFO: Run Behavior\CheckLang [ RunTime:0.001000s ]
INFO: [ app_begin ] --END-- [ RunTime:0.001000s ]
INFO: [ action_begin ] --START--
INFO: [ action_begin ] --END-- [ RunTime:0.000000s ]
NOTIC: [8192] mysql_connect(): The mysql extension is deprecated and will be removed in the future: use mysqli or PDO instead D:\phpStudy\WWW\buniessProject\Firame\Library\Think\Db\Driver\Mysql.class.php 第 53 行.
SQL: select role_auth_ac from yw_manager a join yw_role b on a.mg_role_id=b.role_id where a.mg_id=1 [ RunTime:0.001000s ]
INFO: [ view_begin ] --START--
INFO: [ view_begin ] --END-- [ RunTime:0.000000s ]
INFO: [ view_parse ] --START--
INFO: Run Behavior\ParseTemplate [ RunTime:0.007000s ]
INFO: [ view_parse ] --END-- [ RunTime:0.007000s ]
INFO: [ view_filter ] --START--
INFO: Run Behavior\WriteHtmlCache [ RunTime:0.000000s ]
INFO: [ view_filter ] --END-- [ RunTime:0.000000s ]
INFO: [ view_end ] --START--
INFO: [ view_end ] --END-- [ RunTime:0.000000s ]
INFO: [ app_end ] --START--
INFO: Run Behavior\ShowPageTrace [ RunTime:0.000000s ]
INFO: [ app_end ] --END-- [ RunTime:0.000000s ]

[ 2017-10-27T09:04:50+08:00 ] 127.0.0.1 /index.php/Admin/article/add/id/1
INFO: [ app_init ] --START--
INFO: [ app_init ] --END-- [ RunTime:0.001000s ]
INFO: [ path_info ] --START--
INFO: [ path_info ] --END-- [ RunTime:0.000000s ]
INFO: [ app_begin ] --START--
INFO: Run Behavior\ReadHtmlCache [ RunTime:0.000000s ]
INFO: Run Behavior\ReadHtmlCache [ RunTime:0.000000s ]
INFO: Run Behavior\CheckLang [ RunTime:0.001000s ]
INFO: [ app_begin ] --END-- [ RunTime:0.001000s ]
INFO: [ action_begin ] --START--
INFO: [ action_begin ] --END-- [ RunTime:0.000000s ]
NOTIC: [8192] mysql_connect(): The mysql extension is deprecated and will be removed in the future: use mysqli or PDO instead D:\phpStudy\WWW\buniessProject\Firame\Library\Think\Db\Driver\Mysql.class.php 第 53 行.
SQL: select role_auth_ac from yw_manager a join yw_role b on a.mg_role_id=b.role_id where a.mg_id=1 [ RunTime:0.000000s ]
SQL: SHOW COLUMNS FROM `yw_articles` [ RunTime:0.002000s ]
SQL: SHOW COLUMNS FROM `yw_images` [ RunTime:0.002000s ]
NOTIC: [8] Undefined index: mg_img D:\phpStudy\WWW\buniessProject\Project\Admin\Controller\ArticleController.class.php 第 57 行.
SQL: SELECT * FROM `yw_articles` WHERE ( `id` = 1 ) LIMIT 1   [ RunTime:0.001000s ]
SQL: SELECT * FROM `yw_images` WHERE ( status=0 and article_id=1 )  [ RunTime:0.000000s ]
NOTIC: [8] Use of undefined constant imgArr - assumed 'imgArr' D:\phpStudy\WWW\buniessProject\Project\Admin\Controller\ArticleController.class.php 第 135 行.
NOTIC: [8] Undefined variable: Errors D:\phpStudy\WWW\buniessProject\Project\Admin\Controller\ArticleController.class.php 第 139 行.
INFO: [ view_begin ] --START--
INFO: [ view_begin ] --END-- [ RunTime:0.000000s ]
INFO: [ view_parse ] --START--
INFO: Run Behavior\ParseTemplate [ RunTime:0.074004s ]
INFO: [ view_parse ] --END-- [ RunTime:0.074004s ]
INFO: [ view_filter ] --START--
INFO: Run Behavior\WriteHtmlCache [ RunTime:0.000000s ]
INFO: [ view_filter ] --END-- [ RunTime:0.000000s ]
INFO: [ view_end ] --START--
INFO: [ view_end ] --END-- [ RunTime:0.000000s ]
INFO: [ app_end ] --START--
INFO: Run Behavior\ShowPageTrace [ RunTime:0.000000s ]
INFO: [ app_end ] --END-- [ RunTime:0.000000s ]

[ 2017-10-27T09:04:51+08:00 ] 127.0.0.1 /index.php/Admin/Common/left.html
INFO: [ app_init ] --START--
INFO: [ app_init ] --END-- [ RunTime:0.000000s ]
INFO: [ path_info ] --START--
INFO: [ path_info ] --END-- [ RunTime:0.000000s ]
INFO: [ app_begin ] --START--
INFO: Run Behavior\ReadHtmlCache [ RunTime:0.000000s ]
INFO: Run Behavior\ReadHtmlCache [ RunTime:0.000000s ]
INFO: Run Behavior\CheckLang [ RunTime:0.001001s ]
INFO: [ app_begin ] --END-- [ RunTime:0.001001s ]
INFO: [ action_begin ] --START--
INFO: [ action_begin ] --END-- [ RunTime:0.000000s ]
NOTIC: [8192] mysql_connect(): The mysql extension is deprecated and will be removed in the future: use mysqli or PDO instead D:\phpStudy\WWW\buniessProject\Firame\Library\Think\Db\Driver\Mysql.class.php 第 53 行.
SQL: select role_auth_ac from yw_manager a join yw_role b on a.mg_role_id=b.role_id where a.mg_id=1 [ RunTime:0.000000s ]
SQL: select * from yw_manager where mg_id=1 and mg_deleted=0 [ RunTime:0.000000s ]
SQL: select * from yw_role where role_id=1 and role_deleted=0 [ RunTime:0.000000s ]
SQL: select * from yw_auth where auth_level=0 and deleted=0 [ RunTime:0.000000s ]
SQL: select * from yw_auth where auth_level=1 and auth_id<>10 and deleted=0 [ RunTime:0.000000s ]
INFO: [ view_begin ] --START--
INFO: [ view_begin ] --END-- [ RunTime:0.000000s ]
INFO: [ view_parse ] --START--
NOTIC: [8] Undefined offset: 6 D:\phpStudy\WWW\buniessProject\Project\Runtime\Cache\8613f28c185d95870673e4378e2e30b98af2ffde.file.left.html.php 第 70 行.
NOTIC: [8] Undefined offset: 7 D:\phpStudy\WWW\buniessProject\Project\Runtime\Cache\8613f28c185d95870673e4378e2e30b98af2ffde.file.left.html.php 第 70 行.
NOTIC: [8] Undefined offset: 8 D:\phpStudy\WWW\buniessProject\Project\Runtime\Cache\8613f28c185d95870673e4378e2e30b98af2ffde.file.left.html.php 第 70 行.
INFO: Run Behavior\ParseTemplate [ RunTime:0.011001s ]
INFO: [ view_parse ] --END-- [ RunTime:0.011001s ]
INFO: [ view_filter ] --START--
INFO: Run Behavior\WriteHtmlCache [ RunTime:0.000000s ]
INFO: [ view_filter ] --END-- [ RunTime:0.000000s ]
INFO: [ view_end ] --START--
INFO: [ view_end ] --END-- [ RunTime:0.000000s ]
INFO: [ app_end ] --START--
INFO: Run Behavior\ShowPageTrace [ RunTime:0.000000s ]
INFO: [ app_end ] --END-- [ RunTime:0.000000s ]

[ 2017-10-27T09:04:57+08:00 ] 127.0.0.1 /index.php/Admin/Article/showlist
INFO: [ app_init ] --START--
INFO: [ app_init ] --END-- [ RunTime:0.000000s ]
INFO: [ path_info ] --START--
INFO: [ path_info ] --END-- [ RunTime:0.000000s ]
INFO: [ app_begin ] --START--
INFO: Run Behavior\ReadHtmlCache [ RunTime:0.000000s ]
INFO: Run Behavior\ReadHtmlCache [ RunTime:0.000000s ]
INFO: Run Behavior\CheckLang [ RunTime:0.001000s ]
INFO: [ app_begin ] --END-- [ RunTime:0.001000s ]
INFO: [ action_begin ] --START--
INFO: [ action_begin ] --END-- [ RunTime:0.000000s ]
NOTIC: [8192] mysql_connect(): The mysql extension is deprecated and will be removed in the future: use mysqli or PDO instead D:\phpStudy\WWW\buniessProject\Firame\Library\Think\Db\Driver\Mysql.class.php 第 53 行.
SQL: select role_auth_ac from yw_manager a join yw_role b on a.mg_role_id=b.role_id where a.mg_id=1 [ RunTime:0.001000s ]
SQL: SHOW COLUMNS FROM `yw_articles` [ RunTime:0.000000s ]
NOTIC: [8] Undefined index: title D:\phpStudy\WWW\buniessProject\Project\Admin\Controller\ArticleController.class.php 第 15 行.
NOTIC: [8] Undefined variable: condition D:\phpStudy\WWW\buniessProject\Project\Admin\Controller\ArticleController.class.php 第 23 行.
SQL: SELECT COUNT(*) AS tp_count FROM `yw_articles` WHERE ( status=0 ) LIMIT 1   [ RunTime:0.001000s ]
NOTIC: [8] Undefined variable: condition D:\phpStudy\WWW\buniessProject\Project\Admin\Controller\ArticleController.class.php 第 28 行.
SQL: select * from `yw_articles` where 1=1 and status=0  order by sort desc Limit 0, 14 [ RunTime:0.001000s ]
NOTIC: [8] Undefined offset: 8 D:\phpStudy\WWW\buniessProject\Project\Component\Page.class.php 第 151 行.
INFO: [ view_begin ] --START--
INFO: [ view_begin ] --END-- [ RunTime:0.000000s ]
INFO: [ view_parse ] --START--
INFO: Run Behavior\ParseTemplate [ RunTime:0.043602s ]
INFO: [ view_parse ] --END-- [ RunTime:0.043602s ]
INFO: [ view_filter ] --START--
INFO: Run Behavior\WriteHtmlCache [ RunTime:0.000000s ]
INFO: [ view_filter ] --END-- [ RunTime:0.000000s ]
INFO: [ view_end ] --START--
INFO: [ view_end ] --END-- [ RunTime:0.000000s ]
INFO: [ app_end ] --START--
INFO: Run Behavior\ShowPageTrace [ RunTime:0.000000s ]
INFO: [ app_end ] --END-- [ RunTime:0.000000s ]

[ 2017-10-27T09:04:58+08:00 ] 127.0.0.1 /index.php/Admin/Manager/showlist
INFO: [ app_init ] --START--
INFO: [ app_init ] --END-- [ RunTime:0.000000s ]
INFO: [ path_info ] --START--
INFO: [ path_info ] --END-- [ RunTime:0.000000s ]
INFO: [ app_begin ] --START--
INFO: Run Behavior\ReadHtmlCache [ RunTime:0.000000s ]
INFO: Run Behavior\ReadHtmlCache [ RunTime:0.000000s ]
INFO: Run Behavior\CheckLang [ RunTime:0.001000s ]
INFO: [ app_begin ] --END-- [ RunTime:0.001000s ]
INFO: [ action_begin ] --START--
INFO: [ action_begin ] --END-- [ RunTime:0.001000s ]
NOTIC: [8192] mysql_connect(): The mysql extension is deprecated and will be removed in the future: use mysqli or PDO instead D:\phpStudy\WWW\buniessProject\Firame\Library\Think\Db\Driver\Mysql.class.php 第 53 行.
SQL: select role_auth_ac from yw_manager a join yw_role b on a.mg_role_id=b.role_id where a.mg_id=1 [ RunTime:0.000000s ]
SQL: SHOW COLUMNS FROM `yw_manager` [ RunTime:0.000000s ]
NOTIC: [8] Undefined index: mg_real_name D:\phpStudy\WWW\buniessProject\Project\Admin\Controller\ManagerController.class.php 第 74 行.
NOTIC: [8] Undefined variable: condition D:\phpStudy\WWW\buniessProject\Project\Admin\Controller\ManagerController.class.php 第 82 行.
SQL: SELECT COUNT(*) AS tp_count FROM `yw_manager` WHERE ( mg_deleted=0 ) LIMIT 1   [ RunTime:0.000000s ]
NOTIC: [8] Undefined variable: condition D:\phpStudy\WWW\buniessProject\Project\Admin\Controller\ManagerController.class.php 第 87 行.
SQL: select * from `yw_manager` where 1=1 and mg_deleted=0  order by mg_id desc Limit 0, 14 [ RunTime:0.000000s ]
NOTIC: [8] Undefined offset: 8 D:\phpStudy\WWW\buniessProject\Project\Component\Page.class.php 第 151 行.
SQL: SHOW COLUMNS FROM `yw_role` [ RunTime:0.000000s ]
SQL: SELECT * FROM `yw_role`  [ RunTime:0.001000s ]
INFO: [ view_begin ] --START--
INFO: [ view_begin ] --END-- [ RunTime:0.000000s ]
INFO: [ view_parse ] --START--
NOTIC: [8] Undefined index:  D:\phpStudy\WWW\buniessProject\Project\Runtime\Cache\eb2dfb40348094d9ae53b64e9e264b75fbad819b.file.showlist.html.php 第 72 行.
NOTIC: [8] Undefined index:  D:\phpStudy\WWW\buniessProject\Project\Runtime\Cache\eb2dfb40348094d9ae53b64e9e264b75fbad819b.file.showlist.html.php 第 72 行.
NOTIC: [8] Undefined index:  D:\phpStudy\WWW\buniessProject\Project\Runtime\Cache\eb2dfb40348094d9ae53b64e9e264b75fbad819b.file.showlist.html.php 第 72 行.
NOTIC: [8] Undefined index:  D:\phpStudy\WWW\buniessProject\Project\Runtime\Cache\eb2dfb40348094d9ae53b64e9e264b75fbad819b.file.showlist.html.php 第 72 行.
NOTIC: [8] Undefined index:  D:\phpStudy\WWW\buniessProject\Project\Runtime\Cache\eb2dfb40348094d9ae53b64e9e264b75fbad819b.file.showlist.html.php 第 72 行.
NOTIC: [8] Undefined index:  D:\phpStudy\WWW\buniessProject\Project\Runtime\Cache\eb2dfb40348094d9ae53b64e9e264b75fbad819b.file.showlist.html.php 第 72 行.
NOTIC: [8] Undefined index:  D:\phpStudy\WWW\buniessProject\Project\Runtime\Cache\eb2dfb40348094d9ae53b64e9e264b75fbad819b.file.showlist.html.php 第 72 行.
NOTIC: [8] Undefined index:  D:\phpStudy\WWW\buniessProject\Project\Runtime\Cache\eb2dfb40348094d9ae53b64e9e264b75fbad819b.file.showlist.html.php 第 72 行.
NOTIC: [8] Undefined index:  D:\phpStudy\WWW\buniessProject\Project\Runtime\Cache\eb2dfb40348094d9ae53b64e9e264b75fbad819b.file.showlist.html.php 第 72 行.
NOTIC: [8] Undefined index:  D:\phpStudy\WWW\buniessProject\Project\Runtime\Cache\eb2dfb40348094d9ae53b64e9e264b75fbad819b.file.showlist.html.php 第 72 行.
NOTIC: [8] Undefined index:  D:\phpStudy\WWW\buniessProject\Project\Runtime\Cache\eb2dfb40348094d9ae53b64e9e264b75fbad819b.file.showlist.html.php 第 72 行.
NOTIC: [8] Undefined index:  D:\phpStudy\WWW\buniessProject\Project\Runtime\Cache\eb2dfb40348094d9ae53b64e9e264b75fbad819b.file.showlist.html.php 第 72 行.
INFO: Run Behavior\ParseTemplate [ RunTime:0.013000s ]
INFO: [ view_parse ] --END-- [ RunTime:0.013000s ]
INFO: [ view_filter ] --START--
INFO: Run Behavior\WriteHtmlCache [ RunTime:0.000000s ]
INFO: [ view_filter ] --END-- [ RunTime:0.000000s ]
INFO: [ view_end ] --START--
INFO: [ view_end ] --END-- [ RunTime:0.000000s ]
INFO: [ app_end ] --START--
INFO: Run Behavior\ShowPageTrace [ RunTime:0.000000s ]
INFO: [ app_end ] --END-- [ RunTime:0.000000s ]

[ 2017-10-27T09:04:59+08:00 ] 127.0.0.1 /index.php/Admin/Article/showlist
INFO: [ app_init ] --START--
INFO: [ app_init ] --END-- [ RunTime:0.000000s ]
INFO: [ path_info ] --START--
INFO: [ path_info ] --END-- [ RunTime:0.000000s ]
INFO: [ app_begin ] --START--
INFO: Run Behavior\ReadHtmlCache [ RunTime:0.000000s ]
INFO: Run Behavior\ReadHtmlCache [ RunTime:0.000000s ]
INFO: Run Behavior\CheckLang [ RunTime:0.001000s ]
INFO: [ app_begin ] --END-- [ RunTime:0.001000s ]
INFO: [ action_begin ] --START--
INFO: [ action_begin ] --END-- [ RunTime:0.000000s ]
NOTIC: [8192] mysql_connect(): The mysql extension is deprecated and will be removed in the future: use mysqli or PDO instead D:\phpStudy\WWW\buniessProject\Firame\Library\Think\Db\Driver\Mysql.class.php 第 53 行.
SQL: select role_auth_ac from yw_manager a join yw_role b on a.mg_role_id=b.role_id where a.mg_id=1 [ RunTime:0.000000s ]
SQL: SHOW COLUMNS FROM `yw_articles` [ RunTime:0.000000s ]
NOTIC: [8] Undefined index: title D:\phpStudy\WWW\buniessProject\Project\Admin\Controller\ArticleController.class.php 第 15 行.
NOTIC: [8] Undefined variable: condition D:\phpStudy\WWW\buniessProject\Project\Admin\Controller\ArticleController.class.php 第 23 行.
SQL: SELECT COUNT(*) AS tp_count FROM `yw_articles` WHERE ( status=0 ) LIMIT 1   [ RunTime:0.001000s ]
NOTIC: [8] Undefined variable: condition D:\phpStudy\WWW\buniessProject\Project\Admin\Controller\ArticleController.class.php 第 28 行.
SQL: select * from `yw_articles` where 1=1 and status=0  order by sort desc Limit 0, 14 [ RunTime:0.000000s ]
NOTIC: [8] Undefined offset: 8 D:\phpStudy\WWW\buniessProject\Project\Component\Page.class.php 第 151 行.
INFO: [ view_begin ] --START--
INFO: [ view_begin ] --END-- [ RunTime:0.000000s ]
INFO: [ view_parse ] --START--
INFO: Run Behavior\ParseTemplate [ RunTime:0.005000s ]
INFO: [ view_parse ] --END-- [ RunTime:0.005000s ]
INFO: [ view_filter ] --START--
INFO: Run Behavior\WriteHtmlCache [ RunTime:0.000000s ]
INFO: [ view_filter ] --END-- [ RunTime:0.000000s ]
INFO: [ view_end ] --START--
INFO: [ view_end ] --END-- [ RunTime:0.000000s ]
INFO: [ app_end ] --START--
INFO: Run Behavior\ShowPageTrace [ RunTime:0.000000s ]
INFO: [ app_end ] --END-- [ RunTime:0.000000s ]

[ 2017-10-27T09:05:02+08:00 ] 127.0.0.1 /index.php/Admin/article/add/id/4
INFO: [ app_init ] --START--
INFO: [ app_init ] --END-- [ RunTime:0.000000s ]
INFO: [ path_info ] --START--
INFO: [ path_info ] --END-- [ RunTime:0.000000s ]
INFO: [ app_begin ] --START--
INFO: Run Behavior\ReadHtmlCache [ RunTime:0.000000s ]
INFO: Run Behavior\ReadHtmlCache [ RunTime:0.000000s ]
INFO: Run Behavior\CheckLang [ RunTime:0.001000s ]
INFO: [ app_begin ] --END-- [ RunTime:0.001000s ]
INFO: [ action_begin ] --START--
INFO: [ action_begin ] --END-- [ RunTime:0.000000s ]
NOTIC: [8192] mysql_connect(): The mysql extension is deprecated and will be removed in the future: use mysqli or PDO instead D:\phpStudy\WWW\buniessProject\Firame\Library\Think\Db\Driver\Mysql.class.php 第 53 行.
SQL: select role_auth_ac from yw_manager a join yw_role b on a.mg_role_id=b.role_id where a.mg_id=1 [ RunTime:0.000000s ]
SQL: SHOW COLUMNS FROM `yw_articles` [ RunTime:0.000000s ]
SQL: SHOW COLUMNS FROM `yw_images` [ RunTime:0.000000s ]
NOTIC: [8] Undefined index: mg_img D:\phpStudy\WWW\buniessProject\Project\Admin\Controller\ArticleController.class.php 第 57 行.
SQL: SELECT * FROM `yw_articles` WHERE ( `id` = 4 ) LIMIT 1   [ RunTime:0.000000s ]
SQL: SELECT * FROM `yw_images` WHERE ( status=0 and article_id=4 )  [ RunTime:0.000000s ]
NOTIC: [2] Invalid argument supplied for foreach() D:\phpStudy\WWW\buniessProject\Project\Admin\Controller\ArticleController.class.php 第 132 行.
NOTIC: [8] Use of undefined constant imgArr - assumed 'imgArr' D:\phpStudy\WWW\buniessProject\Project\Admin\Controller\ArticleController.class.php 第 135 行.
NOTIC: [8] Undefined variable: Errors D:\phpStudy\WWW\buniessProject\Project\Admin\Controller\ArticleController.class.php 第 139 行.
INFO: [ view_begin ] --START--
INFO: [ view_begin ] --END-- [ RunTime:0.000000s ]
INFO: [ view_parse ] --START--
INFO: Run Behavior\ParseTemplate [ RunTime:0.003000s ]
INFO: [ view_parse ] --END-- [ RunTime:0.003000s ]
INFO: [ view_filter ] --START--
INFO: Run Behavior\WriteHtmlCache [ RunTime:0.000000s ]
INFO: [ view_filter ] --END-- [ RunTime:0.000000s ]
INFO: [ view_end ] --START--
INFO: [ view_end ] --END-- [ RunTime:0.000000s ]
INFO: [ app_end ] --START--
INFO: Run Behavior\ShowPageTrace [ RunTime:0.000000s ]
INFO: [ app_end ] --END-- [ RunTime:0.000000s ]

[ 2017-10-27T09:05:11+08:00 ] 127.0.0.1 /index.php/Admin/Manager/verifyImg
INFO: [ app_init ] --START--
INFO: [ app_init ] --END-- [ RunTime:0.000000s ]
INFO: [ path_info ] --START--
INFO: [ path_info ] --END-- [ RunTime:0.000000s ]
INFO: [ app_begin ] --START--
INFO: Run Behavior\ReadHtmlCache [ RunTime:0.000000s ]
INFO: Run Behavior\ReadHtmlCache [ RunTime:0.000000s ]
INFO: Run Behavior\CheckLang [ RunTime:0.001000s ]
INFO: [ app_begin ] --END-- [ RunTime:0.001000s ]
INFO: [ action_begin ] --START--
INFO: [ action_begin ] --END-- [ RunTime:0.000000s ]
NOTIC: [8192] mysql_connect(): The mysql extension is deprecated and will be removed in the future: use mysqli or PDO instead D:\phpStudy\WWW\buniessProject\Firame\Library\Think\Db\Driver\Mysql.class.php 第 53 行.
SQL: select role_auth_ac from yw_manager a join yw_role b on a.mg_role_id=b.role_id where a.mg_id=1 [ RunTime:0.000000s ]
INFO: [ app_end ] --START--
INFO: Run Behavior\ShowPageTrace [ RunTime:0.000000s ]
INFO: [ app_end ] --END-- [ RunTime:0.000000s ]

[ 2017-10-27T09:05:18+08:00 ] 127.0.0.1 /index.php/Admin/Manager/login.html
INFO: [ app_init ] --START--
INFO: [ app_init ] --END-- [ RunTime:0.000000s ]
INFO: [ path_info ] --START--
INFO: [ path_info ] --END-- [ RunTime:0.000000s ]
INFO: [ app_begin ] --START--
INFO: Run Behavior\ReadHtmlCache [ RunTime:0.000000s ]
INFO: Run Behavior\ReadHtmlCache [ RunTime:0.000000s ]
INFO: Run Behavior\CheckLang [ RunTime:0.001000s ]
INFO: [ app_begin ] --END-- [ RunTime:0.001000s ]
INFO: [ action_begin ] --START--
INFO: [ action_begin ] --END-- [ RunTime:0.000000s ]
NOTIC: [8192] mysql_connect(): The mysql extension is deprecated and will be removed in the future: use mysqli or PDO instead D:\phpStudy\WWW\buniessProject\Firame\Library\Think\Db\Driver\Mysql.class.php 第 53 行.
SQL: select role_auth_ac from yw_manager a join yw_role b on a.mg_role_id=b.role_id where a.mg_id=1 [ RunTime:0.001000s ]
SQL: SHOW COLUMNS FROM `yw_manager` [ RunTime:0.001000s ]
SQL: SELECT * FROM `yw_manager` WHERE ( `mg_name` = 'admin' ) LIMIT 1   [ RunTime:0.000000s ]

[ 2017-10-27T09:05:18+08:00 ] 127.0.0.1 /index.php/Admin/Index/index.html
INFO: [ app_init ] --START--
INFO: [ app_init ] --END-- [ RunTime:0.000000s ]
INFO: [ path_info ] --START--
INFO: [ path_info ] --END-- [ RunTime:0.000000s ]
INFO: [ app_begin ] --START--
INFO: Run Behavior\ReadHtmlCache [ RunTime:0.000000s ]
INFO: Run Behavior\ReadHtmlCache [ RunTime:0.000000s ]
INFO: Run Behavior\CheckLang [ RunTime:0.005000s ]
INFO: [ app_begin ] --END-- [ RunTime:0.005000s ]
INFO: [ action_begin ] --START--
INFO: [ action_begin ] --END-- [ RunTime:0.000000s ]
NOTIC: [8192] mysql_connect(): The mysql extension is deprecated and will be removed in the future: use mysqli or PDO instead D:\phpStudy\WWW\buniessProject\Firame\Library\Think\Db\Driver\Mysql.class.php 第 53 行.
SQL: select role_auth_ac from yw_manager a join yw_role b on a.mg_role_id=b.role_id where a.mg_id=1 [ RunTime:0.000000s ]
INFO: [ view_begin ] --START--
INFO: [ view_begin ] --END-- [ RunTime:0.000000s ]
INFO: [ view_parse ] --START--
INFO: Run Behavior\ParseTemplate [ RunTime:0.005000s ]
INFO: [ view_parse ] --END-- [ RunTime:0.005000s ]
INFO: [ view_filter ] --START--
INFO: Run Behavior\WriteHtmlCache [ RunTime:0.000000s ]
INFO: [ view_filter ] --END-- [ RunTime:0.000000s ]
INFO: [ view_end ] --START--
INFO: [ view_end ] --END-- [ RunTime:0.000000s ]
INFO: [ app_end ] --START--
INFO: Run Behavior\ShowPageTrace [ RunTime:0.000000s ]
INFO: [ app_end ] --END-- [ RunTime:0.000000s ]

[ 2017-10-27T09:05:18+08:00 ] 127.0.0.1 /index.php/Admin/Common/left.html
INFO: [ app_init ] --START--
INFO: [ app_init ] --END-- [ RunTime:0.000000s ]
INFO: [ path_info ] --START--
INFO: [ path_info ] --END-- [ RunTime:0.000000s ]
INFO: [ app_begin ] --START--
INFO: Run Behavior\ReadHtmlCache [ RunTime:0.000000s ]
INFO: Run Behavior\ReadHtmlCache [ RunTime:0.000000s ]
INFO: Run Behavior\CheckLang [ RunTime:0.001000s ]
INFO: [ app_begin ] --END-- [ RunTime:0.002000s ]
INFO: [ action_begin ] --START--
INFO: [ action_begin ] --END-- [ RunTime:0.000000s ]
NOTIC: [8192] mysql_connect(): The mysql extension is deprecated and will be removed in the future: use mysqli or PDO instead D:\phpStudy\WWW\buniessProject\Firame\Library\Think\Db\Driver\Mysql.class.php 第 53 行.
SQL: select role_auth_ac from yw_manager a join yw_role b on a.mg_role_id=b.role_id where a.mg_id=1 [ RunTime:0.000000s ]
SQL: select * from yw_manager where mg_id=1 and mg_deleted=0 [ RunTime:0.001000s ]
SQL: select * from yw_role where role_id=1 and role_deleted=0 [ RunTime:0.000000s ]
SQL: select * from yw_auth where auth_level=0 and deleted=0 [ RunTime:0.000000s ]
SQL: select * from yw_auth where auth_level=1 and auth_id<>10 and deleted=0 [ RunTime:0.001000s ]
INFO: [ view_begin ] --START--
INFO: [ view_begin ] --END-- [ RunTime:0.000000s ]
INFO: [ view_parse ] --START--
NOTIC: [8] Undefined offset: 6 D:\phpStudy\WWW\buniessProject\Project\Runtime\Cache\8613f28c185d95870673e4378e2e30b98af2ffde.file.left.html.php 第 70 行.
NOTIC: [8] Undefined offset: 7 D:\phpStudy\WWW\buniessProject\Project\Runtime\Cache\8613f28c185d95870673e4378e2e30b98af2ffde.file.left.html.php 第 70 行.
NOTIC: [8] Undefined offset: 8 D:\phpStudy\WWW\buniessProject\Project\Runtime\Cache\8613f28c185d95870673e4378e2e30b98af2ffde.file.left.html.php 第 70 行.
INFO: Run Behavior\ParseTemplate [ RunTime:0.011001s ]
INFO: [ view_parse ] --END-- [ RunTime:0.011001s ]
INFO: [ view_filter ] --START--
INFO: Run Behavior\WriteHtmlCache [ RunTime:0.000000s ]
INFO: [ view_filter ] --END-- [ RunTime:0.000000s ]
INFO: [ view_end ] --START--
INFO: [ view_end ] --END-- [ RunTime:0.000000s ]
INFO: [ app_end ] --START--
INFO: Run Behavior\ShowPageTrace [ RunTime:0.000000s ]
INFO: [ app_end ] --END-- [ RunTime:0.000000s ]

[ 2017-10-27T09:05:19+08:00 ] 127.0.0.1 /index.php/Admin/article/add/id/4
INFO: [ app_init ] --START--
INFO: [ app_init ] --END-- [ RunTime:0.001000s ]
INFO: [ path_info ] --START--
INFO: [ path_info ] --END-- [ RunTime:0.000000s ]
INFO: [ app_begin ] --START--
INFO: Run Behavior\ReadHtmlCache [ RunTime:0.000000s ]
INFO: Run Behavior\ReadHtmlCache [ RunTime:0.000000s ]
INFO: Run Behavior\CheckLang [ RunTime:0.001000s ]
INFO: [ app_begin ] --END-- [ RunTime:0.001000s ]
INFO: [ action_begin ] --START--
INFO: [ action_begin ] --END-- [ RunTime:0.000000s ]
NOTIC: [8192] mysql_connect(): The mysql extension is deprecated and will be removed in the future: use mysqli or PDO instead D:\phpStudy\WWW\buniessProject\Firame\Library\Think\Db\Driver\Mysql.class.php 第 53 行.
SQL: select role_auth_ac from yw_manager a join yw_role b on a.mg_role_id=b.role_id where a.mg_id=1 [ RunTime:0.001001s ]
SQL: SHOW COLUMNS FROM `yw_articles` [ RunTime:0.000000s ]
SQL: SHOW COLUMNS FROM `yw_images` [ RunTime:0.000000s ]
NOTIC: [8] Undefined index: mg_img D:\phpStudy\WWW\buniessProject\Project\Admin\Controller\ArticleController.class.php 第 57 行.
SQL: SELECT * FROM `yw_articles` WHERE ( `id` = 4 ) LIMIT 1   [ RunTime:0.001000s ]
SQL: SELECT * FROM `yw_images` WHERE ( status=0 and article_id=4 )  [ RunTime:0.000000s ]
NOTIC: [2] Invalid argument supplied for foreach() D:\phpStudy\WWW\buniessProject\Project\Admin\Controller\ArticleController.class.php 第 132 行.
NOTIC: [8] Use of undefined constant imgArr - assumed 'imgArr' D:\phpStudy\WWW\buniessProject\Project\Admin\Controller\ArticleController.class.php 第 135 行.
NOTIC: [8] Undefined variable: Errors D:\phpStudy\WWW\buniessProject\Project\Admin\Controller\ArticleController.class.php 第 139 行.
INFO: [ view_begin ] --START--
INFO: [ view_begin ] --END-- [ RunTime:0.000000s ]
INFO: [ view_parse ] --START--
INFO: Run Behavior\ParseTemplate [ RunTime:0.007000s ]
INFO: [ view_parse ] --END-- [ RunTime:0.007000s ]
INFO: [ view_filter ] --START--
INFO: Run Behavior\WriteHtmlCache [ RunTime:0.000000s ]
INFO: [ view_filter ] --END-- [ RunTime:0.000000s ]
INFO: [ view_end ] --START--
INFO: [ view_end ] --END-- [ RunTime:0.000000s ]
INFO: [ app_end ] --START--
INFO: Run Behavior\ShowPageTrace [ RunTime:0.000000s ]
INFO: [ app_end ] --END-- [ RunTime:0.000000s ]

[ 2017-10-27T09:05:21+08:00 ] 127.0.0.1 /index.php/Admin/Article/showlist
INFO: [ app_init ] --START--
INFO: [ app_init ] --END-- [ RunTime:0.000000s ]
INFO: [ path_info ] --START--
INFO: [ path_info ] --END-- [ RunTime:0.000000s ]
INFO: [ app_begin ] --START--
INFO: Run Behavior\ReadHtmlCache [ RunTime:0.000000s ]
INFO: Run Behavior\ReadHtmlCache [ RunTime:0.000000s ]
INFO: Run Behavior\CheckLang [ RunTime:0.000000s ]
INFO: [ app_begin ] --END-- [ RunTime:0.000000s ]
INFO: [ action_begin ] --START--
INFO: [ action_begin ] --END-- [ RunTime:0.000000s ]
NOTIC: [8192] mysql_connect(): The mysql extension is deprecated and will be removed in the future: use mysqli or PDO instead D:\phpStudy\WWW\buniessProject\Firame\Library\Think\Db\Driver\Mysql.class.php 第 53 行.
SQL: select role_auth_ac from yw_manager a join yw_role b on a.mg_role_id=b.role_id where a.mg_id=1 [ RunTime:0.000000s ]
SQL: SHOW COLUMNS FROM `yw_articles` [ RunTime:0.000000s ]
NOTIC: [8] Undefined index: title D:\phpStudy\WWW\buniessProject\Project\Admin\Controller\ArticleController.class.php 第 15 行.
NOTIC: [8] Undefined variable: condition D:\phpStudy\WWW\buniessProject\Project\Admin\Controller\ArticleController.class.php 第 23 行.
SQL: SELECT COUNT(*) AS tp_count FROM `yw_articles` WHERE ( status=0 ) LIMIT 1   [ RunTime:0.000000s ]
NOTIC: [8] Undefined variable: condition D:\phpStudy\WWW\buniessProject\Project\Admin\Controller\ArticleController.class.php 第 28 行.
SQL: select * from `yw_articles` where 1=1 and status=0  order by sort desc Limit 0, 14 [ RunTime:0.000000s ]
NOTIC: [8] Undefined offset: 8 D:\phpStudy\WWW\buniessProject\Project\Component\Page.class.php 第 151 行.
INFO: [ view_begin ] --START--
INFO: [ view_begin ] --END-- [ RunTime:0.000000s ]
INFO: [ view_parse ] --START--
INFO: Run Behavior\ParseTemplate [ RunTime:0.015600s ]
INFO: [ view_parse ] --END-- [ RunTime:0.015600s ]
INFO: [ view_filter ] --START--
INFO: Run Behavior\WriteHtmlCache [ RunTime:0.000000s ]
INFO: [ view_filter ] --END-- [ RunTime:0.000000s ]
INFO: [ view_end ] --START--
INFO: [ view_end ] --END-- [ RunTime:0.000000s ]
INFO: [ app_end ] --START--
INFO: Run Behavior\ShowPageTrace [ RunTime:0.000000s ]
INFO: [ app_end ] --END-- [ RunTime:0.000000s ]

[ 2017-10-27T09:05:23+08:00 ] 127.0.0.1 /index.php/Admin/article/add/id/5
INFO: [ app_init ] --START--
INFO: [ app_init ] --END-- [ RunTime:0.000000s ]
INFO: [ path_info ] --START--
INFO: [ path_info ] --END-- [ RunTime:0.000000s ]
INFO: [ app_begin ] --START--
INFO: Run Behavior\ReadHtmlCache [ RunTime:0.000000s ]
INFO: Run Behavior\ReadHtmlCache [ RunTime:0.000000s ]
INFO: Run Behavior\CheckLang [ RunTime:0.001000s ]
INFO: [ app_begin ] --END-- [ RunTime:0.001000s ]
INFO: [ action_begin ] --START--
INFO: [ action_begin ] --END-- [ RunTime:0.000000s ]
NOTIC: [8192] mysql_connect(): The mysql extension is deprecated and will be removed in the future: use mysqli or PDO instead D:\phpStudy\WWW\buniessProject\Firame\Library\Think\Db\Driver\Mysql.class.php 第 53 行.
SQL: select role_auth_ac from yw_manager a join yw_role b on a.mg_role_id=b.role_id where a.mg_id=1 [ RunTime:0.001000s ]
SQL: SHOW COLUMNS FROM `yw_articles` [ RunTime:0.001000s ]
SQL: SHOW COLUMNS FROM `yw_images` [ RunTime:0.000000s ]
NOTIC: [8] Undefined index: mg_img D:\phpStudy\WWW\buniessProject\Project\Admin\Controller\ArticleController.class.php 第 57 行.
SQL: SELECT * FROM `yw_articles` WHERE ( `id` = 5 ) LIMIT 1   [ RunTime:0.001000s ]
SQL: SELECT * FROM `yw_images` WHERE ( status=0 and article_id=5 )  [ RunTime:0.000000s ]
NOTIC: [8] Use of undefined constant imgArr - assumed 'imgArr' D:\phpStudy\WWW\buniessProject\Project\Admin\Controller\ArticleController.class.php 第 135 行.
NOTIC: [8] Undefined variable: Errors D:\phpStudy\WWW\buniessProject\Project\Admin\Controller\ArticleController.class.php 第 139 行.
INFO: [ view_begin ] --START--
INFO: [ view_begin ] --END-- [ RunTime:0.000000s ]
INFO: [ view_parse ] --START--
INFO: Run Behavior\ParseTemplate [ RunTime:0.005000s ]
INFO: [ view_parse ] --END-- [ RunTime:0.005000s ]
INFO: [ view_filter ] --START--
INFO: Run Behavior\WriteHtmlCache [ RunTime:0.000000s ]
INFO: [ view_filter ] --END-- [ RunTime:0.000000s ]
INFO: [ view_end ] --START--
INFO: [ view_end ] --END-- [ RunTime:0.000000s ]
INFO: [ app_end ] --START--
INFO: Run Behavior\ShowPageTrace [ RunTime:0.000000s ]
INFO: [ app_end ] --END-- [ RunTime:0.000000s ]

[ 2017-10-27T09:05:24+08:00 ] 127.0.0.1 /index.php/Admin/article/editImg/id/5
INFO: [ app_init ] --START--
INFO: [ app_init ] --END-- [ RunTime:0.001000s ]
INFO: [ path_info ] --START--
INFO: [ path_info ] --END-- [ RunTime:0.000000s ]
INFO: [ app_begin ] --START--
INFO: Run Behavior\ReadHtmlCache [ RunTime:0.000000s ]
INFO: Run Behavior\ReadHtmlCache [ RunTime:0.000000s ]
INFO: Run Behavior\CheckLang [ RunTime:0.001001s ]
INFO: [ app_begin ] --END-- [ RunTime:0.001001s ]
INFO: [ action_begin ] --START--
INFO: [ action_begin ] --END-- [ RunTime:0.000000s ]
NOTIC: [8192] mysql_connect(): The mysql extension is deprecated and will be removed in the future: use mysqli or PDO instead D:\phpStudy\WWW\buniessProject\Firame\Library\Think\Db\Driver\Mysql.class.php 第 53 行.
SQL: select role_auth_ac from yw_manager a join yw_role b on a.mg_role_id=b.role_id where a.mg_id=1 [ RunTime:0.000000s ]
SQL: SHOW COLUMNS FROM `yw_images` [ RunTime:0.000000s ]
NOTIC: [8] Undefined index: sort D:\phpStudy\WWW\buniessProject\Project\Admin\Controller\ArticleController.class.php 第 224 行.
NOTIC: [8] Undefined index: status D:\phpStudy\WWW\buniessProject\Project\Admin\Controller\ArticleController.class.php 第 239 行.
SQL: SELECT * FROM `yw_images` WHERE ( status=0 and article_id=5 ) ORDER BY sort desc,id desc  [ RunTime:0.000000s ]
INFO: [ view_begin ] --START--
INFO: [ view_begin ] --END-- [ RunTime:0.000000s ]
INFO: [ view_parse ] --START--
INFO: Run Behavior\ParseTemplate [ RunTime:0.045003s ]
INFO: [ view_parse ] --END-- [ RunTime:0.045003s ]
INFO: [ view_filter ] --START--
INFO: Run Behavior\WriteHtmlCache [ RunTime:0.000000s ]
INFO: [ view_filter ] --END-- [ RunTime:0.000000s ]
INFO: [ view_end ] --START--
INFO: [ view_end ] --END-- [ RunTime:0.000000s ]
INFO: [ app_end ] --START--
INFO: Run Behavior\ShowPageTrace [ RunTime:0.000000s ]
INFO: [ app_end ] --END-- [ RunTime:0.000000s ]

[ 2017-10-27T09:05:27+08:00 ] 127.0.0.1 /index.php/Admin/article/editImg/article/editImg
INFO: [ app_init ] --START--
INFO: [ app_init ] --END-- [ RunTime:0.000000s ]
INFO: [ path_info ] --START--
INFO: [ path_info ] --END-- [ RunTime:0.000000s ]
INFO: [ app_begin ] --START--
INFO: Run Behavior\ReadHtmlCache [ RunTime:0.000000s ]
INFO: Run Behavior\ReadHtmlCache [ RunTime:0.000000s ]
INFO: Run Behavior\CheckLang [ RunTime:0.001001s ]
INFO: [ app_begin ] --END-- [ RunTime:0.001001s ]
INFO: [ action_begin ] --START--
INFO: [ action_begin ] --END-- [ RunTime:0.000000s ]
NOTIC: [8192] mysql_connect(): The mysql extension is deprecated and will be removed in the future: use mysqli or PDO instead D:\phpStudy\WWW\buniessProject\Firame\Library\Think\Db\Driver\Mysql.class.php 第 53 行.
SQL: select role_auth_ac from yw_manager a join yw_role b on a.mg_role_id=b.role_id where a.mg_id=1 [ RunTime:0.001000s ]
SQL: SHOW COLUMNS FROM `yw_images` [ RunTime:0.001000s ]
NOTIC: [8] Undefined index: status D:\phpStudy\WWW\buniessProject\Project\Admin\Controller\ArticleController.class.php 第 239 行.
SQL: SELECT * FROM `yw_images` WHERE ( status=0 and article_id=6 ) ORDER BY sort desc,id desc  [ RunTime:0.000000s ]
INFO: [ view_begin ] --START--
INFO: [ view_begin ] --END-- [ RunTime:0.000000s ]
INFO: [ view_parse ] --START--
INFO: Run Behavior\ParseTemplate [ RunTime:0.008001s ]
INFO: [ view_parse ] --END-- [ RunTime:0.008001s ]
INFO: [ view_filter ] --START--
INFO: Run Behavior\WriteHtmlCache [ RunTime:0.000000s ]
INFO: [ view_filter ] --END-- [ RunTime:0.000000s ]
INFO: [ view_end ] --START--
INFO: [ view_end ] --END-- [ RunTime:0.000000s ]
INFO: [ app_end ] --START--
INFO: Run Behavior\ShowPageTrace [ RunTime:0.000000s ]
INFO: [ app_end ] --END-- [ RunTime:0.000000s ]

[ 2017-10-27T09:05:31+08:00 ] 127.0.0.1 /index.php/Admin/article/editImg/article/editImg
INFO: [ app_init ] --START--
INFO: [ app_init ] --END-- [ RunTime:0.000000s ]
INFO: [ path_info ] --START--
INFO: [ path_info ] --END-- [ RunTime:0.000000s ]
INFO: [ app_begin ] --START--
INFO: Run Behavior\ReadHtmlCache [ RunTime:0.000000s ]
INFO: Run Behavior\ReadHtmlCache [ RunTime:0.000000s ]
INFO: Run Behavior\CheckLang [ RunTime:0.002000s ]
INFO: [ app_begin ] --END-- [ RunTime:0.002000s ]
INFO: [ action_begin ] --START--
INFO: [ action_begin ] --END-- [ RunTime:0.000000s ]
NOTIC: [8192] mysql_connect(): The mysql extension is deprecated and will be removed in the future: use mysqli or PDO instead D:\phpStudy\WWW\buniessProject\Firame\Library\Think\Db\Driver\Mysql.class.php 第 53 行.
SQL: select role_auth_ac from yw_manager a join yw_role b on a.mg_role_id=b.role_id where a.mg_id=1 [ RunTime:0.000000s ]
SQL: SHOW COLUMNS FROM `yw_images` [ RunTime:0.001000s ]
SQL: UPDATE `yw_images` SET `id`=6,`sort`=10 WHERE ( id=6 ) [ RunTime:0.019001s ]

[ 2017-10-27T09:05:34+08:00 ] 127.0.0.1 /index.php/Admin/article/editImg/id/5
INFO: [ app_init ] --START--
INFO: [ app_init ] --END-- [ RunTime:0.000000s ]
INFO: [ path_info ] --START--
INFO: [ path_info ] --END-- [ RunTime:0.000000s ]
INFO: [ app_begin ] --START--
INFO: Run Behavior\ReadHtmlCache [ RunTime:0.000000s ]
INFO: Run Behavior\ReadHtmlCache [ RunTime:0.000000s ]
INFO: Run Behavior\CheckLang [ RunTime:0.001000s ]
INFO: [ app_begin ] --END-- [ RunTime:0.001000s ]
INFO: [ action_begin ] --START--
INFO: [ action_begin ] --END-- [ RunTime:0.000000s ]
NOTIC: [8192] mysql_connect(): The mysql extension is deprecated and will be removed in the future: use mysqli or PDO instead D:\phpStudy\WWW\buniessProject\Firame\Library\Think\Db\Driver\Mysql.class.php 第 53 行.
SQL: select role_auth_ac from yw_manager a join yw_role b on a.mg_role_id=b.role_id where a.mg_id=1 [ RunTime:0.001000s ]
SQL: SHOW COLUMNS FROM `yw_images` [ RunTime:0.001000s ]
NOTIC: [8] Undefined index: sort D:\phpStudy\WWW\buniessProject\Project\Admin\Controller\ArticleController.class.php 第 224 行.
NOTIC: [8] Undefined index: status D:\phpStudy\WWW\buniessProject\Project\Admin\Controller\ArticleController.class.php 第 239 行.
SQL: SELECT * FROM `yw_images` WHERE ( status=0 and article_id=5 ) ORDER BY sort desc,id desc  [ RunTime:0.000000s ]
INFO: [ view_begin ] --START--
INFO: [ view_begin ] --END-- [ RunTime:0.000000s ]
INFO: [ view_parse ] --START--
INFO: Run Behavior\ParseTemplate [ RunTime:0.005000s ]
INFO: [ view_parse ] --END-- [ RunTime:0.005000s ]
INFO: [ view_filter ] --START--
INFO: Run Behavior\WriteHtmlCache [ RunTime:0.000000s ]
INFO: [ view_filter ] --END-- [ RunTime:0.001000s ]
INFO: [ view_end ] --START--
INFO: [ view_end ] --END-- [ RunTime:0.000000s ]
INFO: [ app_end ] --START--
INFO: Run Behavior\ShowPageTrace [ RunTime:0.000000s ]
INFO: [ app_end ] --END-- [ RunTime:0.000000s ]

[ 2017-10-27T09:05:39+08:00 ] 127.0.0.1 /index.php/Admin/article/editImg/article/editImg
INFO: [ app_init ] --START--
INFO: [ app_init ] --END-- [ RunTime:0.000000s ]
INFO: [ path_info ] --START--
INFO: [ path_info ] --END-- [ RunTime:0.000000s ]
INFO: [ app_begin ] --START--
INFO: Run Behavior\ReadHtmlCache [ RunTime:0.000000s ]
INFO: Run Behavior\ReadHtmlCache [ RunTime:0.000000s ]
INFO: Run Behavior\CheckLang [ RunTime:0.000000s ]
INFO: [ app_begin ] --END-- [ RunTime:0.001000s ]
INFO: [ action_begin ] --START--
INFO: [ action_begin ] --END-- [ RunTime:0.000000s ]
NOTIC: [8192] mysql_connect(): The mysql extension is deprecated and will be removed in the future: use mysqli or PDO instead D:\phpStudy\WWW\buniessProject\Firame\Library\Think\Db\Driver\Mysql.class.php 第 53 行.
SQL: select role_auth_ac from yw_manager a join yw_role b on a.mg_role_id=b.role_id where a.mg_id=1 [ RunTime:0.001001s ]
SQL: SHOW COLUMNS FROM `yw_images` [ RunTime:0.001000s ]
NOTIC: [8] Undefined index: sort D:\phpStudy\WWW\buniessProject\Project\Admin\Controller\ArticleController.class.php 第 224 行.
SQL: UPDATE `yw_images` SET `id`=2,`status`=1 WHERE ( id=2 ) [ RunTime:0.026001s ]

[ 2017-10-27T09:05:42+08:00 ] 127.0.0.1 /index.php/Admin/article/editImg/id/5
INFO: [ app_init ] --START--
INFO: [ app_init ] --END-- [ RunTime:0.000000s ]
INFO: [ path_info ] --START--
INFO: [ path_info ] --END-- [ RunTime:0.000000s ]
INFO: [ app_begin ] --START--
INFO: Run Behavior\ReadHtmlCache [ RunTime:0.000000s ]
INFO: Run Behavior\ReadHtmlCache [ RunTime:0.000000s ]
INFO: Run Behavior\CheckLang [ RunTime:0.001000s ]
INFO: [ app_begin ] --END-- [ RunTime:0.001000s ]
INFO: [ action_begin ] --START--
INFO: [ action_begin ] --END-- [ RunTime:0.000000s ]
NOTIC: [8192] mysql_connect(): The mysql extension is deprecated and will be removed in the future: use mysqli or PDO instead D:\phpStudy\WWW\buniessProject\Firame\Library\Think\Db\Driver\Mysql.class.php 第 53 行.
SQL: select role_auth_ac from yw_manager a join yw_role b on a.mg_role_id=b.role_id where a.mg_id=1 [ RunTime:0.000000s ]
SQL: SHOW COLUMNS FROM `yw_images` [ RunTime:0.000000s ]
NOTIC: [8] Undefined index: sort D:\phpStudy\WWW\buniessProject\Project\Admin\Controller\ArticleController.class.php 第 224 行.
NOTIC: [8] Undefined index: status D:\phpStudy\WWW\buniessProject\Project\Admin\Controller\ArticleController.class.php 第 239 行.
SQL: SELECT * FROM `yw_images` WHERE ( status=0 and article_id=5 ) ORDER BY sort desc,id desc  [ RunTime:0.000000s ]
INFO: [ view_begin ] --START--
INFO: [ view_begin ] --END-- [ RunTime:0.000000s ]
INFO: [ view_parse ] --START--
INFO: Run Behavior\ParseTemplate [ RunTime:0.005000s ]
INFO: [ view_parse ] --END-- [ RunTime:0.005000s ]
INFO: [ view_filter ] --START--
INFO: Run Behavior\WriteHtmlCache [ RunTime:0.000000s ]
INFO: [ view_filter ] --END-- [ RunTime:0.000000s ]
INFO: [ view_end ] --START--
INFO: [ view_end ] --END-- [ RunTime:0.000000s ]
INFO: [ app_end ] --START--
INFO: Run Behavior\ShowPageTrace [ RunTime:0.000000s ]
INFO: [ app_end ] --END-- [ RunTime:0.000000s ]

[ 2017-10-27T09:05:45+08:00 ] 127.0.0.1 /index.php/Admin/Index/index.html
INFO: [ app_init ] --START--
INFO: [ app_init ] --END-- [ RunTime:0.001000s ]
INFO: [ path_info ] --START--
INFO: [ path_info ] --END-- [ RunTime:0.000000s ]
INFO: [ app_begin ] --START--
INFO: Run Behavior\ReadHtmlCache [ RunTime:0.000000s ]
INFO: Run Behavior\ReadHtmlCache [ RunTime:0.000000s ]
INFO: Run Behavior\CheckLang [ RunTime:0.000000s ]
INFO: [ app_begin ] --END-- [ RunTime:0.000000s ]
INFO: [ action_begin ] --START--
INFO: [ action_begin ] --END-- [ RunTime:0.000000s ]
NOTIC: [8192] mysql_connect(): The mysql extension is deprecated and will be removed in the future: use mysqli or PDO instead D:\phpStudy\WWW\buniessProject\Firame\Library\Think\Db\Driver\Mysql.class.php 第 53 行.
SQL: select role_auth_ac from yw_manager a join yw_role b on a.mg_role_id=b.role_id where a.mg_id=1 [ RunTime:0.000000s ]
INFO: [ view_begin ] --START--
INFO: [ view_begin ] --END-- [ RunTime:0.000000s ]
INFO: [ view_parse ] --START--
INFO: Run Behavior\ParseTemplate [ RunTime:0.007000s ]
INFO: [ view_parse ] --END-- [ RunTime:0.007000s ]
INFO: [ view_filter ] --START--
INFO: Run Behavior\WriteHtmlCache [ RunTime:0.000000s ]
INFO: [ view_filter ] --END-- [ RunTime:0.000000s ]
INFO: [ view_end ] --START--
INFO: [ view_end ] --END-- [ RunTime:0.000000s ]
INFO: [ app_end ] --START--
INFO: Run Behavior\ShowPageTrace [ RunTime:0.000000s ]
INFO: [ app_end ] --END-- [ RunTime:0.000000s ]

[ 2017-10-27T09:05:46+08:00 ] 127.0.0.1 /index.php/Admin/Common/left.html
INFO: [ app_init ] --START--
INFO: [ app_init ] --END-- [ RunTime:0.000000s ]
INFO: [ path_info ] --START--
INFO: [ path_info ] --END-- [ RunTime:0.000000s ]
INFO: [ app_begin ] --START--
INFO: Run Behavior\ReadHtmlCache [ RunTime:0.000000s ]
INFO: Run Behavior\ReadHtmlCache [ RunTime:0.000000s ]
INFO: Run Behavior\CheckLang [ RunTime:0.001000s ]
INFO: [ app_begin ] --END-- [ RunTime:0.001000s ]
INFO: [ action_begin ] --START--
INFO: [ action_begin ] --END-- [ RunTime:0.000000s ]
NOTIC: [8192] mysql_connect(): The mysql extension is deprecated and will be removed in the future: use mysqli or PDO instead D:\phpStudy\WWW\buniessProject\Firame\Library\Think\Db\Driver\Mysql.class.php 第 53 行.
SQL: select role_auth_ac from yw_manager a join yw_role b on a.mg_role_id=b.role_id where a.mg_id=1 [ RunTime:0.000000s ]
SQL: select * from yw_manager where mg_id=1 and mg_deleted=0 [ RunTime:0.000000s ]
SQL: select * from yw_role where role_id=1 and role_deleted=0 [ RunTime:0.000000s ]
SQL: select * from yw_auth where auth_level=0 and deleted=0 [ RunTime:0.000000s ]
SQL: select * from yw_auth where auth_level=1 and auth_id<>10 and deleted=0 [ RunTime:0.001000s ]
INFO: [ view_begin ] --START--
INFO: [ view_begin ] --END-- [ RunTime:0.000000s ]
INFO: [ view_parse ] --START--
NOTIC: [8] Undefined offset: 6 D:\phpStudy\WWW\buniessProject\Project\Runtime\Cache\8613f28c185d95870673e4378e2e30b98af2ffde.file.left.html.php 第 70 行.
NOTIC: [8] Undefined offset: 7 D:\phpStudy\WWW\buniessProject\Project\Runtime\Cache\8613f28c185d95870673e4378e2e30b98af2ffde.file.left.html.php 第 70 行.
NOTIC: [8] Undefined offset: 8 D:\phpStudy\WWW\buniessProject\Project\Runtime\Cache\8613f28c185d95870673e4378e2e30b98af2ffde.file.left.html.php 第 70 行.
INFO: Run Behavior\ParseTemplate [ RunTime:0.008000s ]
INFO: [ view_parse ] --END-- [ RunTime:0.008000s ]
INFO: [ view_filter ] --START--
INFO: Run Behavior\WriteHtmlCache [ RunTime:0.000000s ]
INFO: [ view_filter ] --END-- [ RunTime:0.000000s ]
INFO: [ view_end ] --START--
INFO: [ view_end ] --END-- [ RunTime:0.000000s ]
INFO: [ app_end ] --START--
INFO: Run Behavior\ShowPageTrace [ RunTime:0.000000s ]
INFO: [ app_end ] --END-- [ RunTime:0.000000s ]

[ 2017-10-27T09:05:46+08:00 ] 127.0.0.1 /index.php/Admin/Index/index.html
INFO: [ app_init ] --START--
INFO: [ app_init ] --END-- [ RunTime:0.001000s ]
INFO: [ path_info ] --START--
INFO: [ path_info ] --END-- [ RunTime:0.000000s ]
INFO: [ app_begin ] --START--
INFO: Run Behavior\ReadHtmlCache [ RunTime:0.000000s ]
INFO: Run Behavior\ReadHtmlCache [ RunTime:0.000000s ]
INFO: Run Behavior\CheckLang [ RunTime:0.001000s ]
INFO: [ app_begin ] --END-- [ RunTime:0.001000s ]
INFO: [ action_begin ] --START--
INFO: [ action_begin ] --END-- [ RunTime:0.000000s ]
NOTIC: [8192] mysql_connect(): The mysql extension is deprecated and will be removed in the future: use mysqli or PDO instead D:\phpStudy\WWW\buniessProject\Firame\Library\Think\Db\Driver\Mysql.class.php 第 53 行.
SQL: select role_auth_ac from yw_manager a join yw_role b on a.mg_role_id=b.role_id where a.mg_id=1 [ RunTime:0.000000s ]
INFO: [ view_begin ] --START--
INFO: [ view_begin ] --END-- [ RunTime:0.000000s ]
INFO: [ view_parse ] --START--
INFO: Run Behavior\ParseTemplate [ RunTime:0.008000s ]
INFO: [ view_parse ] --END-- [ RunTime:0.008000s ]
INFO: [ view_filter ] --START--
INFO: Run Behavior\WriteHtmlCache [ RunTime:0.000000s ]
INFO: [ view_filter ] --END-- [ RunTime:0.000000s ]
INFO: [ view_end ] --START--
INFO: [ view_end ] --END-- [ RunTime:0.000000s ]
INFO: [ app_end ] --START--
INFO: Run Behavior\ShowPageTrace [ RunTime:0.000000s ]
INFO: [ app_end ] --END-- [ RunTime:0.000000s ]

[ 2017-10-27T09:05:46+08:00 ] 127.0.0.1 /index.php/Admin/Common/left.html
INFO: [ app_init ] --START--
INFO: [ app_init ] --END-- [ RunTime:0.000000s ]
INFO: [ path_info ] --START--
INFO: [ path_info ] --END-- [ RunTime:0.000000s ]
INFO: [ app_begin ] --START--
INFO: Run Behavior\ReadHtmlCache [ RunTime:0.000000s ]
INFO: Run Behavior\ReadHtmlCache [ RunTime:0.000000s ]
INFO: Run Behavior\CheckLang [ RunTime:0.001000s ]
INFO: [ app_begin ] --END-- [ RunTime:0.001000s ]
INFO: [ action_begin ] --START--
INFO: [ action_begin ] --END-- [ RunTime:0.000000s ]
NOTIC: [8192] mysql_connect(): The mysql extension is deprecated and will be removed in the future: use mysqli or PDO instead D:\phpStudy\WWW\buniessProject\Firame\Library\Think\Db\Driver\Mysql.class.php 第 53 行.
SQL: select role_auth_ac from yw_manager a join yw_role b on a.mg_role_id=b.role_id where a.mg_id=1 [ RunTime:0.000000s ]
SQL: select * from yw_manager where mg_id=1 and mg_deleted=0 [ RunTime:0.000000s ]
SQL: select * from yw_role where role_id=1 and role_deleted=0 [ RunTime:0.000000s ]
SQL: select * from yw_auth where auth_level=0 and deleted=0 [ RunTime:0.000000s ]
SQL: select * from yw_auth where auth_level=1 and auth_id<>10 and deleted=0 [ RunTime:0.000000s ]
INFO: [ view_begin ] --START--
INFO: [ view_begin ] --END-- [ RunTime:0.000000s ]
INFO: [ view_parse ] --START--
NOTIC: [8] Undefined offset: 6 D:\phpStudy\WWW\buniessProject\Project\Runtime\Cache\8613f28c185d95870673e4378e2e30b98af2ffde.file.left.html.php 第 70 行.
NOTIC: [8] Undefined offset: 7 D:\phpStudy\WWW\buniessProject\Project\Runtime\Cache\8613f28c185d95870673e4378e2e30b98af2ffde.file.left.html.php 第 70 行.
NOTIC: [8] Undefined offset: 8 D:\phpStudy\WWW\buniessProject\Project\Runtime\Cache\8613f28c185d95870673e4378e2e30b98af2ffde.file.left.html.php 第 70 行.
INFO: Run Behavior\ParseTemplate [ RunTime:0.006001s ]
INFO: [ view_parse ] --END-- [ RunTime:0.006001s ]
INFO: [ view_filter ] --START--
INFO: Run Behavior\WriteHtmlCache [ RunTime:0.000000s ]
INFO: [ view_filter ] --END-- [ RunTime:0.000000s ]
INFO: [ view_end ] --START--
INFO: [ view_end ] --END-- [ RunTime:0.000000s ]
INFO: [ app_end ] --START--
INFO: Run Behavior\ShowPageTrace [ RunTime:0.000000s ]
INFO: [ app_end ] --END-- [ RunTime:0.000000s ]

[ 2017-10-27T09:05:47+08:00 ] 127.0.0.1 /index.php/Admin/article/add/id/5
INFO: [ app_init ] --START--
INFO: [ app_init ] --END-- [ RunTime:0.000000s ]
INFO: [ path_info ] --START--
INFO: [ path_info ] --END-- [ RunTime:0.000000s ]
INFO: [ app_begin ] --START--
INFO: Run Behavior\ReadHtmlCache [ RunTime:0.000000s ]
INFO: Run Behavior\ReadHtmlCache [ RunTime:0.000000s ]
INFO: Run Behavior\CheckLang [ RunTime:0.002000s ]
INFO: [ app_begin ] --END-- [ RunTime:0.002000s ]
INFO: [ action_begin ] --START--
INFO: [ action_begin ] --END-- [ RunTime:0.000000s ]
NOTIC: [8192] mysql_connect(): The mysql extension is deprecated and will be removed in the future: use mysqli or PDO instead D:\phpStudy\WWW\buniessProject\Firame\Library\Think\Db\Driver\Mysql.class.php 第 53 行.
SQL: select role_auth_ac from yw_manager a join yw_role b on a.mg_role_id=b.role_id where a.mg_id=1 [ RunTime:0.000000s ]
SQL: SHOW COLUMNS FROM `yw_articles` [ RunTime:0.000000s ]
SQL: SHOW COLUMNS FROM `yw_images` [ RunTime:0.001000s ]
NOTIC: [8] Undefined index: mg_img D:\phpStudy\WWW\buniessProject\Project\Admin\Controller\ArticleController.class.php 第 57 行.
SQL: SELECT * FROM `yw_articles` WHERE ( `id` = 5 ) LIMIT 1   [ RunTime:0.000000s ]
SQL: SELECT * FROM `yw_images` WHERE ( status=0 and article_id=5 )  [ RunTime:0.000000s ]
NOTIC: [8] Use of undefined constant imgArr - assumed 'imgArr' D:\phpStudy\WWW\buniessProject\Project\Admin\Controller\ArticleController.class.php 第 135 行.
NOTIC: [8] Undefined variable: Errors D:\phpStudy\WWW\buniessProject\Project\Admin\Controller\ArticleController.class.php 第 139 行.
INFO: [ view_begin ] --START--
INFO: [ view_begin ] --END-- [ RunTime:0.000000s ]
INFO: [ view_parse ] --START--
INFO: Run Behavior\ParseTemplate [ RunTime:0.007000s ]
INFO: [ view_parse ] --END-- [ RunTime:0.007000s ]
INFO: [ view_filter ] --START--
INFO: Run Behavior\WriteHtmlCache [ RunTime:0.000000s ]
INFO: [ view_filter ] --END-- [ RunTime:0.000000s ]
INFO: [ view_end ] --START--
INFO: [ view_end ] --END-- [ RunTime:0.000000s ]
INFO: [ app_end ] --START--
INFO: Run Behavior\ShowPageTrace [ RunTime:0.000000s ]
INFO: [ app_end ] --END-- [ RunTime:0.001000s ]

[ 2017-10-27T09:05:47+08:00 ] 127.0.0.1 /index.php/Admin/article/add/id/5
INFO: [ app_init ] --START--
INFO: [ app_init ] --END-- [ RunTime:0.001000s ]
INFO: [ path_info ] --START--
INFO: [ path_info ] --END-- [ RunTime:0.000000s ]
INFO: [ app_begin ] --START--
INFO: Run Behavior\ReadHtmlCache [ RunTime:0.000000s ]
INFO: Run Behavior\ReadHtmlCache [ RunTime:0.000000s ]
INFO: Run Behavior\CheckLang [ RunTime:0.002000s ]
INFO: [ app_begin ] --END-- [ RunTime:0.002000s ]
INFO: [ action_begin ] --START--
INFO: [ action_begin ] --END-- [ RunTime:0.000000s ]
NOTIC: [8192] mysql_connect(): The mysql extension is deprecated and will be removed in the future: use mysqli or PDO instead D:\phpStudy\WWW\buniessProject\Firame\Library\Think\Db\Driver\Mysql.class.php 第 53 行.
SQL: select role_auth_ac from yw_manager a join yw_role b on a.mg_role_id=b.role_id where a.mg_id=1 [ RunTime:0.001000s ]
SQL: SHOW COLUMNS FROM `yw_articles` [ RunTime:0.001000s ]
SQL: SHOW COLUMNS FROM `yw_images` [ RunTime:0.001000s ]
NOTIC: [8] Undefined index: mg_img D:\phpStudy\WWW\buniessProject\Project\Admin\Controller\ArticleController.class.php 第 57 行.
SQL: SELECT * FROM `yw_articles` WHERE ( `id` = 5 ) LIMIT 1   [ RunTime:0.000000s ]
SQL: SELECT * FROM `yw_images` WHERE ( status=0 and article_id=5 )  [ RunTime:0.000000s ]
NOTIC: [8] Use of undefined constant imgArr - assumed 'imgArr' D:\phpStudy\WWW\buniessProject\Project\Admin\Controller\ArticleController.class.php 第 135 行.
NOTIC: [8] Undefined variable: Errors D:\phpStudy\WWW\buniessProject\Project\Admin\Controller\ArticleController.class.php 第 139 行.
INFO: [ view_begin ] --START--
INFO: [ view_begin ] --END-- [ RunTime:0.000000s ]
INFO: [ view_parse ] --START--
INFO: Run Behavior\ParseTemplate [ RunTime:0.006000s ]
INFO: [ view_parse ] --END-- [ RunTime:0.006000s ]
INFO: [ view_filter ] --START--
INFO: Run Behavior\WriteHtmlCache [ RunTime:0.000000s ]
INFO: [ view_filter ] --END-- [ RunTime:0.000000s ]
INFO: [ view_end ] --START--
INFO: [ view_end ] --END-- [ RunTime:0.000000s ]
INFO: [ app_end ] --START--
INFO: Run Behavior\ShowPageTrace [ RunTime:0.000000s ]
INFO: [ app_end ] --END-- [ RunTime:0.000000s ]

[ 2017-10-27T09:05:48+08:00 ] 127.0.0.1 /index.php/Admin/article/editImg/id/5
INFO: [ app_init ] --START--
INFO: [ app_init ] --END-- [ RunTime:0.000000s ]
INFO: [ path_info ] --START--
INFO: [ path_info ] --END-- [ RunTime:0.000000s ]
INFO: [ app_begin ] --START--
INFO: Run Behavior\ReadHtmlCache [ RunTime:0.000000s ]
INFO: Run Behavior\ReadHtmlCache [ RunTime:0.000000s ]
INFO: Run Behavior\CheckLang [ RunTime:0.001000s ]
INFO: [ app_begin ] --END-- [ RunTime:0.001000s ]
INFO: [ action_begin ] --START--
INFO: [ action_begin ] --END-- [ RunTime:0.000000s ]
NOTIC: [8192] mysql_connect(): The mysql extension is deprecated and will be removed in the future: use mysqli or PDO instead D:\phpStudy\WWW\buniessProject\Firame\Library\Think\Db\Driver\Mysql.class.php 第 53 行.
SQL: select role_auth_ac from yw_manager a join yw_role b on a.mg_role_id=b.role_id where a.mg_id=1 [ RunTime:0.001000s ]
SQL: SHOW COLUMNS FROM `yw_images` [ RunTime:0.000000s ]
NOTIC: [8] Undefined index: sort D:\phpStudy\WWW\buniessProject\Project\Admin\Controller\ArticleController.class.php 第 224 行.
NOTIC: [8] Undefined index: status D:\phpStudy\WWW\buniessProject\Project\Admin\Controller\ArticleController.class.php 第 239 行.
SQL: SELECT * FROM `yw_images` WHERE ( status=0 and article_id=5 ) ORDER BY sort desc,id desc  [ RunTime:0.001000s ]
INFO: [ view_begin ] --START--
INFO: [ view_begin ] --END-- [ RunTime:0.000000s ]
INFO: [ view_parse ] --START--
INFO: Run Behavior\ParseTemplate [ RunTime:0.007000s ]
INFO: [ view_parse ] --END-- [ RunTime:0.007000s ]
INFO: [ view_filter ] --START--
INFO: Run Behavior\WriteHtmlCache [ RunTime:0.000000s ]
INFO: [ view_filter ] --END-- [ RunTime:0.000000s ]
INFO: [ view_end ] --START--
INFO: [ view_end ] --END-- [ RunTime:0.000000s ]
INFO: [ app_end ] --START--
INFO: Run Behavior\ShowPageTrace [ RunTime:0.000000s ]
INFO: [ app_end ] --END-- [ RunTime:0.000000s ]

[ 2017-10-27T09:05:51+08:00 ] 127.0.0.1 /index.php/Admin/Index/index.html
INFO: [ app_init ] --START--
INFO: [ app_init ] --END-- [ RunTime:0.000000s ]
INFO: [ path_info ] --START--
INFO: [ path_info ] --END-- [ RunTime:0.000000s ]
INFO: [ app_begin ] --START--
INFO: Run Behavior\ReadHtmlCache [ RunTime:0.000000s ]
INFO: Run Behavior\ReadHtmlCache [ RunTime:0.000000s ]
INFO: Run Behavior\CheckLang [ RunTime:0.001000s ]
INFO: [ app_begin ] --END-- [ RunTime:0.001000s ]
INFO: [ action_begin ] --START--
INFO: [ action_begin ] --END-- [ RunTime:0.000000s ]
NOTIC: [8192] mysql_connect(): The mysql extension is deprecated and will be removed in the future: use mysqli or PDO instead D:\phpStudy\WWW\buniessProject\Firame\Library\Think\Db\Driver\Mysql.class.php 第 53 行.
SQL: select role_auth_ac from yw_manager a join yw_role b on a.mg_role_id=b.role_id where a.mg_id=1 [ RunTime:0.000000s ]
INFO: [ view_begin ] --START--
INFO: [ view_begin ] --END-- [ RunTime:0.000000s ]
INFO: [ view_parse ] --START--
INFO: Run Behavior\ParseTemplate [ RunTime:0.005000s ]
INFO: [ view_parse ] --END-- [ RunTime:0.005000s ]
INFO: [ view_filter ] --START--
INFO: Run Behavior\WriteHtmlCache [ RunTime:0.000000s ]
INFO: [ view_filter ] --END-- [ RunTime:0.000000s ]
INFO: [ view_end ] --START--
INFO: [ view_end ] --END-- [ RunTime:0.000000s ]
INFO: [ app_end ] --START--
INFO: Run Behavior\ShowPageTrace [ RunTime:0.000000s ]
INFO: [ app_end ] --END-- [ RunTime:0.001000s ]

[ 2017-10-27T09:05:52+08:00 ] 127.0.0.1 /index.php/Admin/Common/left.html
INFO: [ app_init ] --START--
INFO: [ app_init ] --END-- [ RunTime:0.002000s ]
INFO: [ path_info ] --START--
INFO: [ path_info ] --END-- [ RunTime:0.000000s ]
INFO: [ app_begin ] --START--
INFO: Run Behavior\ReadHtmlCache [ RunTime:0.000000s ]
INFO: Run Behavior\ReadHtmlCache [ RunTime:0.001000s ]
INFO: Run Behavior\CheckLang [ RunTime:0.001000s ]
INFO: [ app_begin ] --END-- [ RunTime:0.002000s ]
INFO: [ action_begin ] --START--
INFO: [ action_begin ] --END-- [ RunTime:0.000000s ]
NOTIC: [8192] mysql_connect(): The mysql extension is deprecated and will be removed in the future: use mysqli or PDO instead D:\phpStudy\WWW\buniessProject\Firame\Library\Think\Db\Driver\Mysql.class.php 第 53 行.
SQL: select role_auth_ac from yw_manager a join yw_role b on a.mg_role_id=b.role_id where a.mg_id=1 [ RunTime:0.000000s ]
SQL: select * from yw_manager where mg_id=1 and mg_deleted=0 [ RunTime:0.000000s ]
SQL: select * from yw_role where role_id=1 and role_deleted=0 [ RunTime:0.000000s ]
SQL: select * from yw_auth where auth_level=0 and deleted=0 [ RunTime:0.001000s ]
SQL: select * from yw_auth where auth_level=1 and auth_id<>10 and deleted=0 [ RunTime:0.000000s ]
INFO: [ view_begin ] --START--
INFO: [ view_begin ] --END-- [ RunTime:0.000000s ]
INFO: [ view_parse ] --START--
NOTIC: [8] Undefined offset: 6 D:\phpStudy\WWW\buniessProject\Project\Runtime\Cache\8613f28c185d95870673e4378e2e30b98af2ffde.file.left.html.php 第 70 行.
NOTIC: [8] Undefined offset: 7 D:\phpStudy\WWW\buniessProject\Project\Runtime\Cache\8613f28c185d95870673e4378e2e30b98af2ffde.file.left.html.php 第 70 行.
NOTIC: [8] Undefined offset: 8 D:\phpStudy\WWW\buniessProject\Project\Runtime\Cache\8613f28c185d95870673e4378e2e30b98af2ffde.file.left.html.php 第 70 行.
INFO: Run Behavior\ParseTemplate [ RunTime:0.009000s ]
INFO: [ view_parse ] --END-- [ RunTime:0.009000s ]
INFO: [ view_filter ] --START--
INFO: Run Behavior\WriteHtmlCache [ RunTime:0.000000s ]
INFO: [ view_filter ] --END-- [ RunTime:0.000000s ]
INFO: [ view_end ] --START--
INFO: [ view_end ] --END-- [ RunTime:0.000000s ]
INFO: [ app_end ] --START--
INFO: Run Behavior\ShowPageTrace [ RunTime:0.000000s ]
INFO: [ app_end ] --END-- [ RunTime:0.000000s ]

[ 2017-10-27T09:05:53+08:00 ] 127.0.0.1 /index.php/Admin/article/add/id/5
INFO: [ app_init ] --START--
INFO: [ app_init ] --END-- [ RunTime:0.003000s ]
INFO: [ path_info ] --START--
INFO: [ path_info ] --END-- [ RunTime:0.000000s ]
INFO: [ app_begin ] --START--
INFO: Run Behavior\ReadHtmlCache [ RunTime:0.000000s ]
INFO: Run Behavior\ReadHtmlCache [ RunTime:0.000000s ]
INFO: Run Behavior\CheckLang [ RunTime:0.001000s ]
INFO: [ app_begin ] --END-- [ RunTime:0.001000s ]
INFO: [ action_begin ] --START--
INFO: [ action_begin ] --END-- [ RunTime:0.000000s ]
NOTIC: [8192] mysql_connect(): The mysql extension is deprecated and will be removed in the future: use mysqli or PDO instead D:\phpStudy\WWW\buniessProject\Firame\Library\Think\Db\Driver\Mysql.class.php 第 53 行.
SQL: select role_auth_ac from yw_manager a join yw_role b on a.mg_role_id=b.role_id where a.mg_id=1 [ RunTime:0.001000s ]
SQL: SHOW COLUMNS FROM `yw_articles` [ RunTime:0.000000s ]
SQL: SHOW COLUMNS FROM `yw_images` [ RunTime:0.001000s ]
NOTIC: [8] Undefined index: mg_img D:\phpStudy\WWW\buniessProject\Project\Admin\Controller\ArticleController.class.php 第 57 行.
SQL: SELECT * FROM `yw_articles` WHERE ( `id` = 5 ) LIMIT 1   [ RunTime:0.000000s ]
SQL: SELECT * FROM `yw_images` WHERE ( status=0 and article_id=5 )  [ RunTime:0.001001s ]
NOTIC: [8] Use of undefined constant imgArr - assumed 'imgArr' D:\phpStudy\WWW\buniessProject\Project\Admin\Controller\ArticleController.class.php 第 135 行.
NOTIC: [8] Undefined variable: Errors D:\phpStudy\WWW\buniessProject\Project\Admin\Controller\ArticleController.class.php 第 139 行.
INFO: [ view_begin ] --START--
INFO: [ view_begin ] --END-- [ RunTime:0.000000s ]
INFO: [ view_parse ] --START--
INFO: Run Behavior\ParseTemplate [ RunTime:0.008000s ]
INFO: [ view_parse ] --END-- [ RunTime:0.008000s ]
INFO: [ view_filter ] --START--
INFO: Run Behavior\WriteHtmlCache [ RunTime:0.000000s ]
INFO: [ view_filter ] --END-- [ RunTime:0.000000s ]
INFO: [ view_end ] --START--
INFO: [ view_end ] --END-- [ RunTime:0.000000s ]
INFO: [ app_end ] --START--
INFO: Run Behavior\ShowPageTrace [ RunTime:0.000000s ]
INFO: [ app_end ] --END-- [ RunTime:0.001000s ]

[ 2017-10-27T09:05:54+08:00 ] 127.0.0.1 /index.php/Admin/article/editImg/id/5
INFO: [ app_init ] --START--
INFO: [ app_init ] --END-- [ RunTime:0.000000s ]
INFO: [ path_info ] --START--
INFO: [ path_info ] --END-- [ RunTime:0.000000s ]
INFO: [ app_begin ] --START--
INFO: Run Behavior\ReadHtmlCache [ RunTime:0.000000s ]
INFO: Run Behavior\ReadHtmlCache [ RunTime:0.000000s ]
INFO: Run Behavior\CheckLang [ RunTime:0.002000s ]
INFO: [ app_begin ] --END-- [ RunTime:0.002000s ]
INFO: [ action_begin ] --START--
INFO: [ action_begin ] --END-- [ RunTime:0.000000s ]
NOTIC: [8192] mysql_connect(): The mysql extension is deprecated and will be removed in the future: use mysqli or PDO instead D:\phpStudy\WWW\buniessProject\Firame\Library\Think\Db\Driver\Mysql.class.php 第 53 行.
SQL: select role_auth_ac from yw_manager a join yw_role b on a.mg_role_id=b.role_id where a.mg_id=1 [ RunTime:0.001000s ]
SQL: SHOW COLUMNS FROM `yw_images` [ RunTime:0.000000s ]
NOTIC: [8] Undefined index: sort D:\phpStudy\WWW\buniessProject\Project\Admin\Controller\ArticleController.class.php 第 224 行.
NOTIC: [8] Undefined index: status D:\phpStudy\WWW\buniessProject\Project\Admin\Controller\ArticleController.class.php 第 239 行.
SQL: SELECT * FROM `yw_images` WHERE ( status=0 and article_id=5 ) ORDER BY sort desc,id desc  [ RunTime:0.000000s ]
INFO: [ view_begin ] --START--
INFO: [ view_begin ] --END-- [ RunTime:0.000000s ]
INFO: [ view_parse ] --START--
INFO: Run Behavior\ParseTemplate [ RunTime:0.006001s ]
INFO: [ view_parse ] --END-- [ RunTime:0.006001s ]
INFO: [ view_filter ] --START--
INFO: Run Behavior\WriteHtmlCache [ RunTime:0.000000s ]
INFO: [ view_filter ] --END-- [ RunTime:0.000000s ]
INFO: [ view_end ] --START--
INFO: [ view_end ] --END-- [ RunTime:0.000000s ]
INFO: [ app_end ] --START--
INFO: Run Behavior\ShowPageTrace [ RunTime:0.000000s ]
INFO: [ app_end ] --END-- [ RunTime:0.000000s ]

[ 2017-10-27T09:05:56+08:00 ] 127.0.0.1 /index.php/Admin/article/editImg/article/editImg
INFO: [ app_init ] --START--
INFO: [ app_init ] --END-- [ RunTime:0.000000s ]
INFO: [ path_info ] --START--
INFO: [ path_info ] --END-- [ RunTime:0.000000s ]
INFO: [ app_begin ] --START--
INFO: Run Behavior\ReadHtmlCache [ RunTime:0.000000s ]
INFO: Run Behavior\ReadHtmlCache [ RunTime:0.000000s ]
INFO: Run Behavior\CheckLang [ RunTime:0.001000s ]
INFO: [ app_begin ] --END-- [ RunTime:0.001000s ]
INFO: [ action_begin ] --START--
INFO: [ action_begin ] --END-- [ RunTime:0.000000s ]
NOTIC: [8192] mysql_connect(): The mysql extension is deprecated and will be removed in the future: use mysqli or PDO instead D:\phpStudy\WWW\buniessProject\Firame\Library\Think\Db\Driver\Mysql.class.php 第 53 行.
SQL: select role_auth_ac from yw_manager a join yw_role b on a.mg_role_id=b.role_id where a.mg_id=1 [ RunTime:0.000000s ]
SQL: SHOW COLUMNS FROM `yw_images` [ RunTime:0.000000s ]
NOTIC: [8] Undefined index: status D:\phpStudy\WWW\buniessProject\Project\Admin\Controller\ArticleController.class.php 第 239 行.
SQL: SELECT * FROM `yw_images` WHERE ( status=0 and article_id=9 ) ORDER BY sort desc,id desc  [ RunTime:0.000000s ]
INFO: [ view_begin ] --START--
INFO: [ view_begin ] --END-- [ RunTime:0.000000s ]
INFO: [ view_parse ] --START--
INFO: Run Behavior\ParseTemplate [ RunTime:0.005001s ]
INFO: [ view_parse ] --END-- [ RunTime:0.005001s ]
INFO: [ view_filter ] --START--
INFO: Run Behavior\WriteHtmlCache [ RunTime:0.000000s ]
INFO: [ view_filter ] --END-- [ RunTime:0.000000s ]
INFO: [ view_end ] --START--
INFO: [ view_end ] --END-- [ RunTime:0.000000s ]
INFO: [ app_end ] --START--
INFO: Run Behavior\ShowPageTrace [ RunTime:0.000000s ]
INFO: [ app_end ] --END-- [ RunTime:0.000000s ]

[ 2017-10-27T09:05:59+08:00 ] 127.0.0.1 /index.php/Admin/article/editImg/article/editImg
INFO: [ app_init ] --START--
INFO: [ app_init ] --END-- [ RunTime:0.001000s ]
INFO: [ path_info ] --START--
INFO: [ path_info ] --END-- [ RunTime:0.000000s ]
INFO: [ app_begin ] --START--
INFO: Run Behavior\ReadHtmlCache [ RunTime:0.000000s ]
INFO: Run Behavior\ReadHtmlCache [ RunTime:0.000000s ]
INFO: Run Behavior\CheckLang [ RunTime:0.001000s ]
INFO: [ app_begin ] --END-- [ RunTime:0.001000s ]
INFO: [ action_begin ] --START--
INFO: [ action_begin ] --END-- [ RunTime:0.000000s ]
NOTIC: [8192] mysql_connect(): The mysql extension is deprecated and will be removed in the future: use mysqli or PDO instead D:\phpStudy\WWW\buniessProject\Firame\Library\Think\Db\Driver\Mysql.class.php 第 53 行.
SQL: select role_auth_ac from yw_manager a join yw_role b on a.mg_role_id=b.role_id where a.mg_id=1 [ RunTime:0.000000s ]
SQL: SHOW COLUMNS FROM `yw_images` [ RunTime:0.000000s ]
SQL: UPDATE `yw_images` SET `id`=9,`sort`=7 WHERE ( id=9 ) [ RunTime:0.017001s ]

[ 2017-10-27T09:06:02+08:00 ] 127.0.0.1 /index.php/Admin/article/editImg/id/5
INFO: [ app_init ] --START--
INFO: [ app_init ] --END-- [ RunTime:0.000000s ]
INFO: [ path_info ] --START--
INFO: [ path_info ] --END-- [ RunTime:0.000000s ]
INFO: [ app_begin ] --START--
INFO: Run Behavior\ReadHtmlCache [ RunTime:0.000000s ]
INFO: Run Behavior\ReadHtmlCache [ RunTime:0.000000s ]
INFO: Run Behavior\CheckLang [ RunTime:0.001001s ]
INFO: [ app_begin ] --END-- [ RunTime:0.001001s ]
INFO: [ action_begin ] --START--
INFO: [ action_begin ] --END-- [ RunTime:0.000000s ]
NOTIC: [8192] mysql_connect(): The mysql extension is deprecated and will be removed in the future: use mysqli or PDO instead D:\phpStudy\WWW\buniessProject\Firame\Library\Think\Db\Driver\Mysql.class.php 第 53 行.
SQL: select role_auth_ac from yw_manager a join yw_role b on a.mg_role_id=b.role_id where a.mg_id=1 [ RunTime:0.000000s ]
SQL: SHOW COLUMNS FROM `yw_images` [ RunTime:0.000000s ]
NOTIC: [8] Undefined index: sort D:\phpStudy\WWW\buniessProject\Project\Admin\Controller\ArticleController.class.php 第 224 行.
NOTIC: [8] Undefined index: status D:\phpStudy\WWW\buniessProject\Project\Admin\Controller\ArticleController.class.php 第 239 行.
SQL: SELECT * FROM `yw_images` WHERE ( status=0 and article_id=5 ) ORDER BY sort desc,id desc  [ RunTime:0.000000s ]
INFO: [ view_begin ] --START--
INFO: [ view_begin ] --END-- [ RunTime:0.000000s ]
INFO: [ view_parse ] --START--
INFO: Run Behavior\ParseTemplate [ RunTime:0.005000s ]
INFO: [ view_parse ] --END-- [ RunTime:0.005000s ]
INFO: [ view_filter ] --START--
INFO: Run Behavior\WriteHtmlCache [ RunTime:0.000000s ]
INFO: [ view_filter ] --END-- [ RunTime:0.000000s ]
INFO: [ view_end ] --START--
INFO: [ view_end ] --END-- [ RunTime:0.000000s ]
INFO: [ app_end ] --START--
INFO: Run Behavior\ShowPageTrace [ RunTime:0.000000s ]
INFO: [ app_end ] --END-- [ RunTime:0.000000s ]

[ 2017-10-27T09:06:05+08:00 ] 127.0.0.1 /index.php/Admin/Index/index.html
INFO: [ app_init ] --START--
INFO: [ app_init ] --END-- [ RunTime:0.000000s ]
INFO: [ path_info ] --START--
INFO: [ path_info ] --END-- [ RunTime:0.000000s ]
INFO: [ app_begin ] --START--
INFO: Run Behavior\ReadHtmlCache [ RunTime:0.000000s ]
INFO: Run Behavior\ReadHtmlCache [ RunTime:0.000000s ]
INFO: Run Behavior\CheckLang [ RunTime:0.001000s ]
INFO: [ app_begin ] --END-- [ RunTime:0.001000s ]
INFO: [ action_begin ] --START--
INFO: [ action_begin ] --END-- [ RunTime:0.000000s ]
NOTIC: [8192] mysql_connect(): The mysql extension is deprecated and will be removed in the future: use mysqli or PDO instead D:\phpStudy\WWW\buniessProject\Firame\Library\Think\Db\Driver\Mysql.class.php 第 53 行.
SQL: select role_auth_ac from yw_manager a join yw_role b on a.mg_role_id=b.role_id where a.mg_id=1 [ RunTime:0.000000s ]
INFO: [ view_begin ] --START--
INFO: [ view_begin ] --END-- [ RunTime:0.000000s ]
INFO: [ view_parse ] --START--
INFO: Run Behavior\ParseTemplate [ RunTime:0.005000s ]
INFO: [ view_parse ] --END-- [ RunTime:0.005000s ]
INFO: [ view_filter ] --START--
INFO: Run Behavior\WriteHtmlCache [ RunTime:0.000000s ]
INFO: [ view_filter ] --END-- [ RunTime:0.000000s ]
INFO: [ view_end ] --START--
INFO: [ view_end ] --END-- [ RunTime:0.000000s ]
INFO: [ app_end ] --START--
INFO: Run Behavior\ShowPageTrace [ RunTime:0.000000s ]
INFO: [ app_end ] --END-- [ RunTime:0.000000s ]

[ 2017-10-27T09:06:05+08:00 ] 127.0.0.1 /index.php/Admin/Common/left.html
INFO: [ app_init ] --START--
INFO: [ app_init ] --END-- [ RunTime:0.001000s ]
INFO: [ path_info ] --START--
INFO: [ path_info ] --END-- [ RunTime:0.000000s ]
INFO: [ app_begin ] --START--
INFO: Run Behavior\ReadHtmlCache [ RunTime:0.000000s ]
INFO: Run Behavior\ReadHtmlCache [ RunTime:0.000000s ]
INFO: Run Behavior\CheckLang [ RunTime:0.001000s ]
INFO: [ app_begin ] --END-- [ RunTime:0.001000s ]
INFO: [ action_begin ] --START--
INFO: [ action_begin ] --END-- [ RunTime:0.000000s ]
NOTIC: [8192] mysql_connect(): The mysql extension is deprecated and will be removed in the future: use mysqli or PDO instead D:\phpStudy\WWW\buniessProject\Firame\Library\Think\Db\Driver\Mysql.class.php 第 53 行.
SQL: select role_auth_ac from yw_manager a join yw_role b on a.mg_role_id=b.role_id where a.mg_id=1 [ RunTime:0.000000s ]
SQL: select * from yw_manager where mg_id=1 and mg_deleted=0 [ RunTime:0.000000s ]
SQL: select * from yw_role where role_id=1 and role_deleted=0 [ RunTime:0.000000s ]
SQL: select * from yw_auth where auth_level=0 and deleted=0 [ RunTime:0.001000s ]
SQL: select * from yw_auth where auth_level=1 and auth_id<>10 and deleted=0 [ RunTime:0.000000s ]
INFO: [ view_begin ] --START--
INFO: [ view_begin ] --END-- [ RunTime:0.000000s ]
INFO: [ view_parse ] --START--
NOTIC: [8] Undefined offset: 6 D:\phpStudy\WWW\buniessProject\Project\Runtime\Cache\8613f28c185d95870673e4378e2e30b98af2ffde.file.left.html.php 第 70 行.
NOTIC: [8] Undefined offset: 7 D:\phpStudy\WWW\buniessProject\Project\Runtime\Cache\8613f28c185d95870673e4378e2e30b98af2ffde.file.left.html.php 第 70 行.
NOTIC: [8] Undefined offset: 8 D:\phpStudy\WWW\buniessProject\Project\Runtime\Cache\8613f28c185d95870673e4378e2e30b98af2ffde.file.left.html.php 第 70 行.
INFO: Run Behavior\ParseTemplate [ RunTime:0.007000s ]
INFO: [ view_parse ] --END-- [ RunTime:0.007000s ]
INFO: [ view_filter ] --START--
INFO: Run Behavior\WriteHtmlCache [ RunTime:0.000000s ]
INFO: [ view_filter ] --END-- [ RunTime:0.000000s ]
INFO: [ view_end ] --START--
INFO: [ view_end ] --END-- [ RunTime:0.000000s ]
INFO: [ app_end ] --START--
INFO: Run Behavior\ShowPageTrace [ RunTime:0.000000s ]
INFO: [ app_end ] --END-- [ RunTime:0.000000s ]

[ 2017-10-27T09:06:06+08:00 ] 127.0.0.1 /index.php/Admin/article/add/id/5
INFO: [ app_init ] --START--
INFO: [ app_init ] --END-- [ RunTime:0.000000s ]
INFO: [ path_info ] --START--
INFO: [ path_info ] --END-- [ RunTime:0.000000s ]
INFO: [ app_begin ] --START--
INFO: Run Behavior\ReadHtmlCache [ RunTime:0.000000s ]
INFO: Run Behavior\ReadHtmlCache [ RunTime:0.000000s ]
INFO: Run Behavior\CheckLang [ RunTime:0.000000s ]
INFO: [ app_begin ] --END-- [ RunTime:0.000000s ]
INFO: [ action_begin ] --START--
INFO: [ action_begin ] --END-- [ RunTime:0.000000s ]
NOTIC: [8192] mysql_connect(): The mysql extension is deprecated and will be removed in the future: use mysqli or PDO instead D:\phpStudy\WWW\buniessProject\Firame\Library\Think\Db\Driver\Mysql.class.php 第 53 行.
SQL: select role_auth_ac from yw_manager a join yw_role b on a.mg_role_id=b.role_id where a.mg_id=1 [ RunTime:0.001000s ]
SQL: SHOW COLUMNS FROM `yw_articles` [ RunTime:0.001000s ]
SQL: SHOW COLUMNS FROM `yw_images` [ RunTime:0.001001s ]
NOTIC: [8] Undefined index: mg_img D:\phpStudy\WWW\buniessProject\Project\Admin\Controller\ArticleController.class.php 第 57 行.
SQL: SELECT * FROM `yw_articles` WHERE ( `id` = 5 ) LIMIT 1   [ RunTime:0.000000s ]
SQL: SELECT * FROM `yw_images` WHERE ( status=0 and article_id=5 )  [ RunTime:0.001000s ]
NOTIC: [8] Use of undefined constant imgArr - assumed 'imgArr' D:\phpStudy\WWW\buniessProject\Project\Admin\Controller\ArticleController.class.php 第 135 行.
NOTIC: [8] Undefined variable: Errors D:\phpStudy\WWW\buniessProject\Project\Admin\Controller\ArticleController.class.php 第 139 行.
INFO: [ view_begin ] --START--
INFO: [ view_begin ] --END-- [ RunTime:0.000000s ]
INFO: [ view_parse ] --START--
INFO: Run Behavior\ParseTemplate [ RunTime:0.005000s ]
INFO: [ view_parse ] --END-- [ RunTime:0.005000s ]
INFO: [ view_filter ] --START--
INFO: Run Behavior\WriteHtmlCache [ RunTime:0.000000s ]
INFO: [ view_filter ] --END-- [ RunTime:0.000000s ]
INFO: [ view_end ] --START--
INFO: [ view_end ] --END-- [ RunTime:0.000000s ]
INFO: [ app_end ] --START--
INFO: Run Behavior\ShowPageTrace [ RunTime:0.000000s ]
INFO: [ app_end ] --END-- [ RunTime:0.000000s ]

