[ 2017-11-03T09:01:32+08:00 ] 127.0.0.1 /index.php/Admin/server/index
INFO: [ app_init ] --START--
INFO: [ app_init ] --END-- [ RunTime:0.000000s ]
INFO: [ path_info ] --START--
INFO: [ path_info ] --END-- [ RunTime:0.000000s ]
INFO: [ app_begin ] --START--
INFO: Run Behavior\ReadHtmlCache [ RunTime:0.000000s ]
INFO: Run Behavior\ReadHtmlCache [ RunTime:0.000000s ]
INFO: Run Behavior\CheckLang [ RunTime:0.001000s ]
INFO: [ app_begin ] --END-- [ RunTime:0.001000s ]
INFO: [ action_begin ] --START--
INFO: [ action_begin ] --END-- [ RunTime:0.000000s ]
NOTIC: [8192] mysql_connect(): The mysql extension is deprecated and will be removed in the future: use mysqli or PDO instead D:\phpStudy\WWW\buniessProject\Firame\Library\Think\Db\Driver\Mysql.class.php 第 53 行.
SQL: select role_auth_ac from yw_manager a join yw_role b on a.mg_role_id=b.role_id where a.mg_id=1 [ RunTime:0.001000s ]
ERR: 非法操作:index

[ 2017-11-03T09:42:08+08:00 ] 127.0.0.1 /index.php/Admin/Category/showlist
INFO: [ app_init ] --START--
INFO: [ app_init ] --END-- [ RunTime:0.000000s ]
INFO: [ path_info ] --START--
INFO: [ path_info ] --END-- [ RunTime:0.000000s ]
INFO: [ app_begin ] --START--
INFO: Run Behavior\ReadHtmlCache [ RunTime:0.000000s ]
INFO: Run Behavior\ReadHtmlCache [ RunTime:0.000000s ]
INFO: Run Behavior\CheckLang [ RunTime:0.001000s ]
INFO: [ app_begin ] --END-- [ RunTime:0.001000s ]
INFO: [ action_begin ] --START--
INFO: [ action_begin ] --END-- [ RunTime:0.000000s ]
NOTIC: [8192] mysql_connect(): The mysql extension is deprecated and will be removed in the future: use mysqli or PDO instead D:\phpStudy\WWW\buniessProject\Firame\Library\Think\Db\Driver\Mysql.class.php 第 53 行.
SQL: select role_auth_ac from yw_manager a join yw_role b on a.mg_role_id=b.role_id where a.mg_id=1 [ RunTime:0.001000s ]
SQL: SHOW COLUMNS FROM `yw_articles_category` [ RunTime:0.001000s ]
NOTIC: [8] Undefined index: id D:\phpStudy\WWW\buniessProject\Project\Admin\Controller\CategoryController.class.php 第 92 行.
SQL: SELECT * FROM `yw_articles_category` WHERE ( status=0 ) ORDER BY category_path asc,category_sort asc  [ RunTime:0.000000s ]
INFO: [ view_begin ] --START--
INFO: [ view_begin ] --END-- [ RunTime:0.000000s ]
INFO: [ view_parse ] --START--
NOTIC: [8] Undefined index: pagelist D:\phpStudy\WWW\buniessProject\Project\Runtime\Cache\6f9015f3db7bf9c34d57cfa29bb4393204164982.file.showlist.html.php 第 87 行.
NOTIC: [8] Trying to get property of non-object D:\phpStudy\WWW\buniessProject\Project\Runtime\Cache\6f9015f3db7bf9c34d57cfa29bb4393204164982.file.showlist.html.php 第 87 行.
INFO: Run Behavior\ParseTemplate [ RunTime:0.007000s ]
INFO: [ view_parse ] --END-- [ RunTime:0.007000s ]
INFO: [ view_filter ] --START--
INFO: Run Behavior\WriteHtmlCache [ RunTime:0.000000s ]
INFO: [ view_filter ] --END-- [ RunTime:0.000000s ]
INFO: [ view_end ] --START--
INFO: [ view_end ] --END-- [ RunTime:0.000000s ]
INFO: [ app_end ] --START--
INFO: Run Behavior\ShowPageTrace [ RunTime:0.000000s ]
INFO: [ app_end ] --END-- [ RunTime:0.000000s ]

[ 2017-11-03T09:42:11+08:00 ] 127.0.0.1 /index.php/Admin/Manager/showlist
INFO: [ app_init ] --START--
INFO: [ app_init ] --END-- [ RunTime:0.001000s ]
INFO: [ path_info ] --START--
INFO: [ path_info ] --END-- [ RunTime:0.000000s ]
INFO: [ app_begin ] --START--
INFO: Run Behavior\ReadHtmlCache [ RunTime:0.000000s ]
INFO: Run Behavior\ReadHtmlCache [ RunTime:0.000000s ]
INFO: Run Behavior\CheckLang [ RunTime:0.001000s ]
INFO: [ app_begin ] --END-- [ RunTime:0.001000s ]
INFO: [ action_begin ] --START--
INFO: [ action_begin ] --END-- [ RunTime:0.000000s ]
NOTIC: [8192] mysql_connect(): The mysql extension is deprecated and will be removed in the future: use mysqli or PDO instead D:\phpStudy\WWW\buniessProject\Firame\Library\Think\Db\Driver\Mysql.class.php 第 53 行.
SQL: select role_auth_ac from yw_manager a join yw_role b on a.mg_role_id=b.role_id where a.mg_id=1 [ RunTime:0.000000s ]
SQL: SHOW COLUMNS FROM `yw_manager` [ RunTime:0.001000s ]
NOTIC: [8] Undefined index: mg_real_name D:\phpStudy\WWW\buniessProject\Project\Admin\Controller\ManagerController.class.php 第 74 行.
NOTIC: [8] Undefined variable: condition D:\phpStudy\WWW\buniessProject\Project\Admin\Controller\ManagerController.class.php 第 82 行.
SQL: SELECT COUNT(*) AS tp_count FROM `yw_manager` WHERE ( mg_deleted=0 ) LIMIT 1   [ RunTime:0.000000s ]
NOTIC: [8] Undefined variable: condition D:\phpStudy\WWW\buniessProject\Project\Admin\Controller\ManagerController.class.php 第 87 行.
SQL: select * from `yw_manager` where 1=1 and mg_deleted=0  order by mg_id desc Limit 0, 14 [ RunTime:0.001000s ]
NOTIC: [8] Undefined offset: 8 D:\phpStudy\WWW\buniessProject\Project\Component\Page.class.php 第 151 行.
SQL: SHOW COLUMNS FROM `yw_role` [ RunTime:0.001000s ]
SQL: SELECT * FROM `yw_role`  [ RunTime:0.057003s ]
INFO: [ view_begin ] --START--
INFO: [ view_begin ] --END-- [ RunTime:0.000000s ]
INFO: [ view_parse ] --START--
NOTIC: [8] Undefined index:  D:\phpStudy\WWW\buniessProject\Project\Runtime\Cache\eb2dfb40348094d9ae53b64e9e264b75fbad819b.file.showlist.html.php 第 72 行.
NOTIC: [8] Undefined index:  D:\phpStudy\WWW\buniessProject\Project\Runtime\Cache\eb2dfb40348094d9ae53b64e9e264b75fbad819b.file.showlist.html.php 第 72 行.
NOTIC: [8] Undefined index:  D:\phpStudy\WWW\buniessProject\Project\Runtime\Cache\eb2dfb40348094d9ae53b64e9e264b75fbad819b.file.showlist.html.php 第 72 行.
NOTIC: [8] Undefined index:  D:\phpStudy\WWW\buniessProject\Project\Runtime\Cache\eb2dfb40348094d9ae53b64e9e264b75fbad819b.file.showlist.html.php 第 72 行.
NOTIC: [8] Undefined index:  D:\phpStudy\WWW\buniessProject\Project\Runtime\Cache\eb2dfb40348094d9ae53b64e9e264b75fbad819b.file.showlist.html.php 第 72 行.
NOTIC: [8] Undefined index:  D:\phpStudy\WWW\buniessProject\Project\Runtime\Cache\eb2dfb40348094d9ae53b64e9e264b75fbad819b.file.showlist.html.php 第 72 行.
NOTIC: [8] Undefined index:  D:\phpStudy\WWW\buniessProject\Project\Runtime\Cache\eb2dfb40348094d9ae53b64e9e264b75fbad819b.file.showlist.html.php 第 72 行.
NOTIC: [8] Undefined index:  D:\phpStudy\WWW\buniessProject\Project\Runtime\Cache\eb2dfb40348094d9ae53b64e9e264b75fbad819b.file.showlist.html.php 第 72 行.
NOTIC: [8] Undefined index:  D:\phpStudy\WWW\buniessProject\Project\Runtime\Cache\eb2dfb40348094d9ae53b64e9e264b75fbad819b.file.showlist.html.php 第 72 行.
NOTIC: [8] Undefined index:  D:\phpStudy\WWW\buniessProject\Project\Runtime\Cache\eb2dfb40348094d9ae53b64e9e264b75fbad819b.file.showlist.html.php 第 72 行.
NOTIC: [8] Undefined index:  D:\phpStudy\WWW\buniessProject\Project\Runtime\Cache\eb2dfb40348094d9ae53b64e9e264b75fbad819b.file.showlist.html.php 第 72 行.
INFO: Run Behavior\ParseTemplate [ RunTime:0.018001s ]
INFO: [ view_parse ] --END-- [ RunTime:0.018001s ]
INFO: [ view_filter ] --START--
INFO: Run Behavior\WriteHtmlCache [ RunTime:0.000000s ]
INFO: [ view_filter ] --END-- [ RunTime:0.000000s ]
INFO: [ view_end ] --START--
INFO: [ view_end ] --END-- [ RunTime:0.000000s ]
INFO: [ app_end ] --START--
INFO: Run Behavior\ShowPageTrace [ RunTime:0.000000s ]
INFO: [ app_end ] --END-- [ RunTime:0.000000s ]

[ 2017-11-03T09:42:15+08:00 ] 127.0.0.1 /index.php/Admin/Article/showlist
INFO: [ app_init ] --START--
INFO: [ app_init ] --END-- [ RunTime:0.001000s ]
INFO: [ path_info ] --START--
INFO: [ path_info ] --END-- [ RunTime:0.000000s ]
INFO: [ app_begin ] --START--
INFO: Run Behavior\ReadHtmlCache [ RunTime:0.000000s ]
INFO: Run Behavior\ReadHtmlCache [ RunTime:0.000000s ]
INFO: Run Behavior\CheckLang [ RunTime:0.001000s ]
INFO: [ app_begin ] --END-- [ RunTime:0.001000s ]
INFO: [ action_begin ] --START--
INFO: [ action_begin ] --END-- [ RunTime:0.000000s ]
NOTIC: [8192] mysql_connect(): The mysql extension is deprecated and will be removed in the future: use mysqli or PDO instead D:\phpStudy\WWW\buniessProject\Firame\Library\Think\Db\Driver\Mysql.class.php 第 53 行.
SQL: select role_auth_ac from yw_manager a join yw_role b on a.mg_role_id=b.role_id where a.mg_id=1 [ RunTime:0.001000s ]
SQL: SHOW COLUMNS FROM `yw_articles` [ RunTime:0.001000s ]
NOTIC: [8] Undefined index: title D:\phpStudy\WWW\buniessProject\Project\Admin\Controller\ArticleController.class.php 第 15 行.
NOTIC: [8] Undefined variable: condition D:\phpStudy\WWW\buniessProject\Project\Admin\Controller\ArticleController.class.php 第 23 行.
SQL: SELECT COUNT(*) AS tp_count FROM `yw_articles` WHERE ( status=0 ) LIMIT 1   [ RunTime:0.000000s ]
NOTIC: [8] Undefined variable: condition D:\phpStudy\WWW\buniessProject\Project\Admin\Controller\ArticleController.class.php 第 28 行.
SQL: select * from `yw_articles` where 1=1 and status=0  order by sort desc Limit 0, 14 [ RunTime:0.000000s ]
NOTIC: [8] Undefined offset: 8 D:\phpStudy\WWW\buniessProject\Project\Component\Page.class.php 第 151 行.
INFO: [ view_begin ] --START--
INFO: [ view_begin ] --END-- [ RunTime:0.000000s ]
INFO: [ view_parse ] --START--
INFO: Run Behavior\ParseTemplate [ RunTime:0.005000s ]
INFO: [ view_parse ] --END-- [ RunTime:0.005000s ]
INFO: [ view_filter ] --START--
INFO: Run Behavior\WriteHtmlCache [ RunTime:0.000000s ]
INFO: [ view_filter ] --END-- [ RunTime:0.000000s ]
INFO: [ view_end ] --START--
INFO: [ view_end ] --END-- [ RunTime:0.000000s ]
INFO: [ app_end ] --START--
INFO: Run Behavior\ShowPageTrace [ RunTime:0.000000s ]
INFO: [ app_end ] --END-- [ RunTime:0.000000s ]

[ 2017-11-03T09:42:16+08:00 ] 127.0.0.1 /index.php/Admin/Apply/showlist
INFO: [ app_init ] --START--
INFO: [ app_init ] --END-- [ RunTime:0.000000s ]
INFO: [ path_info ] --START--
INFO: [ path_info ] --END-- [ RunTime:0.000000s ]
INFO: [ app_begin ] --START--
INFO: Run Behavior\ReadHtmlCache [ RunTime:0.000000s ]
INFO: Run Behavior\ReadHtmlCache [ RunTime:0.000000s ]
INFO: Run Behavior\CheckLang [ RunTime:0.001000s ]
INFO: [ app_begin ] --END-- [ RunTime:0.001000s ]
INFO: [ action_begin ] --START--
INFO: [ action_begin ] --END-- [ RunTime:0.000000s ]
NOTIC: [8192] mysql_connect(): The mysql extension is deprecated and will be removed in the future: use mysqli or PDO instead D:\phpStudy\WWW\buniessProject\Firame\Library\Think\Db\Driver\Mysql.class.php 第 53 行.
SQL: select role_auth_ac from yw_manager a join yw_role b on a.mg_role_id=b.role_id where a.mg_id=1 [ RunTime:0.000000s ]
SQL: SHOW COLUMNS FROM `yw_apply` [ RunTime:0.000000s ]
NOTIC: [8] Undefined index: title D:\phpStudy\WWW\buniessProject\Project\Admin\Controller\ApplyController.class.php 第 14 行.
NOTIC: [8] Undefined index: source D:\phpStudy\WWW\buniessProject\Project\Admin\Controller\ApplyController.class.php 第 15 行.
NOTIC: [8] Undefined variable: condition D:\phpStudy\WWW\buniessProject\Project\Admin\Controller\ApplyController.class.php 第 23 行.
SQL: SELECT COUNT(*) AS tp_count FROM `yw_apply` WHERE ( status=0 ) LIMIT 1   [ RunTime:0.000000s ]
NOTIC: [8] Undefined variable: condition D:\phpStudy\WWW\buniessProject\Project\Admin\Controller\ApplyController.class.php 第 28 行.
SQL: select * from `yw_apply` where 1=1 and status=0  order by createtime desc Limit 0, 14 [ RunTime:0.000000s ]
NOTIC: [8] Undefined offset: 8 D:\phpStudy\WWW\buniessProject\Project\Component\Page.class.php 第 151 行.
INFO: [ view_begin ] --START--
INFO: [ view_begin ] --END-- [ RunTime:0.000000s ]
INFO: [ view_parse ] --START--
NOTIC: [8] Undefined index: id D:\phpStudy\WWW\buniessProject\Project\Runtime\Cache\3217b5a4e053e98f9ba86b43485a7e96e05e0f33.file.showlist.html.php 第 95 行.
NOTIC: [8] Undefined index: id D:\phpStudy\WWW\buniessProject\Project\Runtime\Cache\3217b5a4e053e98f9ba86b43485a7e96e05e0f33.file.showlist.html.php 第 98 行.
NOTIC: [8] Undefined index: id D:\phpStudy\WWW\buniessProject\Project\Runtime\Cache\3217b5a4e053e98f9ba86b43485a7e96e05e0f33.file.showlist.html.php 第 95 行.
NOTIC: [8] Undefined index: id D:\phpStudy\WWW\buniessProject\Project\Runtime\Cache\3217b5a4e053e98f9ba86b43485a7e96e05e0f33.file.showlist.html.php 第 98 行.
NOTIC: [8] Undefined index: id D:\phpStudy\WWW\buniessProject\Project\Runtime\Cache\3217b5a4e053e98f9ba86b43485a7e96e05e0f33.file.showlist.html.php 第 95 行.
NOTIC: [8] Undefined index: id D:\phpStudy\WWW\buniessProject\Project\Runtime\Cache\3217b5a4e053e98f9ba86b43485a7e96e05e0f33.file.showlist.html.php 第 98 行.
NOTIC: [8] Undefined index: id D:\phpStudy\WWW\buniessProject\Project\Runtime\Cache\3217b5a4e053e98f9ba86b43485a7e96e05e0f33.file.showlist.html.php 第 95 行.
NOTIC: [8] Undefined index: id D:\phpStudy\WWW\buniessProject\Project\Runtime\Cache\3217b5a4e053e98f9ba86b43485a7e96e05e0f33.file.showlist.html.php 第 98 行.
NOTIC: [8] Undefined index: id D:\phpStudy\WWW\buniessProject\Project\Runtime\Cache\3217b5a4e053e98f9ba86b43485a7e96e05e0f33.file.showlist.html.php 第 95 行.
NOTIC: [8] Undefined index: id D:\phpStudy\WWW\buniessProject\Project\Runtime\Cache\3217b5a4e053e98f9ba86b43485a7e96e05e0f33.file.showlist.html.php 第 98 行.
INFO: Run Behavior\ParseTemplate [ RunTime:0.041002s ]
INFO: [ view_parse ] --END-- [ RunTime:0.041002s ]
INFO: [ view_filter ] --START--
INFO: Run Behavior\WriteHtmlCache [ RunTime:0.000000s ]
INFO: [ view_filter ] --END-- [ RunTime:0.000000s ]
INFO: [ view_end ] --START--
INFO: [ view_end ] --END-- [ RunTime:0.000000s ]
INFO: [ app_end ] --START--
INFO: Run Behavior\ShowPageTrace [ RunTime:0.000000s ]
INFO: [ app_end ] --END-- [ RunTime:0.000000s ]

[ 2017-11-03T09:55:39+08:00 ] 127.0.0.1 /index.php/Admin/Index/index.html
INFO: [ app_init ] --START--
INFO: [ app_init ] --END-- [ RunTime:0.001000s ]
INFO: [ path_info ] --START--
INFO: [ path_info ] --END-- [ RunTime:0.000000s ]
INFO: [ app_begin ] --START--
INFO: Run Behavior\ReadHtmlCache [ RunTime:0.000000s ]
INFO: Run Behavior\ReadHtmlCache [ RunTime:0.000000s ]
INFO: Run Behavior\CheckLang [ RunTime:0.001000s ]
INFO: [ app_begin ] --END-- [ RunTime:0.001000s ]
INFO: [ action_begin ] --START--
INFO: [ action_begin ] --END-- [ RunTime:0.000000s ]
NOTIC: [8192] mysql_connect(): The mysql extension is deprecated and will be removed in the future: use mysqli or PDO instead D:\phpStudy\WWW\buniessProject\Firame\Library\Think\Db\Driver\Mysql.class.php 第 53 行.
SQL: select role_auth_ac from yw_manager a join yw_role b on a.mg_role_id=b.role_id where a.mg_id=1 [ RunTime:0.000000s ]
INFO: [ view_begin ] --START--
INFO: [ view_begin ] --END-- [ RunTime:0.000000s ]
INFO: [ view_parse ] --START--
INFO: Run Behavior\ParseTemplate [ RunTime:0.012001s ]
INFO: [ view_parse ] --END-- [ RunTime:0.012001s ]
INFO: [ view_filter ] --START--
INFO: Run Behavior\WriteHtmlCache [ RunTime:0.000000s ]
INFO: [ view_filter ] --END-- [ RunTime:0.000000s ]
INFO: [ view_end ] --START--
INFO: [ view_end ] --END-- [ RunTime:0.000000s ]
INFO: [ app_end ] --START--
INFO: Run Behavior\ShowPageTrace [ RunTime:0.000000s ]
INFO: [ app_end ] --END-- [ RunTime:0.000000s ]

[ 2017-11-03T09:55:40+08:00 ] 127.0.0.1 /index.php/Admin/Common/left.html
INFO: [ app_init ] --START--
INFO: [ app_init ] --END-- [ RunTime:0.000000s ]
INFO: [ path_info ] --START--
INFO: [ path_info ] --END-- [ RunTime:0.000000s ]
INFO: [ app_begin ] --START--
INFO: Run Behavior\ReadHtmlCache [ RunTime:0.000000s ]
INFO: Run Behavior\ReadHtmlCache [ RunTime:0.000000s ]
INFO: Run Behavior\CheckLang [ RunTime:0.001000s ]
INFO: [ app_begin ] --END-- [ RunTime:0.001000s ]
INFO: [ action_begin ] --START--
INFO: [ action_begin ] --END-- [ RunTime:0.000000s ]
NOTIC: [8192] mysql_connect(): The mysql extension is deprecated and will be removed in the future: use mysqli or PDO instead D:\phpStudy\WWW\buniessProject\Firame\Library\Think\Db\Driver\Mysql.class.php 第 53 行.
SQL: select role_auth_ac from yw_manager a join yw_role b on a.mg_role_id=b.role_id where a.mg_id=1 [ RunTime:0.001000s ]
SQL: select * from yw_manager where mg_id=1 and mg_deleted=0 [ RunTime:0.000000s ]
SQL: select * from yw_role where role_id=1 and role_deleted=0 [ RunTime:0.000000s ]
SQL: select * from yw_auth where auth_level=0 and deleted=0 [ RunTime:0.001000s ]
SQL: select * from yw_auth where auth_level=1 and auth_id<>10 and deleted=0 [ RunTime:0.000000s ]
INFO: [ view_begin ] --START--
INFO: [ view_begin ] --END-- [ RunTime:0.000000s ]
INFO: [ view_parse ] --START--
NOTIC: [8] Undefined offset: 6 D:\phpStudy\WWW\buniessProject\Project\Runtime\Cache\8613f28c185d95870673e4378e2e30b98af2ffde.file.left.html.php 第 81 行.
NOTIC: [8] Undefined offset: 7 D:\phpStudy\WWW\buniessProject\Project\Runtime\Cache\8613f28c185d95870673e4378e2e30b98af2ffde.file.left.html.php 第 81 行.
NOTIC: [8] Undefined offset: 8 D:\phpStudy\WWW\buniessProject\Project\Runtime\Cache\8613f28c185d95870673e4378e2e30b98af2ffde.file.left.html.php 第 81 行.
INFO: Run Behavior\ParseTemplate [ RunTime:0.006001s ]
INFO: [ view_parse ] --END-- [ RunTime:0.006001s ]
INFO: [ view_filter ] --START--
INFO: Run Behavior\WriteHtmlCache [ RunTime:0.000000s ]
INFO: [ view_filter ] --END-- [ RunTime:0.000000s ]
INFO: [ view_end ] --START--
INFO: [ view_end ] --END-- [ RunTime:0.000000s ]
INFO: [ app_end ] --START--
INFO: Run Behavior\ShowPageTrace [ RunTime:0.001000s ]
INFO: [ app_end ] --END-- [ RunTime:0.001000s ]

[ 2017-11-03T09:55:41+08:00 ] 127.0.0.1 /index.php/Admin/Apply/showlist
INFO: [ app_init ] --START--
INFO: [ app_init ] --END-- [ RunTime:0.000000s ]
INFO: [ path_info ] --START--
INFO: [ path_info ] --END-- [ RunTime:0.000000s ]
INFO: [ app_begin ] --START--
INFO: Run Behavior\ReadHtmlCache [ RunTime:0.000000s ]
INFO: Run Behavior\ReadHtmlCache [ RunTime:0.000000s ]
INFO: Run Behavior\CheckLang [ RunTime:0.002001s ]
INFO: [ app_begin ] --END-- [ RunTime:0.002001s ]
INFO: [ action_begin ] --START--
INFO: [ action_begin ] --END-- [ RunTime:0.000000s ]
NOTIC: [8192] mysql_connect(): The mysql extension is deprecated and will be removed in the future: use mysqli or PDO instead D:\phpStudy\WWW\buniessProject\Firame\Library\Think\Db\Driver\Mysql.class.php 第 53 行.
SQL: select role_auth_ac from yw_manager a join yw_role b on a.mg_role_id=b.role_id where a.mg_id=1 [ RunTime:0.000000s ]
SQL: SHOW COLUMNS FROM `yw_apply` [ RunTime:0.001000s ]
NOTIC: [8] Undefined index: title D:\phpStudy\WWW\buniessProject\Project\Admin\Controller\ApplyController.class.php 第 14 行.
NOTIC: [8] Undefined index: source D:\phpStudy\WWW\buniessProject\Project\Admin\Controller\ApplyController.class.php 第 15 行.
NOTIC: [8] Undefined variable: condition D:\phpStudy\WWW\buniessProject\Project\Admin\Controller\ApplyController.class.php 第 23 行.
SQL: SELECT COUNT(*) AS tp_count FROM `yw_apply` WHERE ( status=0 ) LIMIT 1   [ RunTime:0.001000s ]
NOTIC: [8] Undefined variable: condition D:\phpStudy\WWW\buniessProject\Project\Admin\Controller\ApplyController.class.php 第 28 行.
SQL: select * from `yw_apply` where 1=1 and status=0  order by createtime desc Limit 0, 14 [ RunTime:0.001000s ]
NOTIC: [8] Undefined offset: 8 D:\phpStudy\WWW\buniessProject\Project\Component\Page.class.php 第 151 行.
INFO: [ view_begin ] --START--
INFO: [ view_begin ] --END-- [ RunTime:0.000000s ]
INFO: [ view_parse ] --START--
NOTIC: [8] Undefined index: id D:\phpStudy\WWW\buniessProject\Project\Runtime\Cache\3217b5a4e053e98f9ba86b43485a7e96e05e0f33.file.showlist.html.php 第 95 行.
NOTIC: [8] Undefined index: id D:\phpStudy\WWW\buniessProject\Project\Runtime\Cache\3217b5a4e053e98f9ba86b43485a7e96e05e0f33.file.showlist.html.php 第 98 行.
NOTIC: [8] Undefined index: id D:\phpStudy\WWW\buniessProject\Project\Runtime\Cache\3217b5a4e053e98f9ba86b43485a7e96e05e0f33.file.showlist.html.php 第 95 行.
NOTIC: [8] Undefined index: id D:\phpStudy\WWW\buniessProject\Project\Runtime\Cache\3217b5a4e053e98f9ba86b43485a7e96e05e0f33.file.showlist.html.php 第 98 行.
NOTIC: [8] Undefined index: id D:\phpStudy\WWW\buniessProject\Project\Runtime\Cache\3217b5a4e053e98f9ba86b43485a7e96e05e0f33.file.showlist.html.php 第 95 行.
NOTIC: [8] Undefined index: id D:\phpStudy\WWW\buniessProject\Project\Runtime\Cache\3217b5a4e053e98f9ba86b43485a7e96e05e0f33.file.showlist.html.php 第 98 行.
NOTIC: [8] Undefined index: id D:\phpStudy\WWW\buniessProject\Project\Runtime\Cache\3217b5a4e053e98f9ba86b43485a7e96e05e0f33.file.showlist.html.php 第 95 行.
NOTIC: [8] Undefined index: id D:\phpStudy\WWW\buniessProject\Project\Runtime\Cache\3217b5a4e053e98f9ba86b43485a7e96e05e0f33.file.showlist.html.php 第 98 行.
NOTIC: [8] Undefined index: id D:\phpStudy\WWW\buniessProject\Project\Runtime\Cache\3217b5a4e053e98f9ba86b43485a7e96e05e0f33.file.showlist.html.php 第 95 行.
NOTIC: [8] Undefined index: id D:\phpStudy\WWW\buniessProject\Project\Runtime\Cache\3217b5a4e053e98f9ba86b43485a7e96e05e0f33.file.showlist.html.php 第 98 行.
INFO: Run Behavior\ParseTemplate [ RunTime:0.013001s ]
INFO: [ view_parse ] --END-- [ RunTime:0.013001s ]
INFO: [ view_filter ] --START--
INFO: Run Behavior\WriteHtmlCache [ RunTime:0.000000s ]
INFO: [ view_filter ] --END-- [ RunTime:0.000000s ]
INFO: [ view_end ] --START--
INFO: [ view_end ] --END-- [ RunTime:0.000000s ]
INFO: [ app_end ] --START--
INFO: Run Behavior\ShowPageTrace [ RunTime:0.000000s ]
INFO: [ app_end ] --END-- [ RunTime:0.000000s ]

[ 2017-11-03T10:06:49+08:00 ] 127.0.0.1 /index.php/Admin/Index/index.html
INFO: [ app_init ] --START--
INFO: [ app_init ] --END-- [ RunTime:0.001000s ]
INFO: [ path_info ] --START--
INFO: [ path_info ] --END-- [ RunTime:0.000000s ]
INFO: [ app_begin ] --START--
INFO: Run Behavior\ReadHtmlCache [ RunTime:0.000000s ]
INFO: Run Behavior\ReadHtmlCache [ RunTime:0.000000s ]
INFO: Run Behavior\CheckLang [ RunTime:0.002000s ]
INFO: [ app_begin ] --END-- [ RunTime:0.002000s ]
INFO: [ action_begin ] --START--
INFO: [ action_begin ] --END-- [ RunTime:0.000000s ]
NOTIC: [8192] mysql_connect(): The mysql extension is deprecated and will be removed in the future: use mysqli or PDO instead D:\phpStudy\WWW\buniessProject\Firame\Library\Think\Db\Driver\Mysql.class.php 第 53 行.
SQL: select role_auth_ac from yw_manager a join yw_role b on a.mg_role_id=b.role_id where a.mg_id=1 [ RunTime:0.000000s ]
INFO: [ view_begin ] --START--
INFO: [ view_begin ] --END-- [ RunTime:0.000000s ]
INFO: [ view_parse ] --START--
INFO: Run Behavior\ParseTemplate [ RunTime:0.008000s ]
INFO: [ view_parse ] --END-- [ RunTime:0.008000s ]
INFO: [ view_filter ] --START--
INFO: Run Behavior\WriteHtmlCache [ RunTime:0.000000s ]
INFO: [ view_filter ] --END-- [ RunTime:0.000000s ]
INFO: [ view_end ] --START--
INFO: [ view_end ] --END-- [ RunTime:0.000000s ]
INFO: [ app_end ] --START--
INFO: Run Behavior\ShowPageTrace [ RunTime:0.000000s ]
INFO: [ app_end ] --END-- [ RunTime:0.000000s ]

[ 2017-11-03T10:06:50+08:00 ] 127.0.0.1 /index.php/Admin/Common/left.html
INFO: [ app_init ] --START--
INFO: [ app_init ] --END-- [ RunTime:0.000000s ]
INFO: [ path_info ] --START--
INFO: [ path_info ] --END-- [ RunTime:0.000000s ]
INFO: [ app_begin ] --START--
INFO: Run Behavior\ReadHtmlCache [ RunTime:0.000000s ]
INFO: Run Behavior\ReadHtmlCache [ RunTime:0.000000s ]
INFO: Run Behavior\CheckLang [ RunTime:0.001000s ]
INFO: [ app_begin ] --END-- [ RunTime:0.001000s ]
INFO: [ action_begin ] --START--
INFO: [ action_begin ] --END-- [ RunTime:0.000000s ]
NOTIC: [8192] mysql_connect(): The mysql extension is deprecated and will be removed in the future: use mysqli or PDO instead D:\phpStudy\WWW\buniessProject\Firame\Library\Think\Db\Driver\Mysql.class.php 第 53 行.
SQL: select role_auth_ac from yw_manager a join yw_role b on a.mg_role_id=b.role_id where a.mg_id=1 [ RunTime:0.000000s ]
SQL: select * from yw_manager where mg_id=1 and mg_deleted=0 [ RunTime:0.001000s ]
SQL: select * from yw_role where role_id=1 and role_deleted=0 [ RunTime:0.000000s ]
SQL: select * from yw_auth where auth_level=0 and deleted=0 [ RunTime:0.020001s ]
SQL: select * from yw_auth where auth_level=1 and auth_id<>10 and deleted=0 [ RunTime:0.000000s ]
INFO: [ view_begin ] --START--
INFO: [ view_begin ] --END-- [ RunTime:0.000000s ]
INFO: [ view_parse ] --START--
NOTIC: [8] Undefined offset: 6 D:\phpStudy\WWW\buniessProject\Project\Runtime\Cache\8613f28c185d95870673e4378e2e30b98af2ffde.file.left.html.php 第 81 行.
NOTIC: [8] Undefined offset: 7 D:\phpStudy\WWW\buniessProject\Project\Runtime\Cache\8613f28c185d95870673e4378e2e30b98af2ffde.file.left.html.php 第 81 行.
NOTIC: [8] Undefined offset: 8 D:\phpStudy\WWW\buniessProject\Project\Runtime\Cache\8613f28c185d95870673e4378e2e30b98af2ffde.file.left.html.php 第 81 行.
INFO: Run Behavior\ParseTemplate [ RunTime:0.005000s ]
INFO: [ view_parse ] --END-- [ RunTime:0.005000s ]
INFO: [ view_filter ] --START--
INFO: Run Behavior\WriteHtmlCache [ RunTime:0.000000s ]
INFO: [ view_filter ] --END-- [ RunTime:0.000000s ]
INFO: [ view_end ] --START--
INFO: [ view_end ] --END-- [ RunTime:0.001000s ]
INFO: [ app_end ] --START--
INFO: Run Behavior\ShowPageTrace [ RunTime:0.000000s ]
INFO: [ app_end ] --END-- [ RunTime:0.000000s ]

[ 2017-11-03T10:06:51+08:00 ] 127.0.0.1 /index.php/Admin/Apply/showlist
INFO: [ app_init ] --START--
INFO: [ app_init ] --END-- [ RunTime:0.000000s ]
INFO: [ path_info ] --START--
INFO: [ path_info ] --END-- [ RunTime:0.000000s ]
INFO: [ app_begin ] --START--
INFO: Run Behavior\ReadHtmlCache [ RunTime:0.000000s ]
INFO: Run Behavior\ReadHtmlCache [ RunTime:0.000000s ]
INFO: Run Behavior\CheckLang [ RunTime:0.001000s ]
INFO: [ app_begin ] --END-- [ RunTime:0.001000s ]
INFO: [ action_begin ] --START--
INFO: [ action_begin ] --END-- [ RunTime:0.000000s ]
NOTIC: [8192] mysql_connect(): The mysql extension is deprecated and will be removed in the future: use mysqli or PDO instead D:\phpStudy\WWW\buniessProject\Firame\Library\Think\Db\Driver\Mysql.class.php 第 53 行.
SQL: select role_auth_ac from yw_manager a join yw_role b on a.mg_role_id=b.role_id where a.mg_id=1 [ RunTime:0.000000s ]
SQL: SHOW COLUMNS FROM `yw_apply` [ RunTime:0.001000s ]
NOTIC: [8] Undefined index: title D:\phpStudy\WWW\buniessProject\Project\Admin\Controller\ApplyController.class.php 第 14 行.
NOTIC: [8] Undefined index: source D:\phpStudy\WWW\buniessProject\Project\Admin\Controller\ApplyController.class.php 第 15 行.
NOTIC: [8] Undefined variable: condition D:\phpStudy\WWW\buniessProject\Project\Admin\Controller\ApplyController.class.php 第 23 行.
SQL: SELECT COUNT(*) AS tp_count FROM `yw_apply` WHERE ( status=0 ) LIMIT 1   [ RunTime:0.000000s ]
NOTIC: [8] Undefined variable: condition D:\phpStudy\WWW\buniessProject\Project\Admin\Controller\ApplyController.class.php 第 28 行.
SQL: select * from `yw_apply` where 1=1 and status=0  order by createtime desc Limit 0, 14 [ RunTime:0.001000s ]
NOTIC: [8] Undefined offset: 8 D:\phpStudy\WWW\buniessProject\Project\Component\Page.class.php 第 151 行.
INFO: [ view_begin ] --START--
INFO: [ view_begin ] --END-- [ RunTime:0.000000s ]
INFO: [ view_parse ] --START--
NOTIC: [8] Undefined index: id D:\phpStudy\WWW\buniessProject\Project\Runtime\Cache\3217b5a4e053e98f9ba86b43485a7e96e05e0f33.file.showlist.html.php 第 95 行.
NOTIC: [8] Undefined index: id D:\phpStudy\WWW\buniessProject\Project\Runtime\Cache\3217b5a4e053e98f9ba86b43485a7e96e05e0f33.file.showlist.html.php 第 98 行.
NOTIC: [8] Undefined index: id D:\phpStudy\WWW\buniessProject\Project\Runtime\Cache\3217b5a4e053e98f9ba86b43485a7e96e05e0f33.file.showlist.html.php 第 95 行.
NOTIC: [8] Undefined index: id D:\phpStudy\WWW\buniessProject\Project\Runtime\Cache\3217b5a4e053e98f9ba86b43485a7e96e05e0f33.file.showlist.html.php 第 98 行.
NOTIC: [8] Undefined index: id D:\phpStudy\WWW\buniessProject\Project\Runtime\Cache\3217b5a4e053e98f9ba86b43485a7e96e05e0f33.file.showlist.html.php 第 95 行.
NOTIC: [8] Undefined index: id D:\phpStudy\WWW\buniessProject\Project\Runtime\Cache\3217b5a4e053e98f9ba86b43485a7e96e05e0f33.file.showlist.html.php 第 98 行.
NOTIC: [8] Undefined index: id D:\phpStudy\WWW\buniessProject\Project\Runtime\Cache\3217b5a4e053e98f9ba86b43485a7e96e05e0f33.file.showlist.html.php 第 95 行.
NOTIC: [8] Undefined index: id D:\phpStudy\WWW\buniessProject\Project\Runtime\Cache\3217b5a4e053e98f9ba86b43485a7e96e05e0f33.file.showlist.html.php 第 98 行.
NOTIC: [8] Undefined index: id D:\phpStudy\WWW\buniessProject\Project\Runtime\Cache\3217b5a4e053e98f9ba86b43485a7e96e05e0f33.file.showlist.html.php 第 95 行.
NOTIC: [8] Undefined index: id D:\phpStudy\WWW\buniessProject\Project\Runtime\Cache\3217b5a4e053e98f9ba86b43485a7e96e05e0f33.file.showlist.html.php 第 98 行.
INFO: Run Behavior\ParseTemplate [ RunTime:0.017001s ]
INFO: [ view_parse ] --END-- [ RunTime:0.017001s ]
INFO: [ view_filter ] --START--
INFO: Run Behavior\WriteHtmlCache [ RunTime:0.000000s ]
INFO: [ view_filter ] --END-- [ RunTime:0.000000s ]
INFO: [ view_end ] --START--
INFO: [ view_end ] --END-- [ RunTime:0.000000s ]
INFO: [ app_end ] --START--
INFO: Run Behavior\ShowPageTrace [ RunTime:0.000000s ]
INFO: [ app_end ] --END-- [ RunTime:0.000000s ]

[ 2017-11-03T10:06:54+08:00 ] 127.0.0.1 /index.php/Admin/Manager/showlist
INFO: [ app_init ] --START--
INFO: [ app_init ] --END-- [ RunTime:0.001000s ]
INFO: [ path_info ] --START--
INFO: [ path_info ] --END-- [ RunTime:0.000000s ]
INFO: [ app_begin ] --START--
INFO: Run Behavior\ReadHtmlCache [ RunTime:0.000000s ]
INFO: Run Behavior\ReadHtmlCache [ RunTime:0.000000s ]
INFO: Run Behavior\CheckLang [ RunTime:0.001001s ]
INFO: [ app_begin ] --END-- [ RunTime:0.001001s ]
INFO: [ action_begin ] --START--
INFO: [ action_begin ] --END-- [ RunTime:0.000000s ]
NOTIC: [8192] mysql_connect(): The mysql extension is deprecated and will be removed in the future: use mysqli or PDO instead D:\phpStudy\WWW\buniessProject\Firame\Library\Think\Db\Driver\Mysql.class.php 第 53 行.
SQL: select role_auth_ac from yw_manager a join yw_role b on a.mg_role_id=b.role_id where a.mg_id=1 [ RunTime:0.014001s ]
SQL: SHOW COLUMNS FROM `yw_manager` [ RunTime:0.001000s ]
NOTIC: [8] Undefined index: mg_real_name D:\phpStudy\WWW\buniessProject\Project\Admin\Controller\ManagerController.class.php 第 74 行.
NOTIC: [8] Undefined variable: condition D:\phpStudy\WWW\buniessProject\Project\Admin\Controller\ManagerController.class.php 第 82 行.
SQL: SELECT COUNT(*) AS tp_count FROM `yw_manager` WHERE ( mg_deleted=0 ) LIMIT 1   [ RunTime:0.000000s ]
NOTIC: [8] Undefined variable: condition D:\phpStudy\WWW\buniessProject\Project\Admin\Controller\ManagerController.class.php 第 87 行.
SQL: select * from `yw_manager` where 1=1 and mg_deleted=0  order by mg_id desc Limit 0, 14 [ RunTime:0.000000s ]
NOTIC: [8] Undefined offset: 8 D:\phpStudy\WWW\buniessProject\Project\Component\Page.class.php 第 151 行.
SQL: SHOW COLUMNS FROM `yw_role` [ RunTime:0.000000s ]
SQL: SELECT * FROM `yw_role`  [ RunTime:0.000000s ]
INFO: [ view_begin ] --START--
INFO: [ view_begin ] --END-- [ RunTime:0.000000s ]
INFO: [ view_parse ] --START--
NOTIC: [8] Undefined index:  D:\phpStudy\WWW\buniessProject\Project\Runtime\Cache\eb2dfb40348094d9ae53b64e9e264b75fbad819b.file.showlist.html.php 第 72 行.
NOTIC: [8] Undefined index:  D:\phpStudy\WWW\buniessProject\Project\Runtime\Cache\eb2dfb40348094d9ae53b64e9e264b75fbad819b.file.showlist.html.php 第 72 行.
NOTIC: [8] Undefined index:  D:\phpStudy\WWW\buniessProject\Project\Runtime\Cache\eb2dfb40348094d9ae53b64e9e264b75fbad819b.file.showlist.html.php 第 72 行.
NOTIC: [8] Undefined index:  D:\phpStudy\WWW\buniessProject\Project\Runtime\Cache\eb2dfb40348094d9ae53b64e9e264b75fbad819b.file.showlist.html.php 第 72 行.
NOTIC: [8] Undefined index:  D:\phpStudy\WWW\buniessProject\Project\Runtime\Cache\eb2dfb40348094d9ae53b64e9e264b75fbad819b.file.showlist.html.php 第 72 行.
NOTIC: [8] Undefined index:  D:\phpStudy\WWW\buniessProject\Project\Runtime\Cache\eb2dfb40348094d9ae53b64e9e264b75fbad819b.file.showlist.html.php 第 72 行.
NOTIC: [8] Undefined index:  D:\phpStudy\WWW\buniessProject\Project\Runtime\Cache\eb2dfb40348094d9ae53b64e9e264b75fbad819b.file.showlist.html.php 第 72 行.
NOTIC: [8] Undefined index:  D:\phpStudy\WWW\buniessProject\Project\Runtime\Cache\eb2dfb40348094d9ae53b64e9e264b75fbad819b.file.showlist.html.php 第 72 行.
NOTIC: [8] Undefined index:  D:\phpStudy\WWW\buniessProject\Project\Runtime\Cache\eb2dfb40348094d9ae53b64e9e264b75fbad819b.file.showlist.html.php 第 72 行.
NOTIC: [8] Undefined index:  D:\phpStudy\WWW\buniessProject\Project\Runtime\Cache\eb2dfb40348094d9ae53b64e9e264b75fbad819b.file.showlist.html.php 第 72 行.
NOTIC: [8] Undefined index:  D:\phpStudy\WWW\buniessProject\Project\Runtime\Cache\eb2dfb40348094d9ae53b64e9e264b75fbad819b.file.showlist.html.php 第 72 行.
INFO: Run Behavior\ParseTemplate [ RunTime:0.006000s ]
INFO: [ view_parse ] --END-- [ RunTime:0.006000s ]
INFO: [ view_filter ] --START--
INFO: Run Behavior\WriteHtmlCache [ RunTime:0.000000s ]
INFO: [ view_filter ] --END-- [ RunTime:0.000000s ]
INFO: [ view_end ] --START--
INFO: [ view_end ] --END-- [ RunTime:0.000000s ]
INFO: [ app_end ] --START--
INFO: Run Behavior\ShowPageTrace [ RunTime:0.000000s ]
INFO: [ app_end ] --END-- [ RunTime:0.000000s ]

[ 2017-11-03T10:06:55+08:00 ] 127.0.0.1 /index.php/Admin/Article/showlist
INFO: [ app_init ] --START--
INFO: [ app_init ] --END-- [ RunTime:0.000000s ]
INFO: [ path_info ] --START--
INFO: [ path_info ] --END-- [ RunTime:0.000000s ]
INFO: [ app_begin ] --START--
INFO: Run Behavior\ReadHtmlCache [ RunTime:0.000000s ]
INFO: Run Behavior\ReadHtmlCache [ RunTime:0.000000s ]
INFO: Run Behavior\CheckLang [ RunTime:0.001000s ]
INFO: [ app_begin ] --END-- [ RunTime:0.001000s ]
INFO: [ action_begin ] --START--
INFO: [ action_begin ] --END-- [ RunTime:0.000000s ]
NOTIC: [8192] mysql_connect(): The mysql extension is deprecated and will be removed in the future: use mysqli or PDO instead D:\phpStudy\WWW\buniessProject\Firame\Library\Think\Db\Driver\Mysql.class.php 第 53 行.
SQL: select role_auth_ac from yw_manager a join yw_role b on a.mg_role_id=b.role_id where a.mg_id=1 [ RunTime:0.000000s ]
SQL: SHOW COLUMNS FROM `yw_articles` [ RunTime:0.000000s ]
NOTIC: [8] Undefined index: title D:\phpStudy\WWW\buniessProject\Project\Admin\Controller\ArticleController.class.php 第 15 行.
NOTIC: [8] Undefined variable: condition D:\phpStudy\WWW\buniessProject\Project\Admin\Controller\ArticleController.class.php 第 23 行.
SQL: SELECT COUNT(*) AS tp_count FROM `yw_articles` WHERE ( status=0 ) LIMIT 1   [ RunTime:0.000000s ]
NOTIC: [8] Undefined variable: condition D:\phpStudy\WWW\buniessProject\Project\Admin\Controller\ArticleController.class.php 第 28 行.
SQL: select * from `yw_articles` where 1=1 and status=0  order by sort desc Limit 0, 14 [ RunTime:0.023001s ]
NOTIC: [8] Undefined offset: 8 D:\phpStudy\WWW\buniessProject\Project\Component\Page.class.php 第 151 行.
INFO: [ view_begin ] --START--
INFO: [ view_begin ] --END-- [ RunTime:0.000000s ]
INFO: [ view_parse ] --START--
INFO: Run Behavior\ParseTemplate [ RunTime:0.006000s ]
INFO: [ view_parse ] --END-- [ RunTime:0.006000s ]
INFO: [ view_filter ] --START--
INFO: Run Behavior\WriteHtmlCache [ RunTime:0.000000s ]
INFO: [ view_filter ] --END-- [ RunTime:0.000000s ]
INFO: [ view_end ] --START--
INFO: [ view_end ] --END-- [ RunTime:0.000000s ]
INFO: [ app_end ] --START--
INFO: Run Behavior\ShowPageTrace [ RunTime:0.000000s ]
INFO: [ app_end ] --END-- [ RunTime:0.000000s ]

[ 2017-11-03T10:06:56+08:00 ] 127.0.0.1 /index.php/Admin/Category/showlist
INFO: [ app_init ] --START--
INFO: [ app_init ] --END-- [ RunTime:0.000000s ]
INFO: [ path_info ] --START--
INFO: [ path_info ] --END-- [ RunTime:0.000000s ]
INFO: [ app_begin ] --START--
INFO: Run Behavior\ReadHtmlCache [ RunTime:0.000000s ]
INFO: Run Behavior\ReadHtmlCache [ RunTime:0.000000s ]
INFO: Run Behavior\CheckLang [ RunTime:0.001000s ]
INFO: [ app_begin ] --END-- [ RunTime:0.001000s ]
INFO: [ action_begin ] --START--
INFO: [ action_begin ] --END-- [ RunTime:0.000000s ]
NOTIC: [8192] mysql_connect(): The mysql extension is deprecated and will be removed in the future: use mysqli or PDO instead D:\phpStudy\WWW\buniessProject\Firame\Library\Think\Db\Driver\Mysql.class.php 第 53 行.
SQL: select role_auth_ac from yw_manager a join yw_role b on a.mg_role_id=b.role_id where a.mg_id=1 [ RunTime:0.001000s ]
SQL: SHOW COLUMNS FROM `yw_articles_category` [ RunTime:0.001000s ]
NOTIC: [8] Undefined index: id D:\phpStudy\WWW\buniessProject\Project\Admin\Controller\CategoryController.class.php 第 92 行.
SQL: SELECT * FROM `yw_articles_category` WHERE ( status=0 ) ORDER BY category_path asc,category_sort asc  [ RunTime:0.000000s ]
INFO: [ view_begin ] --START--
INFO: [ view_begin ] --END-- [ RunTime:0.000000s ]
INFO: [ view_parse ] --START--
NOTIC: [8] Undefined index: pagelist D:\phpStudy\WWW\buniessProject\Project\Runtime\Cache\6f9015f3db7bf9c34d57cfa29bb4393204164982.file.showlist.html.php 第 87 行.
NOTIC: [8] Trying to get property of non-object D:\phpStudy\WWW\buniessProject\Project\Runtime\Cache\6f9015f3db7bf9c34d57cfa29bb4393204164982.file.showlist.html.php 第 87 行.
INFO: Run Behavior\ParseTemplate [ RunTime:0.006001s ]
INFO: [ view_parse ] --END-- [ RunTime:0.007001s ]
INFO: [ view_filter ] --START--
INFO: Run Behavior\WriteHtmlCache [ RunTime:0.000000s ]
INFO: [ view_filter ] --END-- [ RunTime:0.000000s ]
INFO: [ view_end ] --START--
INFO: [ view_end ] --END-- [ RunTime:0.000000s ]
INFO: [ app_end ] --START--
INFO: Run Behavior\ShowPageTrace [ RunTime:0.000000s ]
INFO: [ app_end ] --END-- [ RunTime:0.000000s ]

[ 2017-11-03T10:06:57+08:00 ] 127.0.0.1 /index.php/Admin/Apply/showlist
INFO: [ app_init ] --START--
INFO: [ app_init ] --END-- [ RunTime:0.000000s ]
INFO: [ path_info ] --START--
INFO: [ path_info ] --END-- [ RunTime:0.000000s ]
INFO: [ app_begin ] --START--
INFO: Run Behavior\ReadHtmlCache [ RunTime:0.000000s ]
INFO: Run Behavior\ReadHtmlCache [ RunTime:0.000000s ]
INFO: Run Behavior\CheckLang [ RunTime:0.001000s ]
INFO: [ app_begin ] --END-- [ RunTime:0.001000s ]
INFO: [ action_begin ] --START--
INFO: [ action_begin ] --END-- [ RunTime:0.000000s ]
NOTIC: [8192] mysql_connect(): The mysql extension is deprecated and will be removed in the future: use mysqli or PDO instead D:\phpStudy\WWW\buniessProject\Firame\Library\Think\Db\Driver\Mysql.class.php 第 53 行.
SQL: select role_auth_ac from yw_manager a join yw_role b on a.mg_role_id=b.role_id where a.mg_id=1 [ RunTime:0.001000s ]
SQL: SHOW COLUMNS FROM `yw_apply` [ RunTime:0.001000s ]
NOTIC: [8] Undefined index: title D:\phpStudy\WWW\buniessProject\Project\Admin\Controller\ApplyController.class.php 第 14 行.
NOTIC: [8] Undefined index: source D:\phpStudy\WWW\buniessProject\Project\Admin\Controller\ApplyController.class.php 第 15 行.
NOTIC: [8] Undefined variable: condition D:\phpStudy\WWW\buniessProject\Project\Admin\Controller\ApplyController.class.php 第 23 行.
SQL: SELECT COUNT(*) AS tp_count FROM `yw_apply` WHERE ( status=0 ) LIMIT 1   [ RunTime:0.000000s ]
NOTIC: [8] Undefined variable: condition D:\phpStudy\WWW\buniessProject\Project\Admin\Controller\ApplyController.class.php 第 28 行.
SQL: select * from `yw_apply` where 1=1 and status=0  order by createtime desc Limit 0, 14 [ RunTime:0.000000s ]
NOTIC: [8] Undefined offset: 8 D:\phpStudy\WWW\buniessProject\Project\Component\Page.class.php 第 151 行.
INFO: [ view_begin ] --START--
INFO: [ view_begin ] --END-- [ RunTime:0.000000s ]
INFO: [ view_parse ] --START--
NOTIC: [8] Undefined index: id D:\phpStudy\WWW\buniessProject\Project\Runtime\Cache\3217b5a4e053e98f9ba86b43485a7e96e05e0f33.file.showlist.html.php 第 95 行.
NOTIC: [8] Undefined index: id D:\phpStudy\WWW\buniessProject\Project\Runtime\Cache\3217b5a4e053e98f9ba86b43485a7e96e05e0f33.file.showlist.html.php 第 98 行.
NOTIC: [8] Undefined index: id D:\phpStudy\WWW\buniessProject\Project\Runtime\Cache\3217b5a4e053e98f9ba86b43485a7e96e05e0f33.file.showlist.html.php 第 95 行.
NOTIC: [8] Undefined index: id D:\phpStudy\WWW\buniessProject\Project\Runtime\Cache\3217b5a4e053e98f9ba86b43485a7e96e05e0f33.file.showlist.html.php 第 98 行.
NOTIC: [8] Undefined index: id D:\phpStudy\WWW\buniessProject\Project\Runtime\Cache\3217b5a4e053e98f9ba86b43485a7e96e05e0f33.file.showlist.html.php 第 95 行.
NOTIC: [8] Undefined index: id D:\phpStudy\WWW\buniessProject\Project\Runtime\Cache\3217b5a4e053e98f9ba86b43485a7e96e05e0f33.file.showlist.html.php 第 98 行.
NOTIC: [8] Undefined index: id D:\phpStudy\WWW\buniessProject\Project\Runtime\Cache\3217b5a4e053e98f9ba86b43485a7e96e05e0f33.file.showlist.html.php 第 95 行.
NOTIC: [8] Undefined index: id D:\phpStudy\WWW\buniessProject\Project\Runtime\Cache\3217b5a4e053e98f9ba86b43485a7e96e05e0f33.file.showlist.html.php 第 98 行.
NOTIC: [8] Undefined index: id D:\phpStudy\WWW\buniessProject\Project\Runtime\Cache\3217b5a4e053e98f9ba86b43485a7e96e05e0f33.file.showlist.html.php 第 95 行.
NOTIC: [8] Undefined index: id D:\phpStudy\WWW\buniessProject\Project\Runtime\Cache\3217b5a4e053e98f9ba86b43485a7e96e05e0f33.file.showlist.html.php 第 98 行.
INFO: Run Behavior\ParseTemplate [ RunTime:0.005000s ]
INFO: [ view_parse ] --END-- [ RunTime:0.005000s ]
INFO: [ view_filter ] --START--
INFO: Run Behavior\WriteHtmlCache [ RunTime:0.000000s ]
INFO: [ view_filter ] --END-- [ RunTime:0.000000s ]
INFO: [ view_end ] --START--
INFO: [ view_end ] --END-- [ RunTime:0.000000s ]
INFO: [ app_end ] --START--
INFO: Run Behavior\ShowPageTrace [ RunTime:0.000000s ]
INFO: [ app_end ] --END-- [ RunTime:0.000000s ]

[ 2017-11-03T10:46:51+08:00 ] 127.0.0.1 /index.php/Home/wap
INFO: [ app_init ] --START--
INFO: [ app_init ] --END-- [ RunTime:0.000000s ]
INFO: [ path_info ] --START--
INFO: [ path_info ] --END-- [ RunTime:0.000000s ]
INFO: [ app_begin ] --START--
INFO: Run Behavior\ReadHtmlCache [ RunTime:0.000000s ]
INFO: Run Behavior\ReadHtmlCache [ RunTime:0.000000s ]
INFO: Run Behavior\CheckLang [ RunTime:0.001000s ]
INFO: [ app_begin ] --END-- [ RunTime:0.002000s ]
INFO: [ action_begin ] --START--
INFO: [ action_begin ] --END-- [ RunTime:0.000000s ]
NOTIC: [8192] mysql_connect(): The mysql extension is deprecated and will be removed in the future: use mysqli or PDO instead D:\phpStudy\WWW\buniessProject\Firame\Library\Think\Db\Driver\Mysql.class.php 第 53 行.
SQL: SHOW COLUMNS FROM `yw_apply` [ RunTime:0.001000s ]
SQL: SELECT * FROM `yw_apply` WHERE ( `apply_id` = 1 ) LIMIT 1   [ RunTime:0.000000s ]
INFO: [ view_begin ] --START--
INFO: [ view_begin ] --END-- [ RunTime:0.000000s ]
INFO: [ view_parse ] --START--
INFO: Run Behavior\ParseTemplate [ RunTime:0.059004s ]
INFO: [ view_parse ] --END-- [ RunTime:0.059004s ]
INFO: [ view_filter ] --START--
INFO: Run Behavior\WriteHtmlCache [ RunTime:0.000000s ]
INFO: [ view_filter ] --END-- [ RunTime:0.000000s ]
INFO: [ view_end ] --START--
INFO: [ view_end ] --END-- [ RunTime:0.000000s ]
INFO: [ app_end ] --START--
INFO: Run Behavior\ShowPageTrace [ RunTime:0.000000s ]
INFO: [ app_end ] --END-- [ RunTime:0.000000s ]

[ 2017-11-03T10:46:55+08:00 ] 127.0.0.1 /index.php/Home/wap
INFO: [ app_init ] --START--
INFO: [ app_init ] --END-- [ RunTime:0.001000s ]
INFO: [ path_info ] --START--
INFO: [ path_info ] --END-- [ RunTime:0.000000s ]
INFO: [ app_begin ] --START--
INFO: Run Behavior\ReadHtmlCache [ RunTime:0.000000s ]
INFO: Run Behavior\ReadHtmlCache [ RunTime:0.000000s ]
INFO: Run Behavior\CheckLang [ RunTime:0.001000s ]
INFO: [ app_begin ] --END-- [ RunTime:0.001000s ]
INFO: [ action_begin ] --START--
INFO: [ action_begin ] --END-- [ RunTime:0.001000s ]
NOTIC: [8192] mysql_connect(): The mysql extension is deprecated and will be removed in the future: use mysqli or PDO instead D:\phpStudy\WWW\buniessProject\Firame\Library\Think\Db\Driver\Mysql.class.php 第 53 行.
SQL: SHOW COLUMNS FROM `yw_apply` [ RunTime:0.001000s ]
SQL: SELECT * FROM `yw_apply` WHERE ( `apply_id` = 1 ) LIMIT 1   [ RunTime:0.001000s ]
INFO: [ view_begin ] --START--
INFO: [ view_begin ] --END-- [ RunTime:0.000000s ]
INFO: [ view_parse ] --START--
INFO: Run Behavior\ParseTemplate [ RunTime:0.008000s ]
INFO: [ view_parse ] --END-- [ RunTime:0.008000s ]
INFO: [ view_filter ] --START--
INFO: Run Behavior\WriteHtmlCache [ RunTime:0.000000s ]
INFO: [ view_filter ] --END-- [ RunTime:0.001001s ]
INFO: [ view_end ] --START--
INFO: [ view_end ] --END-- [ RunTime:0.000000s ]
INFO: [ app_end ] --START--
INFO: Run Behavior\ShowPageTrace [ RunTime:0.000000s ]
INFO: [ app_end ] --END-- [ RunTime:0.000000s ]

[ 2017-11-03T10:46:56+08:00 ] 127.0.0.1 /index.php/Home/wap
INFO: [ app_init ] --START--
INFO: [ app_init ] --END-- [ RunTime:0.000000s ]
INFO: [ path_info ] --START--
INFO: [ path_info ] --END-- [ RunTime:0.000000s ]
INFO: [ app_begin ] --START--
INFO: Run Behavior\ReadHtmlCache [ RunTime:0.000000s ]
INFO: Run Behavior\ReadHtmlCache [ RunTime:0.000000s ]
INFO: Run Behavior\CheckLang [ RunTime:0.001000s ]
INFO: [ app_begin ] --END-- [ RunTime:0.001000s ]
INFO: [ action_begin ] --START--
INFO: [ action_begin ] --END-- [ RunTime:0.000000s ]
NOTIC: [8192] mysql_connect(): The mysql extension is deprecated and will be removed in the future: use mysqli or PDO instead D:\phpStudy\WWW\buniessProject\Firame\Library\Think\Db\Driver\Mysql.class.php 第 53 行.
SQL: SHOW COLUMNS FROM `yw_apply` [ RunTime:0.000000s ]
SQL: SELECT * FROM `yw_apply` WHERE ( `apply_id` = 1 ) LIMIT 1   [ RunTime:0.001000s ]
INFO: [ view_begin ] --START--
INFO: [ view_begin ] --END-- [ RunTime:0.000000s ]
INFO: [ view_parse ] --START--
INFO: Run Behavior\ParseTemplate [ RunTime:0.006000s ]
INFO: [ view_parse ] --END-- [ RunTime:0.006000s ]
INFO: [ view_filter ] --START--
INFO: Run Behavior\WriteHtmlCache [ RunTime:0.000000s ]
INFO: [ view_filter ] --END-- [ RunTime:0.000000s ]
INFO: [ view_end ] --START--
INFO: [ view_end ] --END-- [ RunTime:0.000000s ]
INFO: [ app_end ] --START--
INFO: Run Behavior\ShowPageTrace [ RunTime:0.000000s ]
INFO: [ app_end ] --END-- [ RunTime:0.000000s ]

[ 2017-11-03T10:47:03+08:00 ] 127.0.0.1 /index.php/Home/wap
INFO: [ app_init ] --START--
INFO: [ app_init ] --END-- [ RunTime:0.001000s ]
INFO: [ path_info ] --START--
INFO: [ path_info ] --END-- [ RunTime:0.000000s ]
INFO: [ app_begin ] --START--
INFO: Run Behavior\ReadHtmlCache [ RunTime:0.000000s ]
INFO: Run Behavior\ReadHtmlCache [ RunTime:0.000000s ]
INFO: Run Behavior\CheckLang [ RunTime:0.001000s ]
INFO: [ app_begin ] --END-- [ RunTime:0.001000s ]
INFO: [ action_begin ] --START--
INFO: [ action_begin ] --END-- [ RunTime:0.000000s ]
NOTIC: [8192] mysql_connect(): The mysql extension is deprecated and will be removed in the future: use mysqli or PDO instead D:\phpStudy\WWW\buniessProject\Firame\Library\Think\Db\Driver\Mysql.class.php 第 53 行.
SQL: SHOW COLUMNS FROM `yw_apply` [ RunTime:0.000000s ]
SQL: SELECT * FROM `yw_apply` WHERE ( `apply_id` = 1 ) LIMIT 1   [ RunTime:0.001000s ]
INFO: [ view_begin ] --START--
INFO: [ view_begin ] --END-- [ RunTime:0.000000s ]
INFO: [ view_parse ] --START--
INFO: Run Behavior\ParseTemplate [ RunTime:0.005000s ]
INFO: [ view_parse ] --END-- [ RunTime:0.005000s ]
INFO: [ view_filter ] --START--
INFO: Run Behavior\WriteHtmlCache [ RunTime:0.000000s ]
INFO: [ view_filter ] --END-- [ RunTime:0.000000s ]
INFO: [ view_end ] --START--
INFO: [ view_end ] --END-- [ RunTime:0.000000s ]
INFO: [ app_end ] --START--
INFO: Run Behavior\ShowPageTrace [ RunTime:0.000000s ]
INFO: [ app_end ] --END-- [ RunTime:0.000000s ]

[ 2017-11-03T10:50:31+08:00 ] 127.0.0.1 /index.php/Admin/Common/left.html
INFO: [ app_begin ] --START--
INFO: Run Behavior\ReadHtmlCache [ RunTime:0.000000s ]
INFO: Run Behavior\ReadHtmlCache [ RunTime:0.000000s ]
INFO: Run Behavior\CheckLang [ RunTime:0.001000s ]
INFO: [ app_begin ] --END-- [ RunTime:0.001000s ]
INFO: [ action_begin ] --START--
INFO: [ action_begin ] --END-- [ RunTime:0.000000s ]
NOTIC: [8192] mysql_connect(): The mysql extension is deprecated and will be removed in the future: use mysqli or PDO instead D:\phpStudy\WWW\buniessProject\Firame\Library\Think\Db\Driver\Mysql.class.php 第 53 行.
SQL: select role_auth_ac from yw_manager a join yw_role b on a.mg_role_id=b.role_id where a.mg_id=1 [ RunTime:0.001000s ]
SQL: select * from yw_manager where mg_id=1 and mg_deleted=0 [ RunTime:0.000000s ]
SQL: select * from yw_role where role_id=1 and role_deleted=0 [ RunTime:0.000000s ]
SQL: select * from yw_auth where auth_level=0 and deleted=0 [ RunTime:0.001001s ]
SQL: select * from yw_auth where auth_level=1 and auth_id<>10 and deleted=0 [ RunTime:0.000000s ]
INFO: [ view_begin ] --START--
INFO: [ view_begin ] --END-- [ RunTime:0.000000s ]
INFO: [ view_parse ] --START--
NOTIC: [8] Undefined offset: 6 D:\phpStudy\WWW\buniessProject\Project\Runtime\Cache\8613f28c185d95870673e4378e2e30b98af2ffde.file.left.html.php 第 81 行.
NOTIC: [8] Undefined offset: 7 D:\phpStudy\WWW\buniessProject\Project\Runtime\Cache\8613f28c185d95870673e4378e2e30b98af2ffde.file.left.html.php 第 81 行.
NOTIC: [8] Undefined offset: 8 D:\phpStudy\WWW\buniessProject\Project\Runtime\Cache\8613f28c185d95870673e4378e2e30b98af2ffde.file.left.html.php 第 81 行.
INFO: Run Behavior\ParseTemplate [ RunTime:0.007000s ]
INFO: [ view_parse ] --END-- [ RunTime:0.007000s ]
INFO: [ view_filter ] --START--
INFO: Run Behavior\WriteHtmlCache [ RunTime:0.000000s ]
INFO: [ view_filter ] --END-- [ RunTime:0.000000s ]
INFO: [ view_end ] --START--
INFO: [ view_end ] --END-- [ RunTime:0.000000s ]
INFO: [ app_end ] --START--
INFO: Run Behavior\ShowPageTrace [ RunTime:0.000000s ]
INFO: [ app_end ] --END-- [ RunTime:0.000000s ]

[ 2017-11-03T10:50:32+08:00 ] 127.0.0.1 /index.php/Admin/Apply/showlist
INFO: [ app_begin ] --START--
INFO: Run Behavior\ReadHtmlCache [ RunTime:0.000000s ]
INFO: Run Behavior\ReadHtmlCache [ RunTime:0.000000s ]
INFO: Run Behavior\CheckLang [ RunTime:0.001000s ]
INFO: [ app_begin ] --END-- [ RunTime:0.002000s ]
INFO: [ action_begin ] --START--
INFO: [ action_begin ] --END-- [ RunTime:0.000000s ]
NOTIC: [8192] mysql_connect(): The mysql extension is deprecated and will be removed in the future: use mysqli or PDO instead D:\phpStudy\WWW\buniessProject\Firame\Library\Think\Db\Driver\Mysql.class.php 第 53 行.
SQL: select role_auth_ac from yw_manager a join yw_role b on a.mg_role_id=b.role_id where a.mg_id=1 [ RunTime:0.000000s ]
SQL: SHOW COLUMNS FROM `yw_apply` [ RunTime:0.001000s ]
NOTIC: [8] Undefined index: title D:\phpStudy\WWW\buniessProject\Project\Admin\Controller\ApplyController.class.php 第 14 行.
NOTIC: [8] Undefined index: source D:\phpStudy\WWW\buniessProject\Project\Admin\Controller\ApplyController.class.php 第 15 行.
NOTIC: [8] Undefined variable: condition D:\phpStudy\WWW\buniessProject\Project\Admin\Controller\ApplyController.class.php 第 23 行.
SQL: SELECT COUNT(*) AS tp_count FROM `yw_apply` WHERE ( status=0 ) LIMIT 1   [ RunTime:0.000000s ]
NOTIC: [8] Undefined variable: condition D:\phpStudy\WWW\buniessProject\Project\Admin\Controller\ApplyController.class.php 第 28 行.
SQL: select * from `yw_apply` where 1=1 and status=0  order by createtime desc Limit 0, 14 [ RunTime:0.000000s ]
NOTIC: [8] Undefined offset: 8 D:\phpStudy\WWW\buniessProject\Project\Component\Page.class.php 第 151 行.
INFO: [ view_begin ] --START--
INFO: [ view_begin ] --END-- [ RunTime:0.000000s ]
INFO: [ view_parse ] --START--
NOTIC: [8] Undefined index: id D:\phpStudy\WWW\buniessProject\Project\Runtime\Cache\3217b5a4e053e98f9ba86b43485a7e96e05e0f33.file.showlist.html.php 第 95 行.
NOTIC: [8] Undefined index: id D:\phpStudy\WWW\buniessProject\Project\Runtime\Cache\3217b5a4e053e98f9ba86b43485a7e96e05e0f33.file.showlist.html.php 第 98 行.
NOTIC: [8] Undefined index: id D:\phpStudy\WWW\buniessProject\Project\Runtime\Cache\3217b5a4e053e98f9ba86b43485a7e96e05e0f33.file.showlist.html.php 第 95 行.
NOTIC: [8] Undefined index: id D:\phpStudy\WWW\buniessProject\Project\Runtime\Cache\3217b5a4e053e98f9ba86b43485a7e96e05e0f33.file.showlist.html.php 第 98 行.
NOTIC: [8] Undefined index: id D:\phpStudy\WWW\buniessProject\Project\Runtime\Cache\3217b5a4e053e98f9ba86b43485a7e96e05e0f33.file.showlist.html.php 第 95 行.
NOTIC: [8] Undefined index: id D:\phpStudy\WWW\buniessProject\Project\Runtime\Cache\3217b5a4e053e98f9ba86b43485a7e96e05e0f33.file.showlist.html.php 第 98 行.
NOTIC: [8] Undefined index: id D:\phpStudy\WWW\buniessProject\Project\Runtime\Cache\3217b5a4e053e98f9ba86b43485a7e96e05e0f33.file.showlist.html.php 第 95 行.
NOTIC: [8] Undefined index: id D:\phpStudy\WWW\buniessProject\Project\Runtime\Cache\3217b5a4e053e98f9ba86b43485a7e96e05e0f33.file.showlist.html.php 第 98 行.
NOTIC: [8] Undefined index: id D:\phpStudy\WWW\buniessProject\Project\Runtime\Cache\3217b5a4e053e98f9ba86b43485a7e96e05e0f33.file.showlist.html.php 第 95 行.
NOTIC: [8] Undefined index: id D:\phpStudy\WWW\buniessProject\Project\Runtime\Cache\3217b5a4e053e98f9ba86b43485a7e96e05e0f33.file.showlist.html.php 第 98 行.
INFO: Run Behavior\ParseTemplate [ RunTime:0.011001s ]
INFO: [ view_parse ] --END-- [ RunTime:0.011001s ]
INFO: [ view_filter ] --START--
INFO: Run Behavior\WriteHtmlCache [ RunTime:0.000000s ]
INFO: [ view_filter ] --END-- [ RunTime:0.000000s ]
INFO: [ view_end ] --START--
INFO: [ view_end ] --END-- [ RunTime:0.000000s ]
INFO: [ app_end ] --START--
INFO: Run Behavior\ShowPageTrace [ RunTime:0.000000s ]
INFO: [ app_end ] --END-- [ RunTime:0.000000s ]

[ 2017-11-03T10:51:02+08:00 ] 127.0.0.1 /index.php/Home/wap/test
ERR: 模板不存在:D:/phpStudy/WWW/buniessProject/Project/Home/View/wap/test.html

[ 2017-11-03T10:51:03+08:00 ] 127.0.0.1 /index.php/Home/wap/test
ERR: 模板不存在:D:/phpStudy/WWW/buniessProject/Project/Home/View/wap/test.html

[ 2017-11-03T10:51:04+08:00 ] 127.0.0.1 /index.php/Home/wap/test
ERR: 模板不存在:D:/phpStudy/WWW/buniessProject/Project/Home/View/wap/test.html

[ 2017-11-03T10:51:13+08:00 ] 127.0.0.1 /index.php/Home/wap/test
ERR: 模板不存在:D:/phpStudy/WWW/buniessProject/Project/Home/View/wap/test.html

[ 2017-11-03T10:51:14+08:00 ] 127.0.0.1 /index.php/Home/wap/test
ERR: 模板不存在:D:/phpStudy/WWW/buniessProject/Project/Home/View/wap/test.html

[ 2017-11-03T10:51:14+08:00 ] 127.0.0.1 /index.php/Home/wap/test
ERR: 模板不存在:D:/phpStudy/WWW/buniessProject/Project/Home/View/wap/test.html

[ 2017-11-03T10:51:14+08:00 ] 127.0.0.1 /index.php/Home/wap/test
ERR: 模板不存在:D:/phpStudy/WWW/buniessProject/Project/Home/View/wap/test.html

[ 2017-11-03T10:51:15+08:00 ] 127.0.0.1 /index.php/Home/wap/test
ERR: 模板不存在:D:/phpStudy/WWW/buniessProject/Project/Home/View/wap/test.html

[ 2017-11-03T10:52:05+08:00 ] 127.0.0.1 /index.php/Home/wap/test
ERR: Unknown database 'businessproject'

[ 2017-11-03T10:52:06+08:00 ] 127.0.0.1 /index.php/Home/wap/test
ERR: Unknown database 'businessproject'

[ 2017-11-03T10:52:07+08:00 ] 127.0.0.1 /index.php/Home/wap/test
ERR: Unknown database 'businessproject'

[ 2017-11-03T10:52:07+08:00 ] 127.0.0.1 /index.php/Home/wap/test
ERR: Unknown database 'businessproject'

[ 2017-11-03T10:52:09+08:00 ] 127.0.0.1 /index.php/Home/wap/test
ERR: Unknown database 'businessproject'

[ 2017-11-03T10:52:12+08:00 ] 127.0.0.1 /index.php/Home/wap/test
ERR: 模板不存在:D:/phpStudy/WWW/buniessProject/Project/Home/View/wap/test.html

[ 2017-11-03T10:52:13+08:00 ] 127.0.0.1 /index.php/Home/wap/test
ERR: 模板不存在:D:/phpStudy/WWW/buniessProject/Project/Home/View/wap/test.html

[ 2017-11-03T10:55:19+08:00 ] 127.0.0.1 /index.php/Home/wap/test
ERR: 模板不存在:D:/phpStudy/WWW/buniessProject/Project/Home/View/wap/test.html

[ 2017-11-03T10:55:20+08:00 ] 127.0.0.1 /index.php/Home/wap/test
ERR: 模板不存在:D:/phpStudy/WWW/buniessProject/Project/Home/View/wap/test.html

[ 2017-11-03T10:55:20+08:00 ] 127.0.0.1 /index.php/Home/wap/test
ERR: 模板不存在:D:/phpStudy/WWW/buniessProject/Project/Home/View/wap/test.html

[ 2017-11-03T10:55:46+08:00 ] 127.0.0.1 /index.php/Admin/Common/left.html
INFO: [ app_begin ] --START--
INFO: Run Behavior\ReadHtmlCache [ RunTime:0.000000s ]
INFO: Run Behavior\ReadHtmlCache [ RunTime:0.000000s ]
INFO: Run Behavior\CheckLang [ RunTime:0.001000s ]
INFO: [ app_begin ] --END-- [ RunTime:0.001000s ]
INFO: [ action_begin ] --START--
INFO: [ action_begin ] --END-- [ RunTime:0.000000s ]
NOTIC: [8192] mysql_connect(): The mysql extension is deprecated and will be removed in the future: use mysqli or PDO instead D:\phpStudy\WWW\buniessProject\Firame\Library\Think\Db\Driver\Mysql.class.php 第 53 行.
SQL: select role_auth_ac from yw_manager a join yw_role b on a.mg_role_id=b.role_id where a.mg_id=1 [ RunTime:0.001000s ]
SQL: select * from yw_manager where mg_id=1 and mg_deleted=0 [ RunTime:0.000000s ]
SQL: select * from yw_role where role_id=1 and role_deleted=0 [ RunTime:0.001000s ]
SQL: select * from yw_auth where auth_level=0 and deleted=0 [ RunTime:0.001000s ]
SQL: select * from yw_auth where auth_level=1 and auth_id<>10 and deleted=0 [ RunTime:0.000000s ]
INFO: [ view_begin ] --START--
INFO: [ view_begin ] --END-- [ RunTime:0.000000s ]
INFO: [ view_parse ] --START--
NOTIC: [8] Undefined offset: 6 D:\phpStudy\WWW\buniessProject\Project\Runtime\Cache\8613f28c185d95870673e4378e2e30b98af2ffde.file.left.html.php 第 81 行.
NOTIC: [8] Undefined offset: 7 D:\phpStudy\WWW\buniessProject\Project\Runtime\Cache\8613f28c185d95870673e4378e2e30b98af2ffde.file.left.html.php 第 81 行.
NOTIC: [8] Undefined offset: 8 D:\phpStudy\WWW\buniessProject\Project\Runtime\Cache\8613f28c185d95870673e4378e2e30b98af2ffde.file.left.html.php 第 81 行.
INFO: Run Behavior\ParseTemplate [ RunTime:0.006000s ]
INFO: [ view_parse ] --END-- [ RunTime:0.006000s ]
INFO: [ view_filter ] --START--
INFO: Run Behavior\WriteHtmlCache [ RunTime:0.000000s ]
INFO: [ view_filter ] --END-- [ RunTime:0.000000s ]
INFO: [ view_end ] --START--
INFO: [ view_end ] --END-- [ RunTime:0.000000s ]
INFO: [ app_end ] --START--
INFO: Run Behavior\ShowPageTrace [ RunTime:0.000000s ]
INFO: [ app_end ] --END-- [ RunTime:0.000000s ]

[ 2017-11-03T10:55:47+08:00 ] 127.0.0.1 /index.php/Admin/Apply/showlist
INFO: [ app_begin ] --START--
INFO: Run Behavior\ReadHtmlCache [ RunTime:0.000000s ]
INFO: Run Behavior\ReadHtmlCache [ RunTime:0.000000s ]
INFO: Run Behavior\CheckLang [ RunTime:0.002000s ]
INFO: [ app_begin ] --END-- [ RunTime:0.003000s ]
INFO: [ action_begin ] --START--
INFO: [ action_begin ] --END-- [ RunTime:0.000000s ]
NOTIC: [8192] mysql_connect(): The mysql extension is deprecated and will be removed in the future: use mysqli or PDO instead D:\phpStudy\WWW\buniessProject\Firame\Library\Think\Db\Driver\Mysql.class.php 第 53 行.
SQL: select role_auth_ac from yw_manager a join yw_role b on a.mg_role_id=b.role_id where a.mg_id=1 [ RunTime:0.000000s ]
SQL: SHOW COLUMNS FROM `yw_apply` [ RunTime:0.001000s ]
NOTIC: [8] Undefined index: title D:\phpStudy\WWW\buniessProject\Project\Admin\Controller\ApplyController.class.php 第 14 行.
NOTIC: [8] Undefined index: source D:\phpStudy\WWW\buniessProject\Project\Admin\Controller\ApplyController.class.php 第 15 行.
NOTIC: [8] Undefined variable: condition D:\phpStudy\WWW\buniessProject\Project\Admin\Controller\ApplyController.class.php 第 23 行.
SQL: SELECT COUNT(*) AS tp_count FROM `yw_apply` WHERE ( status=0 ) LIMIT 1   [ RunTime:0.001000s ]
NOTIC: [8] Undefined variable: condition D:\phpStudy\WWW\buniessProject\Project\Admin\Controller\ApplyController.class.php 第 28 行.
SQL: select * from `yw_apply` where 1=1 and status=0  order by createtime desc Limit 0, 14 [ RunTime:0.000000s ]
NOTIC: [8] Undefined offset: 8 D:\phpStudy\WWW\buniessProject\Project\Component\Page.class.php 第 151 行.
INFO: [ view_begin ] --START--
INFO: [ view_begin ] --END-- [ RunTime:0.001000s ]
INFO: [ view_parse ] --START--
NOTIC: [8] Undefined index: id D:\phpStudy\WWW\buniessProject\Project\Runtime\Cache\3217b5a4e053e98f9ba86b43485a7e96e05e0f33.file.showlist.html.php 第 95 行.
NOTIC: [8] Undefined index: id D:\phpStudy\WWW\buniessProject\Project\Runtime\Cache\3217b5a4e053e98f9ba86b43485a7e96e05e0f33.file.showlist.html.php 第 98 行.
NOTIC: [8] Undefined index: id D:\phpStudy\WWW\buniessProject\Project\Runtime\Cache\3217b5a4e053e98f9ba86b43485a7e96e05e0f33.file.showlist.html.php 第 95 行.
NOTIC: [8] Undefined index: id D:\phpStudy\WWW\buniessProject\Project\Runtime\Cache\3217b5a4e053e98f9ba86b43485a7e96e05e0f33.file.showlist.html.php 第 98 行.
NOTIC: [8] Undefined index: id D:\phpStudy\WWW\buniessProject\Project\Runtime\Cache\3217b5a4e053e98f9ba86b43485a7e96e05e0f33.file.showlist.html.php 第 95 行.
NOTIC: [8] Undefined index: id D:\phpStudy\WWW\buniessProject\Project\Runtime\Cache\3217b5a4e053e98f9ba86b43485a7e96e05e0f33.file.showlist.html.php 第 98 行.
NOTIC: [8] Undefined index: id D:\phpStudy\WWW\buniessProject\Project\Runtime\Cache\3217b5a4e053e98f9ba86b43485a7e96e05e0f33.file.showlist.html.php 第 95 行.
NOTIC: [8] Undefined index: id D:\phpStudy\WWW\buniessProject\Project\Runtime\Cache\3217b5a4e053e98f9ba86b43485a7e96e05e0f33.file.showlist.html.php 第 98 行.
NOTIC: [8] Undefined index: id D:\phpStudy\WWW\buniessProject\Project\Runtime\Cache\3217b5a4e053e98f9ba86b43485a7e96e05e0f33.file.showlist.html.php 第 95 行.
NOTIC: [8] Undefined index: id D:\phpStudy\WWW\buniessProject\Project\Runtime\Cache\3217b5a4e053e98f9ba86b43485a7e96e05e0f33.file.showlist.html.php 第 98 行.
INFO: Run Behavior\ParseTemplate [ RunTime:0.008001s ]
INFO: [ view_parse ] --END-- [ RunTime:0.008001s ]
INFO: [ view_filter ] --START--
INFO: Run Behavior\WriteHtmlCache [ RunTime:0.000000s ]
INFO: [ view_filter ] --END-- [ RunTime:0.000000s ]
INFO: [ view_end ] --START--
INFO: [ view_end ] --END-- [ RunTime:0.000000s ]
INFO: [ app_end ] --START--
INFO: Run Behavior\ShowPageTrace [ RunTime:0.000000s ]
INFO: [ app_end ] --END-- [ RunTime:0.000000s ]

[ 2017-11-03T11:09:40+08:00 ] 127.0.0.1 /index.php/Admin/Common/left.html
INFO: [ app_begin ] --START--
INFO: Run Behavior\ReadHtmlCache [ RunTime:0.000000s ]
INFO: Run Behavior\ReadHtmlCache [ RunTime:0.000000s ]
INFO: Run Behavior\CheckLang [ RunTime:0.003000s ]
INFO: [ app_begin ] --END-- [ RunTime:0.003000s ]
INFO: [ action_begin ] --START--
INFO: [ action_begin ] --END-- [ RunTime:0.000000s ]
NOTIC: [8192] mysql_connect(): The mysql extension is deprecated and will be removed in the future: use mysqli or PDO instead D:\phpStudy\WWW\buniessProject\Firame\Library\Think\Db\Driver\Mysql.class.php 第 53 行.
SQL: select role_auth_ac from yw_manager a join yw_role b on a.mg_role_id=b.role_id where a.mg_id=1 [ RunTime:0.000000s ]
SQL: select * from yw_manager where mg_id=1 and mg_deleted=0 [ RunTime:0.000000s ]
SQL: select * from yw_role where role_id=1 and role_deleted=0 [ RunTime:0.001000s ]
SQL: select * from yw_auth where auth_level=0 and deleted=0 [ RunTime:0.000000s ]
SQL: select * from yw_auth where auth_level=1 and auth_id<>10 and deleted=0 [ RunTime:0.012001s ]
INFO: [ view_begin ] --START--
INFO: [ view_begin ] --END-- [ RunTime:0.000000s ]
INFO: [ view_parse ] --START--
NOTIC: [8] Undefined offset: 6 D:\phpStudy\WWW\buniessProject\Project\Runtime\Cache\8613f28c185d95870673e4378e2e30b98af2ffde.file.left.html.php 第 81 行.
NOTIC: [8] Undefined offset: 7 D:\phpStudy\WWW\buniessProject\Project\Runtime\Cache\8613f28c185d95870673e4378e2e30b98af2ffde.file.left.html.php 第 81 行.
NOTIC: [8] Undefined offset: 8 D:\phpStudy\WWW\buniessProject\Project\Runtime\Cache\8613f28c185d95870673e4378e2e30b98af2ffde.file.left.html.php 第 81 行.
INFO: Run Behavior\ParseTemplate [ RunTime:0.007000s ]
INFO: [ view_parse ] --END-- [ RunTime:0.007000s ]
INFO: [ view_filter ] --START--
INFO: Run Behavior\WriteHtmlCache [ RunTime:0.000000s ]
INFO: [ view_filter ] --END-- [ RunTime:0.000000s ]
INFO: [ view_end ] --START--
INFO: [ view_end ] --END-- [ RunTime:0.000000s ]
INFO: [ app_end ] --START--
INFO: Run Behavior\ShowPageTrace [ RunTime:0.000000s ]
INFO: [ app_end ] --END-- [ RunTime:0.000000s ]

[ 2017-11-03T11:09:40+08:00 ] 127.0.0.1 /index.php/Admin/Apply/showlist
INFO: [ app_begin ] --START--
INFO: Run Behavior\ReadHtmlCache [ RunTime:0.000000s ]
INFO: Run Behavior\ReadHtmlCache [ RunTime:0.000000s ]
INFO: Run Behavior\CheckLang [ RunTime:0.002000s ]
INFO: [ app_begin ] --END-- [ RunTime:0.002000s ]
INFO: [ action_begin ] --START--
INFO: [ action_begin ] --END-- [ RunTime:0.000000s ]
NOTIC: [8192] mysql_connect(): The mysql extension is deprecated and will be removed in the future: use mysqli or PDO instead D:\phpStudy\WWW\buniessProject\Firame\Library\Think\Db\Driver\Mysql.class.php 第 53 行.
SQL: select role_auth_ac from yw_manager a join yw_role b on a.mg_role_id=b.role_id where a.mg_id=1 [ RunTime:0.000000s ]
SQL: SHOW COLUMNS FROM `yw_apply` [ RunTime:0.001000s ]
NOTIC: [8] Undefined index: title D:\phpStudy\WWW\buniessProject\Project\Admin\Controller\ApplyController.class.php 第 14 行.
NOTIC: [8] Undefined index: source D:\phpStudy\WWW\buniessProject\Project\Admin\Controller\ApplyController.class.php 第 15 行.
NOTIC: [8] Undefined variable: condition D:\phpStudy\WWW\buniessProject\Project\Admin\Controller\ApplyController.class.php 第 23 行.
SQL: SELECT COUNT(*) AS tp_count FROM `yw_apply` WHERE ( status=0 ) LIMIT 1   [ RunTime:0.000000s ]
NOTIC: [8] Undefined variable: condition D:\phpStudy\WWW\buniessProject\Project\Admin\Controller\ApplyController.class.php 第 28 行.
SQL: select * from `yw_apply` where 1=1 and status=0  order by createtime desc Limit 0, 14 [ RunTime:0.000000s ]
NOTIC: [8] Undefined offset: 8 D:\phpStudy\WWW\buniessProject\Project\Component\Page.class.php 第 151 行.
INFO: [ view_begin ] --START--
INFO: [ view_begin ] --END-- [ RunTime:0.000000s ]
INFO: [ view_parse ] --START--
NOTIC: [8] Undefined index: id D:\phpStudy\WWW\buniessProject\Project\Runtime\Cache\3217b5a4e053e98f9ba86b43485a7e96e05e0f33.file.showlist.html.php 第 95 行.
NOTIC: [8] Undefined index: id D:\phpStudy\WWW\buniessProject\Project\Runtime\Cache\3217b5a4e053e98f9ba86b43485a7e96e05e0f33.file.showlist.html.php 第 98 行.
NOTIC: [8] Undefined index: id D:\phpStudy\WWW\buniessProject\Project\Runtime\Cache\3217b5a4e053e98f9ba86b43485a7e96e05e0f33.file.showlist.html.php 第 95 行.
NOTIC: [8] Undefined index: id D:\phpStudy\WWW\buniessProject\Project\Runtime\Cache\3217b5a4e053e98f9ba86b43485a7e96e05e0f33.file.showlist.html.php 第 98 行.
NOTIC: [8] Undefined index: id D:\phpStudy\WWW\buniessProject\Project\Runtime\Cache\3217b5a4e053e98f9ba86b43485a7e96e05e0f33.file.showlist.html.php 第 95 行.
NOTIC: [8] Undefined index: id D:\phpStudy\WWW\buniessProject\Project\Runtime\Cache\3217b5a4e053e98f9ba86b43485a7e96e05e0f33.file.showlist.html.php 第 98 行.
NOTIC: [8] Undefined index: id D:\phpStudy\WWW\buniessProject\Project\Runtime\Cache\3217b5a4e053e98f9ba86b43485a7e96e05e0f33.file.showlist.html.php 第 95 行.
NOTIC: [8] Undefined index: id D:\phpStudy\WWW\buniessProject\Project\Runtime\Cache\3217b5a4e053e98f9ba86b43485a7e96e05e0f33.file.showlist.html.php 第 98 行.
NOTIC: [8] Undefined index: id D:\phpStudy\WWW\buniessProject\Project\Runtime\Cache\3217b5a4e053e98f9ba86b43485a7e96e05e0f33.file.showlist.html.php 第 95 行.
NOTIC: [8] Undefined index: id D:\phpStudy\WWW\buniessProject\Project\Runtime\Cache\3217b5a4e053e98f9ba86b43485a7e96e05e0f33.file.showlist.html.php 第 98 行.
INFO: Run Behavior\ParseTemplate [ RunTime:0.007000s ]
INFO: [ view_parse ] --END-- [ RunTime:0.007000s ]
INFO: [ view_filter ] --START--
INFO: Run Behavior\WriteHtmlCache [ RunTime:0.000000s ]
INFO: [ view_filter ] --END-- [ RunTime:0.000000s ]
INFO: [ view_end ] --START--
INFO: [ view_end ] --END-- [ RunTime:0.000000s ]
INFO: [ app_end ] --START--
INFO: Run Behavior\ShowPageTrace [ RunTime:0.000000s ]
INFO: [ app_end ] --END-- [ RunTime:0.000000s ]

[ 2017-11-03T11:11:52+08:00 ] 127.0.0.1 /index.php/Home/wap/test
ERR: 模板不存在:D:/phpStudy/WWW/buniessProject/Project/Home/View/wap/test.html

[ 2017-11-03T11:11:53+08:00 ] 127.0.0.1 /index.php/Home/wap/test
ERR: 模板不存在:D:/phpStudy/WWW/buniessProject/Project/Home/View/wap/test.html

[ 2017-11-03T11:11:53+08:00 ] 127.0.0.1 /index.php/Home/wap/test
ERR: 模板不存在:D:/phpStudy/WWW/buniessProject/Project/Home/View/wap/test.html

[ 2017-11-03T11:12:01+08:00 ] 127.0.0.1 /index.php/Home/wap/test
ERR: 模板不存在:D:/phpStudy/WWW/buniessProject/Project/Home/View/wap/test.html

[ 2017-11-03T11:12:09+08:00 ] 127.0.0.1 /index.php/Admin/Apply/showlist
INFO: [ app_begin ] --START--
INFO: Run Behavior\ReadHtmlCache [ RunTime:0.000000s ]
INFO: Run Behavior\ReadHtmlCache [ RunTime:0.000000s ]
INFO: Run Behavior\CheckLang [ RunTime:0.001000s ]
INFO: [ app_begin ] --END-- [ RunTime:0.002000s ]
INFO: [ action_begin ] --START--
INFO: [ action_begin ] --END-- [ RunTime:0.000000s ]
NOTIC: [8192] mysql_connect(): The mysql extension is deprecated and will be removed in the future: use mysqli or PDO instead D:\phpStudy\WWW\buniessProject\Firame\Library\Think\Db\Driver\Mysql.class.php 第 53 行.
SQL: select role_auth_ac from yw_manager a join yw_role b on a.mg_role_id=b.role_id where a.mg_id=1 [ RunTime:0.000000s ]
SQL: SHOW COLUMNS FROM `yw_apply` [ RunTime:0.001000s ]
NOTIC: [8] Undefined index: title D:\phpStudy\WWW\buniessProject\Project\Admin\Controller\ApplyController.class.php 第 14 行.
NOTIC: [8] Undefined index: source D:\phpStudy\WWW\buniessProject\Project\Admin\Controller\ApplyController.class.php 第 15 行.
NOTIC: [8] Undefined variable: condition D:\phpStudy\WWW\buniessProject\Project\Admin\Controller\ApplyController.class.php 第 23 行.
SQL: SELECT COUNT(*) AS tp_count FROM `yw_apply` WHERE ( status=0 ) LIMIT 1   [ RunTime:0.000000s ]
NOTIC: [8] Undefined variable: condition D:\phpStudy\WWW\buniessProject\Project\Admin\Controller\ApplyController.class.php 第 28 行.
SQL: select * from `yw_apply` where 1=1 and status=0  order by createtime desc Limit 0, 14 [ RunTime:0.000000s ]
NOTIC: [8] Undefined offset: 8 D:\phpStudy\WWW\buniessProject\Project\Component\Page.class.php 第 151 行.
INFO: [ view_begin ] --START--
INFO: [ view_begin ] --END-- [ RunTime:0.000000s ]
INFO: [ view_parse ] --START--
NOTIC: [8] Undefined index: id D:\phpStudy\WWW\buniessProject\Project\Runtime\Cache\3217b5a4e053e98f9ba86b43485a7e96e05e0f33.file.showlist.html.php 第 95 行.
NOTIC: [8] Undefined index: id D:\phpStudy\WWW\buniessProject\Project\Runtime\Cache\3217b5a4e053e98f9ba86b43485a7e96e05e0f33.file.showlist.html.php 第 98 行.
NOTIC: [8] Undefined index: id D:\phpStudy\WWW\buniessProject\Project\Runtime\Cache\3217b5a4e053e98f9ba86b43485a7e96e05e0f33.file.showlist.html.php 第 95 行.
NOTIC: [8] Undefined index: id D:\phpStudy\WWW\buniessProject\Project\Runtime\Cache\3217b5a4e053e98f9ba86b43485a7e96e05e0f33.file.showlist.html.php 第 98 行.
NOTIC: [8] Undefined index: id D:\phpStudy\WWW\buniessProject\Project\Runtime\Cache\3217b5a4e053e98f9ba86b43485a7e96e05e0f33.file.showlist.html.php 第 95 行.
NOTIC: [8] Undefined index: id D:\phpStudy\WWW\buniessProject\Project\Runtime\Cache\3217b5a4e053e98f9ba86b43485a7e96e05e0f33.file.showlist.html.php 第 98 行.
NOTIC: [8] Undefined index: id D:\phpStudy\WWW\buniessProject\Project\Runtime\Cache\3217b5a4e053e98f9ba86b43485a7e96e05e0f33.file.showlist.html.php 第 95 行.
NOTIC: [8] Undefined index: id D:\phpStudy\WWW\buniessProject\Project\Runtime\Cache\3217b5a4e053e98f9ba86b43485a7e96e05e0f33.file.showlist.html.php 第 98 行.
NOTIC: [8] Undefined index: id D:\phpStudy\WWW\buniessProject\Project\Runtime\Cache\3217b5a4e053e98f9ba86b43485a7e96e05e0f33.file.showlist.html.php 第 95 行.
NOTIC: [8] Undefined index: id D:\phpStudy\WWW\buniessProject\Project\Runtime\Cache\3217b5a4e053e98f9ba86b43485a7e96e05e0f33.file.showlist.html.php 第 98 行.
INFO: Run Behavior\ParseTemplate [ RunTime:0.009001s ]
INFO: [ view_parse ] --END-- [ RunTime:0.010001s ]
INFO: [ view_filter ] --START--
INFO: Run Behavior\WriteHtmlCache [ RunTime:0.000000s ]
INFO: [ view_filter ] --END-- [ RunTime:0.000000s ]
INFO: [ view_end ] --START--
INFO: [ view_end ] --END-- [ RunTime:0.000000s ]
INFO: [ app_end ] --START--
INFO: Run Behavior\ShowPageTrace [ RunTime:0.000000s ]
INFO: [ app_end ] --END-- [ RunTime:0.000000s ]

[ 2017-11-03T11:12:09+08:00 ] 127.0.0.1 /index.php/Admin/Common/left.html
INFO: [ app_begin ] --START--
INFO: Run Behavior\ReadHtmlCache [ RunTime:0.000000s ]
INFO: Run Behavior\ReadHtmlCache [ RunTime:0.000000s ]
INFO: Run Behavior\CheckLang [ RunTime:0.001000s ]
INFO: [ app_begin ] --END-- [ RunTime:0.002000s ]
INFO: [ action_begin ] --START--
INFO: [ action_begin ] --END-- [ RunTime:0.000000s ]
NOTIC: [8192] mysql_connect(): The mysql extension is deprecated and will be removed in the future: use mysqli or PDO instead D:\phpStudy\WWW\buniessProject\Firame\Library\Think\Db\Driver\Mysql.class.php 第 53 行.
SQL: select role_auth_ac from yw_manager a join yw_role b on a.mg_role_id=b.role_id where a.mg_id=1 [ RunTime:0.000000s ]
SQL: select * from yw_manager where mg_id=1 and mg_deleted=0 [ RunTime:0.000000s ]
SQL: select * from yw_role where role_id=1 and role_deleted=0 [ RunTime:0.000000s ]
SQL: select * from yw_auth where auth_level=0 and deleted=0 [ RunTime:0.001000s ]
SQL: select * from yw_auth where auth_level=1 and auth_id<>10 and deleted=0 [ RunTime:0.000000s ]
INFO: [ view_begin ] --START--
INFO: [ view_begin ] --END-- [ RunTime:0.000000s ]
INFO: [ view_parse ] --START--
NOTIC: [8] Undefined offset: 6 D:\phpStudy\WWW\buniessProject\Project\Runtime\Cache\8613f28c185d95870673e4378e2e30b98af2ffde.file.left.html.php 第 81 行.
NOTIC: [8] Undefined offset: 7 D:\phpStudy\WWW\buniessProject\Project\Runtime\Cache\8613f28c185d95870673e4378e2e30b98af2ffde.file.left.html.php 第 81 行.
NOTIC: [8] Undefined offset: 8 D:\phpStudy\WWW\buniessProject\Project\Runtime\Cache\8613f28c185d95870673e4378e2e30b98af2ffde.file.left.html.php 第 81 行.
INFO: Run Behavior\ParseTemplate [ RunTime:0.006000s ]
INFO: [ view_parse ] --END-- [ RunTime:0.006000s ]
INFO: [ view_filter ] --START--
INFO: Run Behavior\WriteHtmlCache [ RunTime:0.000000s ]
INFO: [ view_filter ] --END-- [ RunTime:0.000000s ]
INFO: [ view_end ] --START--
INFO: [ view_end ] --END-- [ RunTime:0.000000s ]
INFO: [ app_end ] --START--
INFO: Run Behavior\ShowPageTrace [ RunTime:0.000000s ]
INFO: [ app_end ] --END-- [ RunTime:0.000000s ]

[ 2017-11-03T11:12:14+08:00 ] 127.0.0.1 /index.php/Admin/Apply/showlist
INFO: [ app_begin ] --START--
INFO: Run Behavior\ReadHtmlCache [ RunTime:0.000000s ]
INFO: Run Behavior\ReadHtmlCache [ RunTime:0.000000s ]
INFO: Run Behavior\CheckLang [ RunTime:0.001000s ]
INFO: [ app_begin ] --END-- [ RunTime:0.001000s ]
INFO: [ action_begin ] --START--
INFO: [ action_begin ] --END-- [ RunTime:0.000000s ]
NOTIC: [8192] mysql_connect(): The mysql extension is deprecated and will be removed in the future: use mysqli or PDO instead D:\phpStudy\WWW\buniessProject\Firame\Library\Think\Db\Driver\Mysql.class.php 第 53 行.
SQL: select role_auth_ac from yw_manager a join yw_role b on a.mg_role_id=b.role_id where a.mg_id=1 [ RunTime:0.000000s ]
SQL: SHOW COLUMNS FROM `yw_apply` [ RunTime:0.001000s ]
NOTIC: [8] Undefined index: title D:\phpStudy\WWW\buniessProject\Project\Admin\Controller\ApplyController.class.php 第 14 行.
NOTIC: [8] Undefined index: source D:\phpStudy\WWW\buniessProject\Project\Admin\Controller\ApplyController.class.php 第 15 行.
NOTIC: [8] Undefined variable: condition D:\phpStudy\WWW\buniessProject\Project\Admin\Controller\ApplyController.class.php 第 23 行.
SQL: SELECT COUNT(*) AS tp_count FROM `yw_apply` WHERE ( status=0 ) LIMIT 1   [ RunTime:0.000000s ]
NOTIC: [8] Undefined variable: condition D:\phpStudy\WWW\buniessProject\Project\Admin\Controller\ApplyController.class.php 第 28 行.
SQL: select * from `yw_apply` where 1=1 and status=0  order by createtime desc Limit 0, 14 [ RunTime:0.000000s ]
NOTIC: [8] Undefined offset: 8 D:\phpStudy\WWW\buniessProject\Project\Component\Page.class.php 第 151 行.
INFO: [ view_begin ] --START--
INFO: [ view_begin ] --END-- [ RunTime:0.000000s ]
INFO: [ view_parse ] --START--
NOTIC: [8] Undefined index: id D:\phpStudy\WWW\buniessProject\Project\Runtime\Cache\3217b5a4e053e98f9ba86b43485a7e96e05e0f33.file.showlist.html.php 第 95 行.
NOTIC: [8] Undefined index: id D:\phpStudy\WWW\buniessProject\Project\Runtime\Cache\3217b5a4e053e98f9ba86b43485a7e96e05e0f33.file.showlist.html.php 第 98 行.
NOTIC: [8] Undefined index: id D:\phpStudy\WWW\buniessProject\Project\Runtime\Cache\3217b5a4e053e98f9ba86b43485a7e96e05e0f33.file.showlist.html.php 第 95 行.
NOTIC: [8] Undefined index: id D:\phpStudy\WWW\buniessProject\Project\Runtime\Cache\3217b5a4e053e98f9ba86b43485a7e96e05e0f33.file.showlist.html.php 第 98 行.
NOTIC: [8] Undefined index: id D:\phpStudy\WWW\buniessProject\Project\Runtime\Cache\3217b5a4e053e98f9ba86b43485a7e96e05e0f33.file.showlist.html.php 第 95 行.
NOTIC: [8] Undefined index: id D:\phpStudy\WWW\buniessProject\Project\Runtime\Cache\3217b5a4e053e98f9ba86b43485a7e96e05e0f33.file.showlist.html.php 第 98 行.
NOTIC: [8] Undefined index: id D:\phpStudy\WWW\buniessProject\Project\Runtime\Cache\3217b5a4e053e98f9ba86b43485a7e96e05e0f33.file.showlist.html.php 第 95 行.
NOTIC: [8] Undefined index: id D:\phpStudy\WWW\buniessProject\Project\Runtime\Cache\3217b5a4e053e98f9ba86b43485a7e96e05e0f33.file.showlist.html.php 第 98 行.
NOTIC: [8] Undefined index: id D:\phpStudy\WWW\buniessProject\Project\Runtime\Cache\3217b5a4e053e98f9ba86b43485a7e96e05e0f33.file.showlist.html.php 第 95 行.
NOTIC: [8] Undefined index: id D:\phpStudy\WWW\buniessProject\Project\Runtime\Cache\3217b5a4e053e98f9ba86b43485a7e96e05e0f33.file.showlist.html.php 第 98 行.
INFO: Run Behavior\ParseTemplate [ RunTime:0.006000s ]
INFO: [ view_parse ] --END-- [ RunTime:0.006000s ]
INFO: [ view_filter ] --START--
INFO: Run Behavior\WriteHtmlCache [ RunTime:0.000000s ]
INFO: [ view_filter ] --END-- [ RunTime:0.000000s ]
INFO: [ view_end ] --START--
INFO: [ view_end ] --END-- [ RunTime:0.000000s ]
INFO: [ app_end ] --START--
INFO: Run Behavior\ShowPageTrace [ RunTime:0.000000s ]
INFO: [ app_end ] --END-- [ RunTime:0.000000s ]

[ 2017-11-03T11:12:16+08:00 ] 127.0.0.1 /index.php/Admin/Article/showlist
INFO: [ app_begin ] --START--
INFO: Run Behavior\ReadHtmlCache [ RunTime:0.000000s ]
INFO: Run Behavior\ReadHtmlCache [ RunTime:0.000000s ]
INFO: Run Behavior\CheckLang [ RunTime:0.000000s ]
INFO: [ app_begin ] --END-- [ RunTime:0.001000s ]
INFO: [ action_begin ] --START--
INFO: [ action_begin ] --END-- [ RunTime:0.000000s ]
NOTIC: [8192] mysql_connect(): The mysql extension is deprecated and will be removed in the future: use mysqli or PDO instead D:\phpStudy\WWW\buniessProject\Firame\Library\Think\Db\Driver\Mysql.class.php 第 53 行.
SQL: select role_auth_ac from yw_manager a join yw_role b on a.mg_role_id=b.role_id where a.mg_id=1 [ RunTime:0.000000s ]
SQL: SHOW COLUMNS FROM `yw_articles` [ RunTime:0.001000s ]
NOTIC: [8] Undefined index: title D:\phpStudy\WWW\buniessProject\Project\Admin\Controller\ArticleController.class.php 第 15 行.
NOTIC: [8] Undefined variable: condition D:\phpStudy\WWW\buniessProject\Project\Admin\Controller\ArticleController.class.php 第 23 行.
SQL: SELECT COUNT(*) AS tp_count FROM `yw_articles` WHERE ( status=0 ) LIMIT 1   [ RunTime:0.000000s ]
NOTIC: [8] Undefined variable: condition D:\phpStudy\WWW\buniessProject\Project\Admin\Controller\ArticleController.class.php 第 28 行.
SQL: select * from `yw_articles` where 1=1 and status=0  order by sort desc Limit 0, 14 [ RunTime:0.000000s ]
NOTIC: [8] Undefined offset: 8 D:\phpStudy\WWW\buniessProject\Project\Component\Page.class.php 第 151 行.
INFO: [ view_begin ] --START--
INFO: [ view_begin ] --END-- [ RunTime:0.000000s ]
INFO: [ view_parse ] --START--
INFO: Run Behavior\ParseTemplate [ RunTime:0.006001s ]
INFO: [ view_parse ] --END-- [ RunTime:0.006001s ]
INFO: [ view_filter ] --START--
INFO: Run Behavior\WriteHtmlCache [ RunTime:0.000000s ]
INFO: [ view_filter ] --END-- [ RunTime:0.000000s ]
INFO: [ view_end ] --START--
INFO: [ view_end ] --END-- [ RunTime:0.000000s ]
INFO: [ app_end ] --START--
INFO: Run Behavior\ShowPageTrace [ RunTime:0.000000s ]
INFO: [ app_end ] --END-- [ RunTime:0.000000s ]

[ 2017-11-03T11:12:17+08:00 ] 127.0.0.1 /index.php/Admin/Manager/showlist
INFO: [ app_begin ] --START--
INFO: Run Behavior\ReadHtmlCache [ RunTime:0.000000s ]
INFO: Run Behavior\ReadHtmlCache [ RunTime:0.001000s ]
INFO: Run Behavior\CheckLang [ RunTime:0.001000s ]
INFO: [ app_begin ] --END-- [ RunTime:0.002000s ]
INFO: [ action_begin ] --START--
INFO: [ action_begin ] --END-- [ RunTime:0.000000s ]
NOTIC: [8192] mysql_connect(): The mysql extension is deprecated and will be removed in the future: use mysqli or PDO instead D:\phpStudy\WWW\buniessProject\Firame\Library\Think\Db\Driver\Mysql.class.php 第 53 行.
SQL: select role_auth_ac from yw_manager a join yw_role b on a.mg_role_id=b.role_id where a.mg_id=1 [ RunTime:0.000000s ]
SQL: SHOW COLUMNS FROM `yw_manager` [ RunTime:0.001000s ]
NOTIC: [8] Undefined index: mg_real_name D:\phpStudy\WWW\buniessProject\Project\Admin\Controller\ManagerController.class.php 第 74 行.
NOTIC: [8] Undefined variable: condition D:\phpStudy\WWW\buniessProject\Project\Admin\Controller\ManagerController.class.php 第 82 行.
SQL: SELECT COUNT(*) AS tp_count FROM `yw_manager` WHERE ( mg_deleted=0 ) LIMIT 1   [ RunTime:0.001000s ]
NOTIC: [8] Undefined variable: condition D:\phpStudy\WWW\buniessProject\Project\Admin\Controller\ManagerController.class.php 第 87 行.
SQL: select * from `yw_manager` where 1=1 and mg_deleted=0  order by mg_id desc Limit 0, 14 [ RunTime:0.000000s ]
NOTIC: [8] Undefined offset: 8 D:\phpStudy\WWW\buniessProject\Project\Component\Page.class.php 第 151 行.
SQL: SHOW COLUMNS FROM `yw_role` [ RunTime:0.001000s ]
SQL: SELECT * FROM `yw_role`  [ RunTime:0.016001s ]
INFO: [ view_begin ] --START--
INFO: [ view_begin ] --END-- [ RunTime:0.000000s ]
INFO: [ view_parse ] --START--
NOTIC: [8] Undefined index:  D:\phpStudy\WWW\buniessProject\Project\Runtime\Cache\eb2dfb40348094d9ae53b64e9e264b75fbad819b.file.showlist.html.php 第 72 行.
NOTIC: [8] Undefined index:  D:\phpStudy\WWW\buniessProject\Project\Runtime\Cache\eb2dfb40348094d9ae53b64e9e264b75fbad819b.file.showlist.html.php 第 72 行.
NOTIC: [8] Undefined index:  D:\phpStudy\WWW\buniessProject\Project\Runtime\Cache\eb2dfb40348094d9ae53b64e9e264b75fbad819b.file.showlist.html.php 第 72 行.
NOTIC: [8] Undefined index:  D:\phpStudy\WWW\buniessProject\Project\Runtime\Cache\eb2dfb40348094d9ae53b64e9e264b75fbad819b.file.showlist.html.php 第 72 行.
NOTIC: [8] Undefined index:  D:\phpStudy\WWW\buniessProject\Project\Runtime\Cache\eb2dfb40348094d9ae53b64e9e264b75fbad819b.file.showlist.html.php 第 72 行.
NOTIC: [8] Undefined index:  D:\phpStudy\WWW\buniessProject\Project\Runtime\Cache\eb2dfb40348094d9ae53b64e9e264b75fbad819b.file.showlist.html.php 第 72 行.
NOTIC: [8] Undefined index:  D:\phpStudy\WWW\buniessProject\Project\Runtime\Cache\eb2dfb40348094d9ae53b64e9e264b75fbad819b.file.showlist.html.php 第 72 行.
NOTIC: [8] Undefined index:  D:\phpStudy\WWW\buniessProject\Project\Runtime\Cache\eb2dfb40348094d9ae53b64e9e264b75fbad819b.file.showlist.html.php 第 72 行.
NOTIC: [8] Undefined index:  D:\phpStudy\WWW\buniessProject\Project\Runtime\Cache\eb2dfb40348094d9ae53b64e9e264b75fbad819b.file.showlist.html.php 第 72 行.
NOTIC: [8] Undefined index:  D:\phpStudy\WWW\buniessProject\Project\Runtime\Cache\eb2dfb40348094d9ae53b64e9e264b75fbad819b.file.showlist.html.php 第 72 行.
NOTIC: [8] Undefined index:  D:\phpStudy\WWW\buniessProject\Project\Runtime\Cache\eb2dfb40348094d9ae53b64e9e264b75fbad819b.file.showlist.html.php 第 72 行.
INFO: Run Behavior\ParseTemplate [ RunTime:0.005000s ]
INFO: [ view_parse ] --END-- [ RunTime:0.005000s ]
INFO: [ view_filter ] --START--
INFO: Run Behavior\WriteHtmlCache [ RunTime:0.000000s ]
INFO: [ view_filter ] --END-- [ RunTime:0.000000s ]
INFO: [ view_end ] --START--
INFO: [ view_end ] --END-- [ RunTime:0.001000s ]
INFO: [ app_end ] --START--
INFO: Run Behavior\ShowPageTrace [ RunTime:0.000000s ]
INFO: [ app_end ] --END-- [ RunTime:0.000000s ]

[ 2017-11-03T11:12:17+08:00 ] 127.0.0.1 /index.php/Admin/Category/showlist
INFO: [ app_begin ] --START--
INFO: Run Behavior\ReadHtmlCache [ RunTime:0.000000s ]
INFO: Run Behavior\ReadHtmlCache [ RunTime:0.000000s ]
INFO: Run Behavior\CheckLang [ RunTime:0.001000s ]
INFO: [ app_begin ] --END-- [ RunTime:0.002000s ]
INFO: [ action_begin ] --START--
INFO: [ action_begin ] --END-- [ RunTime:0.000000s ]
NOTIC: [8192] mysql_connect(): The mysql extension is deprecated and will be removed in the future: use mysqli or PDO instead D:\phpStudy\WWW\buniessProject\Firame\Library\Think\Db\Driver\Mysql.class.php 第 53 行.
SQL: select role_auth_ac from yw_manager a join yw_role b on a.mg_role_id=b.role_id where a.mg_id=1 [ RunTime:0.000000s ]
SQL: SHOW COLUMNS FROM `yw_articles_category` [ RunTime:0.000000s ]
NOTIC: [8] Undefined index: id D:\phpStudy\WWW\buniessProject\Project\Admin\Controller\CategoryController.class.php 第 92 行.
SQL: SELECT * FROM `yw_articles_category` WHERE ( status=0 ) ORDER BY category_path asc,category_sort asc  [ RunTime:0.000000s ]
INFO: [ view_begin ] --START--
INFO: [ view_begin ] --END-- [ RunTime:0.000000s ]
INFO: [ view_parse ] --START--
NOTIC: [8] Undefined index: pagelist D:\phpStudy\WWW\buniessProject\Project\Runtime\Cache\6f9015f3db7bf9c34d57cfa29bb4393204164982.file.showlist.html.php 第 87 行.
NOTIC: [8] Trying to get property of non-object D:\phpStudy\WWW\buniessProject\Project\Runtime\Cache\6f9015f3db7bf9c34d57cfa29bb4393204164982.file.showlist.html.php 第 87 行.
INFO: Run Behavior\ParseTemplate [ RunTime:0.005000s ]
INFO: [ view_parse ] --END-- [ RunTime:0.005000s ]
INFO: [ view_filter ] --START--
INFO: Run Behavior\WriteHtmlCache [ RunTime:0.000000s ]
INFO: [ view_filter ] --END-- [ RunTime:0.000000s ]
INFO: [ view_end ] --START--
INFO: [ view_end ] --END-- [ RunTime:0.000000s ]
INFO: [ app_end ] --START--
INFO: Run Behavior\ShowPageTrace [ RunTime:0.000000s ]
INFO: [ app_end ] --END-- [ RunTime:0.000000s ]

[ 2017-11-03T11:12:18+08:00 ] 127.0.0.1 /index.php/Admin/Apply/showlist
INFO: [ app_begin ] --START--
INFO: Run Behavior\ReadHtmlCache [ RunTime:0.000000s ]
INFO: Run Behavior\ReadHtmlCache [ RunTime:0.000000s ]
INFO: Run Behavior\CheckLang [ RunTime:0.001000s ]
INFO: [ app_begin ] --END-- [ RunTime:0.001000s ]
INFO: [ action_begin ] --START--
INFO: [ action_begin ] --END-- [ RunTime:0.000000s ]
NOTIC: [8192] mysql_connect(): The mysql extension is deprecated and will be removed in the future: use mysqli or PDO instead D:\phpStudy\WWW\buniessProject\Firame\Library\Think\Db\Driver\Mysql.class.php 第 53 行.
SQL: select role_auth_ac from yw_manager a join yw_role b on a.mg_role_id=b.role_id where a.mg_id=1 [ RunTime:0.001001s ]
SQL: SHOW COLUMNS FROM `yw_apply` [ RunTime:0.001000s ]
NOTIC: [8] Undefined index: title D:\phpStudy\WWW\buniessProject\Project\Admin\Controller\ApplyController.class.php 第 14 行.
NOTIC: [8] Undefined index: source D:\phpStudy\WWW\buniessProject\Project\Admin\Controller\ApplyController.class.php 第 15 行.
NOTIC: [8] Undefined variable: condition D:\phpStudy\WWW\buniessProject\Project\Admin\Controller\ApplyController.class.php 第 23 行.
SQL: SELECT COUNT(*) AS tp_count FROM `yw_apply` WHERE ( status=0 ) LIMIT 1   [ RunTime:0.000000s ]
NOTIC: [8] Undefined variable: condition D:\phpStudy\WWW\buniessProject\Project\Admin\Controller\ApplyController.class.php 第 28 行.
SQL: select * from `yw_apply` where 1=1 and status=0  order by createtime desc Limit 0, 14 [ RunTime:0.000000s ]
NOTIC: [8] Undefined offset: 8 D:\phpStudy\WWW\buniessProject\Project\Component\Page.class.php 第 151 行.
INFO: [ view_begin ] --START--
INFO: [ view_begin ] --END-- [ RunTime:0.000000s ]
INFO: [ view_parse ] --START--
NOTIC: [8] Undefined index: id D:\phpStudy\WWW\buniessProject\Project\Runtime\Cache\3217b5a4e053e98f9ba86b43485a7e96e05e0f33.file.showlist.html.php 第 95 行.
NOTIC: [8] Undefined index: id D:\phpStudy\WWW\buniessProject\Project\Runtime\Cache\3217b5a4e053e98f9ba86b43485a7e96e05e0f33.file.showlist.html.php 第 98 行.
NOTIC: [8] Undefined index: id D:\phpStudy\WWW\buniessProject\Project\Runtime\Cache\3217b5a4e053e98f9ba86b43485a7e96e05e0f33.file.showlist.html.php 第 95 行.
NOTIC: [8] Undefined index: id D:\phpStudy\WWW\buniessProject\Project\Runtime\Cache\3217b5a4e053e98f9ba86b43485a7e96e05e0f33.file.showlist.html.php 第 98 行.
NOTIC: [8] Undefined index: id D:\phpStudy\WWW\buniessProject\Project\Runtime\Cache\3217b5a4e053e98f9ba86b43485a7e96e05e0f33.file.showlist.html.php 第 95 行.
NOTIC: [8] Undefined index: id D:\phpStudy\WWW\buniessProject\Project\Runtime\Cache\3217b5a4e053e98f9ba86b43485a7e96e05e0f33.file.showlist.html.php 第 98 行.
NOTIC: [8] Undefined index: id D:\phpStudy\WWW\buniessProject\Project\Runtime\Cache\3217b5a4e053e98f9ba86b43485a7e96e05e0f33.file.showlist.html.php 第 95 行.
NOTIC: [8] Undefined index: id D:\phpStudy\WWW\buniessProject\Project\Runtime\Cache\3217b5a4e053e98f9ba86b43485a7e96e05e0f33.file.showlist.html.php 第 98 行.
NOTIC: [8] Undefined index: id D:\phpStudy\WWW\buniessProject\Project\Runtime\Cache\3217b5a4e053e98f9ba86b43485a7e96e05e0f33.file.showlist.html.php 第 95 行.
NOTIC: [8] Undefined index: id D:\phpStudy\WWW\buniessProject\Project\Runtime\Cache\3217b5a4e053e98f9ba86b43485a7e96e05e0f33.file.showlist.html.php 第 98 行.
INFO: Run Behavior\ParseTemplate [ RunTime:0.006000s ]
INFO: [ view_parse ] --END-- [ RunTime:0.006000s ]
INFO: [ view_filter ] --START--
INFO: Run Behavior\WriteHtmlCache [ RunTime:0.000000s ]
INFO: [ view_filter ] --END-- [ RunTime:0.000000s ]
INFO: [ view_end ] --START--
INFO: [ view_end ] --END-- [ RunTime:0.000000s ]
INFO: [ app_end ] --START--
INFO: Run Behavior\ShowPageTrace [ RunTime:0.000000s ]
INFO: [ app_end ] --END-- [ RunTime:0.000000s ]

[ 2017-11-03T16:49:15+08:00 ] 127.0.0.1 /index.php/Home/index
ERR: Syntax Error in template "D:/phpStudy/WWW/buniessProject/Project/Home/View\index\index.html"  on line 953 "&lt;input class=&quot;tel24-num&quot; type=&quot;text&quot; placeholder=&quot;请输入电话号码&quot; maxlength=&quot;11&quot; onkeyup=&quot;callback.replaceNoNum(this);&quot; onfocus=&quot;callback.focusMsg(this); $(this).blur(function(){callback.blurMsg(this)})&quot;&gt;"  - Unexpected ".", expected one of: "}" , " "

[ 2017-11-03T16:49:17+08:00 ] 127.0.0.1 /index.php/Home/index
ERR: Syntax Error in template "D:/phpStudy/WWW/buniessProject/Project/Home/View\index\index.html"  on line 953 "&lt;input class=&quot;tel24-num&quot; type=&quot;text&quot; placeholder=&quot;请输入电话号码&quot; maxlength=&quot;11&quot; onkeyup=&quot;callback.replaceNoNum(this);&quot; onfocus=&quot;callback.focusMsg(this); $(this).blur(function(){callback.blurMsg(this)})&quot;&gt;"  - Unexpected ".", expected one of: "}" , " "

[ 2017-11-03T16:49:26+08:00 ] 127.0.0.1 /index.php/Home/index
ERR: Syntax Error in template "D:/phpStudy/WWW/buniessProject/Project/Home/View\index\index.html"  on line 953 "&lt;input class=&quot;tel24-num&quot; type=&quot;text&quot; placeholder=&quot;请输入电话号码&quot; maxlength=&quot;11&quot; onkeyup=&quot;callback.replaceNoNum(this);&quot; onfocus=&quot;callback.focusMsg(this); $(this).blur(function(){callback.blurMsg(this)})&quot;&gt;"  - Unexpected ".", expected one of: "}" , " "

[ 2017-11-03T16:49:54+08:00 ] 127.0.0.1 /index.php/Home/index
ERR: Syntax Error in template "D:/phpStudy/WWW/buniessProject/Project/Home/View\index\index.html"  on line 953 "&lt;input class=&quot;tel24-num&quot; type=&quot;text&quot; placeholder=&quot;请输入电话号码&quot; maxlength=&quot;11&quot; onkeyup=&quot;callback.replaceNoNum(this);&quot; onfocus=&quot;callback.focusMsg(this); $(this).blur(function(){callback.blurMsg(this)})&quot;&gt;"  - Unexpected ".", expected one of: "}" , " "

[ 2017-11-03T16:49:55+08:00 ] 127.0.0.1 /index.php/Home/index
ERR: Syntax Error in template "D:/phpStudy/WWW/buniessProject/Project/Home/View\index\index.html"  on line 953 "&lt;input class=&quot;tel24-num&quot; type=&quot;text&quot; placeholder=&quot;请输入电话号码&quot; maxlength=&quot;11&quot; onkeyup=&quot;callback.replaceNoNum(this);&quot; onfocus=&quot;callback.focusMsg(this); $(this).blur(function(){callback.blurMsg(this)})&quot;&gt;"  - Unexpected ".", expected one of: "}" , " "

[ 2017-11-03T16:49:55+08:00 ] 127.0.0.1 /index.php/Home/index
ERR: Syntax Error in template "D:/phpStudy/WWW/buniessProject/Project/Home/View\index\index.html"  on line 953 "&lt;input class=&quot;tel24-num&quot; type=&quot;text&quot; placeholder=&quot;请输入电话号码&quot; maxlength=&quot;11&quot; onkeyup=&quot;callback.replaceNoNum(this);&quot; onfocus=&quot;callback.focusMsg(this); $(this).blur(function(){callback.blurMsg(this)})&quot;&gt;"  - Unexpected ".", expected one of: "}" , " "

[ 2017-11-03T16:49:55+08:00 ] 127.0.0.1 /index.php/Home/index
ERR: Syntax Error in template "D:/phpStudy/WWW/buniessProject/Project/Home/View\index\index.html"  on line 953 "&lt;input class=&quot;tel24-num&quot; type=&quot;text&quot; placeholder=&quot;请输入电话号码&quot; maxlength=&quot;11&quot; onkeyup=&quot;callback.replaceNoNum(this);&quot; onfocus=&quot;callback.focusMsg(this); $(this).blur(function(){callback.blurMsg(this)})&quot;&gt;"  - Unexpected ".", expected one of: "}" , " "

